<?xml version="1.0" encoding="UTF-8"?>
<!-- Generated by org.testng.reporters.JUnitXMLReporter -->
<testsuite ignored="0" hostname="VLz" failures="5" tests="21" name="Dashboard Tests" time="214.236" errors="0" timestamp="2025-08-28T01:25:11 WIB">
  <testcase classname="com.juaracoding.tajuaracoding.Dashboard.DashboardTest" name="VerificationDashboardTest" time="2.782"/>
  <testcase classname="com.juaracoding.tajuaracoding.Dashboard.PendingDashboardTest" name="DateRangeFilterTest" time="10.247"/>
  <testcase classname="com.juaracoding.tajuaracoding.Dashboard.PendingDashboardTest" name="InvalidDateTest" time="5.834"/>
  <testcase classname="com.juaracoding.tajuaracoding.Dashboard.PendingDashboardTest" name="Negative_v1cutisearchTest" time="5.683"/>
  <testcase classname="com.juaracoding.tajuaracoding.Dashboard.PendingDashboardTest" name="Negative_v1koreksisearchTest" time="2.027">
    <failure type="org.openqa.selenium.ElementNotInteractableException" message="Element &amp;lt;a class=&amp;quot;MuiTypography-root MuiTypography-inherit MuiLink-root MuiLink-underlineNone css-1uhr7d7&amp;quot; href=&amp;quot;/admin/v1-koreksi/cc46aad6-9821-4b1b-af9a-b75bff68de0f?start_date=2025-08-01&amp;amp;end_date=2025-08-28&amp;amp;fullname=Hadir SQA Testing 2&amp;quot;&amp;gt; could not be scrolled into view
Build info: version: &amp;apos;4.34.0&amp;apos;, revision: &amp;apos;707dcb4246*&amp;apos;
System info: os.name: &amp;apos;Windows 11&amp;apos;, os.arch: &amp;apos;amd64&amp;apos;, os.version: &amp;apos;10.0&amp;apos;, java.version: &amp;apos;21.0.8&amp;apos;
Driver info: org.openqa.selenium.firefox.FirefoxDriver
Command: [96a76f1a-348e-48ce-885e-7f70a57b019b, clickElement {id=59fb1627-1c9a-4ad8-8a9d-3847cddce0d6}]
Capabilities {acceptInsecureCerts: true, browserName: firefox, browserVersion: 142.0.1, moz:accessibilityChecks: false, moz:buildID: 20250827004350, moz:geckodriverVersion: 0.36.0, moz:headless: true, moz:platformVersion: 10.0, moz:processID: 44312, moz:profile: C:\Users\adire\AppData\Loca..., moz:shutdownTimeout: 60000, moz:webdriverClick: true, moz:windowless: false, pageLoadStrategy: normal, platformName: windows, proxy: Proxy(), setWindowRect: true, strictFileInteractability: false, timeouts: {implicit: 0, pageLoad: 300000, script: 30000}, unhandledPromptBehavior: dismiss and notify, userAgent: Mozilla/5.0 (Windows NT 10....}
Element: [[FirefoxDriver: firefox on windows (96a76f1a-348e-48ce-885e-7f70a57b019b)] -&amp;gt; xpath: //p[normalize-space()=&amp;apos;Koreksi&amp;apos;]/following::table[@aria-label=&amp;apos;simple table&amp;apos;][1]//a[h6[contains(text(),&amp;apos;Hadir SQA Testing 2&amp;apos;)]]]
Session ID: 96a76f1a-348e-48ce-885e-7f70a57b019b">
      <![CDATA[org.openqa.selenium.ElementNotInteractableException: Element <a class="MuiTypography-root MuiTypography-inherit MuiLink-root MuiLink-underlineNone css-1uhr7d7" href="/admin/v1-koreksi/cc46aad6-9821-4b1b-af9a-b75bff68de0f?start_date=2025-08-01&end_date=2025-08-28&fullname=Hadir SQA Testing 2"> could not be scrolled into view
Build info: version: '4.34.0', revision: '707dcb4246*'
System info: os.name: 'Windows 11', os.arch: 'amd64', os.version: '10.0', java.version: '21.0.8'
Driver info: org.openqa.selenium.firefox.FirefoxDriver
Command: [96a76f1a-348e-48ce-885e-7f70a57b019b, clickElement {id=59fb1627-1c9a-4ad8-8a9d-3847cddce0d6}]
Capabilities {acceptInsecureCerts: true, browserName: firefox, browserVersion: 142.0.1, moz:accessibilityChecks: false, moz:buildID: 20250827004350, moz:geckodriverVersion: 0.36.0, moz:headless: true, moz:platformVersion: 10.0, moz:processID: 44312, moz:profile: C:\Users\adire\AppData\Loca..., moz:shutdownTimeout: 60000, moz:webdriverClick: true, moz:windowless: false, pageLoadStrategy: normal, platformName: windows, proxy: Proxy(), setWindowRect: true, strictFileInteractability: false, timeouts: {implicit: 0, pageLoad: 300000, script: 30000}, unhandledPromptBehavior: dismiss and notify, userAgent: Mozilla/5.0 (Windows NT 10....}
Element: [[FirefoxDriver: firefox on windows (96a76f1a-348e-48ce-885e-7f70a57b019b)] -> xpath: //p[normalize-space()='Koreksi']/following::table[@aria-label='simple table'][1]//a[h6[contains(text(),'Hadir SQA Testing 2')]]]
Session ID: 96a76f1a-348e-48ce-885e-7f70a57b019b
at org.openqa.selenium.remote.ErrorCodec.decode(ErrorCodec.java:167)
at org.openqa.selenium.remote.codec.w3c.W3CHttpResponseCodec.decode(W3CHttpResponseCodec.java:138)
at org.openqa.selenium.remote.codec.w3c.W3CHttpResponseCodec.decode(W3CHttpResponseCodec.java:50)
at org.openqa.selenium.remote.HttpCommandExecutor.execute(HttpCommandExecutor.java:215)
at org.openqa.selenium.remote.service.DriverCommandExecutor.invokeExecute(DriverCommandExecutor.java:216)
at org.openqa.selenium.remote.service.DriverCommandExecutor.execute(DriverCommandExecutor.java:174)
at org.openqa.selenium.remote.RemoteWebDriver.execute(RemoteWebDriver.java:544)
at org.openqa.selenium.remote.RemoteWebElement.execute(RemoteWebElement.java:223)
at org.openqa.selenium.remote.RemoteWebElement.click(RemoteWebElement.java:76)
at com.juaracoding.tajuaracoding.pages.dashboard.DashBoardPage.clickuplinerkoreksi(DashBoardPage.java:193)
at com.juaracoding.tajuaracoding.Dashboard.PendingDashboardTest.Negative_v1koreksisearchTest(PendingDashboardTest.java:552)
at java.base/java.util.ArrayList.forEach(ArrayList.java:1596)
... Removed 32 stack frames]]>
    </failure>
  </testcase> <!-- Negative_v1koreksisearchTest -->
  <testcase classname="com.juaracoding.tajuaracoding.Dashboard.PendingDashboardTest" name="Negative_v1lembursearchTest" time="5.929"/>
  <testcase classname="com.juaracoding.tajuaracoding.Dashboard.PendingDashboardTest" name="NullEndDateTest" time="5.76"/>
  <testcase classname="com.juaracoding.tajuaracoding.Dashboard.PendingDashboardTest" name="NullStartDateTest" time="5.794"/>
  <testcase classname="com.juaracoding.tajuaracoding.Dashboard.PendingDashboardTest" name="Positive_v1cutisearchTest" time="5.942"/>
  <testcase classname="com.juaracoding.tajuaracoding.Dashboard.PendingDashboardTest" name="Positive_v1koreksisearchTest" time="2.036">
    <failure type="org.openqa.selenium.ElementNotInteractableException" message="Element &amp;lt;a class=&amp;quot;MuiTypography-root MuiTypography-inherit MuiLink-root MuiLink-underlineNone css-1uhr7d7&amp;quot; href=&amp;quot;/admin/v1-koreksi/cc46aad6-9821-4b1b-af9a-b75bff68de0f?start_date=2025-08-01&amp;amp;end_date=2025-08-28&amp;amp;fullname=Hadir SQA Testing 2&amp;quot;&amp;gt; could not be scrolled into view
Build info: version: &amp;apos;4.34.0&amp;apos;, revision: &amp;apos;707dcb4246*&amp;apos;
System info: os.name: &amp;apos;Windows 11&amp;apos;, os.arch: &amp;apos;amd64&amp;apos;, os.version: &amp;apos;10.0&amp;apos;, java.version: &amp;apos;21.0.8&amp;apos;
Driver info: org.openqa.selenium.firefox.FirefoxDriver
Command: [66ceb0ae-7c0d-4790-afcd-2ae4b74e320f, clickElement {id=867d2823-5b59-43a0-8d60-70acbb89a5a7}]
Capabilities {acceptInsecureCerts: true, browserName: firefox, browserVersion: 142.0.1, moz:accessibilityChecks: false, moz:buildID: 20250827004350, moz:geckodriverVersion: 0.36.0, moz:headless: true, moz:platformVersion: 10.0, moz:processID: 12940, moz:profile: C:\Users\adire\AppData\Loca..., moz:shutdownTimeout: 60000, moz:webdriverClick: true, moz:windowless: false, pageLoadStrategy: normal, platformName: windows, proxy: Proxy(), setWindowRect: true, strictFileInteractability: false, timeouts: {implicit: 0, pageLoad: 300000, script: 30000}, unhandledPromptBehavior: dismiss and notify, userAgent: Mozilla/5.0 (Windows NT 10....}
Element: [[FirefoxDriver: firefox on windows (66ceb0ae-7c0d-4790-afcd-2ae4b74e320f)] -&amp;gt; xpath: //p[normalize-space()=&amp;apos;Koreksi&amp;apos;]/following::table[@aria-label=&amp;apos;simple table&amp;apos;][1]//a[h6[contains(text(),&amp;apos;Hadir SQA Testing 2&amp;apos;)]]]
Session ID: 66ceb0ae-7c0d-4790-afcd-2ae4b74e320f">
      <![CDATA[org.openqa.selenium.ElementNotInteractableException: Element <a class="MuiTypography-root MuiTypography-inherit MuiLink-root MuiLink-underlineNone css-1uhr7d7" href="/admin/v1-koreksi/cc46aad6-9821-4b1b-af9a-b75bff68de0f?start_date=2025-08-01&end_date=2025-08-28&fullname=Hadir SQA Testing 2"> could not be scrolled into view
Build info: version: '4.34.0', revision: '707dcb4246*'
System info: os.name: 'Windows 11', os.arch: 'amd64', os.version: '10.0', java.version: '21.0.8'
Driver info: org.openqa.selenium.firefox.FirefoxDriver
Command: [66ceb0ae-7c0d-4790-afcd-2ae4b74e320f, clickElement {id=867d2823-5b59-43a0-8d60-70acbb89a5a7}]
Capabilities {acceptInsecureCerts: true, browserName: firefox, browserVersion: 142.0.1, moz:accessibilityChecks: false, moz:buildID: 20250827004350, moz:geckodriverVersion: 0.36.0, moz:headless: true, moz:platformVersion: 10.0, moz:processID: 12940, moz:profile: C:\Users\adire\AppData\Loca..., moz:shutdownTimeout: 60000, moz:webdriverClick: true, moz:windowless: false, pageLoadStrategy: normal, platformName: windows, proxy: Proxy(), setWindowRect: true, strictFileInteractability: false, timeouts: {implicit: 0, pageLoad: 300000, script: 30000}, unhandledPromptBehavior: dismiss and notify, userAgent: Mozilla/5.0 (Windows NT 10....}
Element: [[FirefoxDriver: firefox on windows (66ceb0ae-7c0d-4790-afcd-2ae4b74e320f)] -> xpath: //p[normalize-space()='Koreksi']/following::table[@aria-label='simple table'][1]//a[h6[contains(text(),'Hadir SQA Testing 2')]]]
Session ID: 66ceb0ae-7c0d-4790-afcd-2ae4b74e320f
at org.openqa.selenium.remote.ErrorCodec.decode(ErrorCodec.java:167)
at org.openqa.selenium.remote.codec.w3c.W3CHttpResponseCodec.decode(W3CHttpResponseCodec.java:138)
at org.openqa.selenium.remote.codec.w3c.W3CHttpResponseCodec.decode(W3CHttpResponseCodec.java:50)
at org.openqa.selenium.remote.HttpCommandExecutor.execute(HttpCommandExecutor.java:215)
at org.openqa.selenium.remote.service.DriverCommandExecutor.invokeExecute(DriverCommandExecutor.java:216)
at org.openqa.selenium.remote.service.DriverCommandExecutor.execute(DriverCommandExecutor.java:174)
at org.openqa.selenium.remote.RemoteWebDriver.execute(RemoteWebDriver.java:544)
at org.openqa.selenium.remote.RemoteWebElement.execute(RemoteWebElement.java:223)
at org.openqa.selenium.remote.RemoteWebElement.click(RemoteWebElement.java:76)
at com.juaracoding.tajuaracoding.pages.dashboard.DashBoardPage.clickuplinerkoreksi(DashBoardPage.java:193)
at com.juaracoding.tajuaracoding.Dashboard.PendingDashboardTest.Positive_v1koreksisearchTest(PendingDashboardTest.java:535)
at java.base/java.util.ArrayList.forEach(ArrayList.java:1596)
... Removed 32 stack frames]]>
    </failure>
  </testcase> <!-- Positive_v1koreksisearchTest -->
  <testcase classname="com.juaracoding.tajuaracoding.Dashboard.PendingDashboardTest" name="Positive_v1lembursearchTest" time="5.944"/>
  <testcase classname="com.juaracoding.tajuaracoding.Dashboard.PendingDashboardTest" name="negativeTestFilterByUnit" time="9.075">
    <failure type="java.lang.AssertionError" message="Seharusnya tabel kosong ketika unit tidak ditemukan expected [0] but found [12]">
      <![CDATA[java.lang.AssertionError: Seharusnya tabel kosong ketika unit tidak ditemukan expected [0] but found [12]
at com.juaracoding.tajuaracoding.Dashboard.PendingDashboardTest.negativeTestFilterByUnit(PendingDashboardTest.java:306)
at java.base/java.util.ArrayList.forEach(ArrayList.java:1596)
... Removed 35 stack frames]]>
    </failure>
  </testcase> <!-- negativeTestFilterByUnit -->
  <testcase classname="com.juaracoding.tajuaracoding.Dashboard.PendingDashboardTest" name="positiveFilterByUnitTest" time="10.157"/>
  <testcase classname="com.juaracoding.tajuaracoding.Dashboard.PendingDashboardTest" name="reset_v1cutisearchTest" time="7.217"/>
  <testcase classname="com.juaracoding.tajuaracoding.Dashboard.PendingDashboardTest" name="reset_v1koreksisearchTest" time="2.029">
    <failure type="org.openqa.selenium.ElementNotInteractableException" message="Element &amp;lt;a class=&amp;quot;MuiTypography-root MuiTypography-inherit MuiLink-root MuiLink-underlineNone css-1uhr7d7&amp;quot; href=&amp;quot;/admin/v1-koreksi/cc46aad6-9821-4b1b-af9a-b75bff68de0f?start_date=2025-08-01&amp;amp;end_date=2025-08-28&amp;amp;fullname=Hadir SQA Testing 2&amp;quot;&amp;gt; could not be scrolled into view
Build info: version: &amp;apos;4.34.0&amp;apos;, revision: &amp;apos;707dcb4246*&amp;apos;
System info: os.name: &amp;apos;Windows 11&amp;apos;, os.arch: &amp;apos;amd64&amp;apos;, os.version: &amp;apos;10.0&amp;apos;, java.version: &amp;apos;21.0.8&amp;apos;
Driver info: org.openqa.selenium.firefox.FirefoxDriver
Command: [4f9f243e-f17e-4607-abfd-1e7263aaa93b, clickElement {id=4eb93add-75c0-4b24-acdf-e681f5647470}]
Capabilities {acceptInsecureCerts: true, browserName: firefox, browserVersion: 142.0.1, moz:accessibilityChecks: false, moz:buildID: 20250827004350, moz:geckodriverVersion: 0.36.0, moz:headless: true, moz:platformVersion: 10.0, moz:processID: 44984, moz:profile: C:\Users\adire\AppData\Loca..., moz:shutdownTimeout: 60000, moz:webdriverClick: true, moz:windowless: false, pageLoadStrategy: normal, platformName: windows, proxy: Proxy(), setWindowRect: true, strictFileInteractability: false, timeouts: {implicit: 0, pageLoad: 300000, script: 30000}, unhandledPromptBehavior: dismiss and notify, userAgent: Mozilla/5.0 (Windows NT 10....}
Element: [[FirefoxDriver: firefox on windows (4f9f243e-f17e-4607-abfd-1e7263aaa93b)] -&amp;gt; xpath: //p[normalize-space()=&amp;apos;Koreksi&amp;apos;]/following::table[@aria-label=&amp;apos;simple table&amp;apos;][1]//a[h6[contains(text(),&amp;apos;Hadir SQA Testing 2&amp;apos;)]]]
Session ID: 4f9f243e-f17e-4607-abfd-1e7263aaa93b">
      <![CDATA[org.openqa.selenium.ElementNotInteractableException: Element <a class="MuiTypography-root MuiTypography-inherit MuiLink-root MuiLink-underlineNone css-1uhr7d7" href="/admin/v1-koreksi/cc46aad6-9821-4b1b-af9a-b75bff68de0f?start_date=2025-08-01&end_date=2025-08-28&fullname=Hadir SQA Testing 2"> could not be scrolled into view
Build info: version: '4.34.0', revision: '707dcb4246*'
System info: os.name: 'Windows 11', os.arch: 'amd64', os.version: '10.0', java.version: '21.0.8'
Driver info: org.openqa.selenium.firefox.FirefoxDriver
Command: [4f9f243e-f17e-4607-abfd-1e7263aaa93b, clickElement {id=4eb93add-75c0-4b24-acdf-e681f5647470}]
Capabilities {acceptInsecureCerts: true, browserName: firefox, browserVersion: 142.0.1, moz:accessibilityChecks: false, moz:buildID: 20250827004350, moz:geckodriverVersion: 0.36.0, moz:headless: true, moz:platformVersion: 10.0, moz:processID: 44984, moz:profile: C:\Users\adire\AppData\Loca..., moz:shutdownTimeout: 60000, moz:webdriverClick: true, moz:windowless: false, pageLoadStrategy: normal, platformName: windows, proxy: Proxy(), setWindowRect: true, strictFileInteractability: false, timeouts: {implicit: 0, pageLoad: 300000, script: 30000}, unhandledPromptBehavior: dismiss and notify, userAgent: Mozilla/5.0 (Windows NT 10....}
Element: [[FirefoxDriver: firefox on windows (4f9f243e-f17e-4607-abfd-1e7263aaa93b)] -> xpath: //p[normalize-space()='Koreksi']/following::table[@aria-label='simple table'][1]//a[h6[contains(text(),'Hadir SQA Testing 2')]]]
Session ID: 4f9f243e-f17e-4607-abfd-1e7263aaa93b
at org.openqa.selenium.remote.ErrorCodec.decode(ErrorCodec.java:167)
at org.openqa.selenium.remote.codec.w3c.W3CHttpResponseCodec.decode(W3CHttpResponseCodec.java:138)
at org.openqa.selenium.remote.codec.w3c.W3CHttpResponseCodec.decode(W3CHttpResponseCodec.java:50)
at org.openqa.selenium.remote.HttpCommandExecutor.execute(HttpCommandExecutor.java:215)
at org.openqa.selenium.remote.service.DriverCommandExecutor.invokeExecute(DriverCommandExecutor.java:216)
at org.openqa.selenium.remote.service.DriverCommandExecutor.execute(DriverCommandExecutor.java:174)
at org.openqa.selenium.remote.RemoteWebDriver.execute(RemoteWebDriver.java:544)
at org.openqa.selenium.remote.RemoteWebElement.execute(RemoteWebElement.java:223)
at org.openqa.selenium.remote.RemoteWebElement.click(RemoteWebElement.java:76)
at com.juaracoding.tajuaracoding.pages.dashboard.DashBoardPage.clickuplinerkoreksi(DashBoardPage.java:193)
at com.juaracoding.tajuaracoding.Dashboard.PendingDashboardTest.reset_v1koreksisearchTest(PendingDashboardTest.java:574)
at java.base/java.util.ArrayList.forEach(ArrayList.java:1596)
... Removed 32 stack frames]]>
    </failure>
  </testcase> <!-- reset_v1koreksisearchTest -->
  <testcase classname="com.juaracoding.tajuaracoding.Dashboard.PendingDashboardTest" name="reset_v1lembursearchTest" time="7.159"/>
  <testcase classname="com.juaracoding.tajuaracoding.Dashboard.PendingDashboardTest" name="resetfilterTest" time="15.007"/>
  <testcase classname="com.juaracoding.tajuaracoding.Dashboard.PendingDashboardTest" name="testVerifyPage" time="2.048"/>
  <testcase classname="com.juaracoding.tajuaracoding.Dashboard.PendingDashboardTest" name="validator1LemburTest" time="2.816"/>
  <testcase classname="com.juaracoding.tajuaracoding.Dashboard.PendingDashboardTest" name="validator1cutiTest" time="2.837"/>
  <testcase classname="com.juaracoding.tajuaracoding.Dashboard.PendingDashboardTest" name="validator1koreksiTest" time="2.03">
    <failure type="org.openqa.selenium.ElementNotInteractableException" message="Element &amp;lt;a class=&amp;quot;MuiTypography-root MuiTypography-inherit MuiLink-root MuiLink-underlineNone css-1uhr7d7&amp;quot; href=&amp;quot;/admin/v1-koreksi/cc46aad6-9821-4b1b-af9a-b75bff68de0f?start_date=2025-08-01&amp;amp;end_date=2025-08-28&amp;amp;fullname=Hadir SQA Testing 2&amp;quot;&amp;gt; could not be scrolled into view
Build info: version: &amp;apos;4.34.0&amp;apos;, revision: &amp;apos;707dcb4246*&amp;apos;
System info: os.name: &amp;apos;Windows 11&amp;apos;, os.arch: &amp;apos;amd64&amp;apos;, os.version: &amp;apos;10.0&amp;apos;, java.version: &amp;apos;21.0.8&amp;apos;
Driver info: org.openqa.selenium.firefox.FirefoxDriver
Command: [a034f2ec-35a4-418c-8f05-83a5ed1943d0, clickElement {id=f2a3bcfd-14a2-40a7-b8d0-061be0150680}]
Capabilities {acceptInsecureCerts: true, browserName: firefox, browserVersion: 142.0.1, moz:accessibilityChecks: false, moz:buildID: 20250827004350, moz:geckodriverVersion: 0.36.0, moz:headless: true, moz:platformVersion: 10.0, moz:processID: 41348, moz:profile: C:\Users\adire\AppData\Loca..., moz:shutdownTimeout: 60000, moz:webdriverClick: true, moz:windowless: false, pageLoadStrategy: normal, platformName: windows, proxy: Proxy(), setWindowRect: true, strictFileInteractability: false, timeouts: {implicit: 0, pageLoad: 300000, script: 30000}, unhandledPromptBehavior: dismiss and notify, userAgent: Mozilla/5.0 (Windows NT 10....}
Element: [[FirefoxDriver: firefox on windows (a034f2ec-35a4-418c-8f05-83a5ed1943d0)] -&amp;gt; xpath: //p[normalize-space()=&amp;apos;Koreksi&amp;apos;]/following::table[@aria-label=&amp;apos;simple table&amp;apos;][1]//a[h6[contains(text(),&amp;apos;Hadir SQA Testing 2&amp;apos;)]]]
Session ID: a034f2ec-35a4-418c-8f05-83a5ed1943d0">
      <![CDATA[org.openqa.selenium.ElementNotInteractableException: Element <a class="MuiTypography-root MuiTypography-inherit MuiLink-root MuiLink-underlineNone css-1uhr7d7" href="/admin/v1-koreksi/cc46aad6-9821-4b1b-af9a-b75bff68de0f?start_date=2025-08-01&end_date=2025-08-28&fullname=Hadir SQA Testing 2"> could not be scrolled into view
Build info: version: '4.34.0', revision: '707dcb4246*'
System info: os.name: 'Windows 11', os.arch: 'amd64', os.version: '10.0', java.version: '21.0.8'
Driver info: org.openqa.selenium.firefox.FirefoxDriver
Command: [a034f2ec-35a4-418c-8f05-83a5ed1943d0, clickElement {id=f2a3bcfd-14a2-40a7-b8d0-061be0150680}]
Capabilities {acceptInsecureCerts: true, browserName: firefox, browserVersion: 142.0.1, moz:accessibilityChecks: false, moz:buildID: 20250827004350, moz:geckodriverVersion: 0.36.0, moz:headless: true, moz:platformVersion: 10.0, moz:processID: 41348, moz:profile: C:\Users\adire\AppData\Loca..., moz:shutdownTimeout: 60000, moz:webdriverClick: true, moz:windowless: false, pageLoadStrategy: normal, platformName: windows, proxy: Proxy(), setWindowRect: true, strictFileInteractability: false, timeouts: {implicit: 0, pageLoad: 300000, script: 30000}, unhandledPromptBehavior: dismiss and notify, userAgent: Mozilla/5.0 (Windows NT 10....}
Element: [[FirefoxDriver: firefox on windows (a034f2ec-35a4-418c-8f05-83a5ed1943d0)] -> xpath: //p[normalize-space()='Koreksi']/following::table[@aria-label='simple table'][1]//a[h6[contains(text(),'Hadir SQA Testing 2')]]]
Session ID: a034f2ec-35a4-418c-8f05-83a5ed1943d0
at org.openqa.selenium.remote.ErrorCodec.decode(ErrorCodec.java:167)
at org.openqa.selenium.remote.codec.w3c.W3CHttpResponseCodec.decode(W3CHttpResponseCodec.java:138)
at org.openqa.selenium.remote.codec.w3c.W3CHttpResponseCodec.decode(W3CHttpResponseCodec.java:50)
at org.openqa.selenium.remote.HttpCommandExecutor.execute(HttpCommandExecutor.java:215)
at org.openqa.selenium.remote.service.DriverCommandExecutor.invokeExecute(DriverCommandExecutor.java:216)
at org.openqa.selenium.remote.service.DriverCommandExecutor.execute(DriverCommandExecutor.java:174)
at org.openqa.selenium.remote.RemoteWebDriver.execute(RemoteWebDriver.java:544)
at org.openqa.selenium.remote.RemoteWebElement.execute(RemoteWebElement.java:223)
at org.openqa.selenium.remote.RemoteWebElement.click(RemoteWebElement.java:76)
at com.juaracoding.tajuaracoding.pages.dashboard.DashBoardPage.clickuplinerkoreksi(DashBoardPage.java:193)
at com.juaracoding.tajuaracoding.Dashboard.PendingDashboardTest.validator1koreksiTest(PendingDashboardTest.java:174)
at java.base/java.util.ArrayList.forEach(ArrayList.java:1596)
... Removed 32 stack frames]]>
    </failure>
  </testcase> <!-- validator1koreksiTest -->
</testsuite> <!-- Dashboard Tests -->
