<html>
<head>
<title>TestNG:  Dashboard Tests</title>
<link href="../testng.css" rel="stylesheet" type="text/css" />
<link href="../my-testng.css" rel="stylesheet" type="text/css" />

<style type="text/css">
.log { display: none;} 
.stack-trace { display: none;} 
</style>
<script type="text/javascript">
<!--
function flip(e) {
  current = e.style.display;
  if (current == 'block') {
    e.style.display = 'none';
    return 0;
  }
  else {
    e.style.display = 'block';
    return 1;
  }
}

function toggleBox(szDivId, elem, msg1, msg2)
{
  var res = -1;  if (document.getElementById) {
    res = flip(document.getElementById(szDivId));
  }
  else if (document.all) {
    // this is the way old msie versions work
    res = flip(document.all[szDivId]);
  }
  if(elem) {
    if(res == 0) elem.innerHTML = msg1; else elem.innerHTML = msg2;
  }

}

function toggleAllBoxes() {
  if (document.getElementsByTagName) {
    d = document.getElementsByTagName('div');
    for (i = 0; i < d.length; i++) {
      if (d[i].className == 'log') {
        flip(d[i]);
      }
    }
  }
}

// -->
</script>

</head>
<body>
<h2 align='center'>Dashboard Tests</h2><table border='1' align="center">
<tr>
<td>Tests passed/Failed/Skipped:</td><td>15/5/0</td>
</tr><tr>
<td>Started on:</td><td>Wed Aug 27 16:26:24 WIB 2025</td>
</tr>
<tr><td>Total time:</td><td>220 seconds (220969 ms)</td>
</tr><tr>
<td>Included groups:</td><td></td>
</tr><tr>
<td>Excluded groups:</td><td></td>
</tr>
</table><p/>
<small><i>(Hover the method name to see the test class name)</i></small><p/>
<table width='100%' border='1' class='invocation-failed'>
<tr><td colspan='4' align='center'><b>FAILED TESTS</b></td></tr>
<tr><td><b>Test method</b></td>
<td><b>Attribute(s)</b></td>
<td width="30%"><b>Exception</b></td>
<td width="10%"><b>Time (seconds)</b></td>
<td><b>Instance</b></td>
</tr>
<tr>
<td title='com.juaracoding.tajuaracoding.Dashboard.PendingDashboardTest.reset_v1koreksisearchTest()'><b>reset_v1koreksisearchTest</b><br>Test class: com.juaracoding.tajuaracoding.Dashboard.PendingDashboardTest</td>
<td><div><pre>org.openqa.selenium.ElementNotInteractableException: Element &lt;a class=&quot;MuiTypography-root MuiTypography-inherit MuiLink-root MuiLink-underlineNone css-1uhr7d7&quot; href=&quot;/admin/v1-koreksi/cc46aad6-9821-4b1b-af9a-b75bff68de0f?start_date=2025-08-01&amp;end_date=2025-08-27&amp;fullname=Hadir SQA Testing 2&quot;&gt; could not be scrolled into view
Build info: version: &apos;4.34.0&apos;, revision: &apos;707dcb4246*&apos;
System info: os.name: &apos;Windows 11&apos;, os.arch: &apos;amd64&apos;, os.version: &apos;10.0&apos;, java.version: &apos;21.0.8&apos;
Driver info: org.openqa.selenium.firefox.FirefoxDriver
Command: [e6099d8a-200f-4227-b1d4-5e6932fc73e3, clickElement {id=e8406f32-7471-44fb-a76c-d24853f14aca}]
Capabilities {acceptInsecureCerts: true, browserName: firefox, browserVersion: 142.0, moz:accessibilityChecks: false, moz:buildID: 20250811145442, moz:geckodriverVersion: 0.36.0, moz:headless: true, moz:platformVersion: 10.0, moz:processID: 38476, moz:profile: C:\Users\adire\AppData\Loca..., moz:shutdownTimeout: 60000, moz:webdriverClick: true, moz:windowless: false, pageLoadStrategy: normal, platformName: windows, proxy: Proxy(), setWindowRect: true, strictFileInteractability: false, timeouts: {implicit: 0, pageLoad: 300000, script: 30000}, unhandledPromptBehavior: dismiss and notify, userAgent: Mozilla/5.0 (Windows NT 10....}
Element: [[FirefoxDriver: firefox on windows (e6099d8a-200f-4227-b1d4-5e6932fc73e3)] -&gt; xpath: //p[normalize-space()=&apos;Koreksi&apos;]/following::table[@aria-label=&apos;simple table&apos;][1]//a[h6[contains(text(),&apos;Hadir SQA Testing 2&apos;)]]]
Session ID: e6099d8a-200f-4227-b1d4-5e6932fc73e3
	at org.openqa.selenium.remote.ErrorCodec.decode(ErrorCodec.java:167)
	at org.openqa.selenium.remote.codec.w3c.W3CHttpResponseCodec.decode(W3CHttpResponseCodec.java:138)
	at org.openqa.selenium.remote.codec.w3c.W3CHttpResponseCodec.decode(W3CHttpResponseCodec.java:50)
	at org.openqa.selenium.remote.HttpCommandExecutor.execute(HttpCommandExecutor.java:215)
	at org.openqa.selenium.remote.service.DriverCommandExecutor.invokeExecute(DriverCommandExecutor.java:216)
	at org.openqa.selenium.remote.service.DriverCommandExecutor.execute(DriverCommandExecutor.java:174)
	at org.openqa.selenium.remote.RemoteWebDriver.execute(RemoteWebDriver.java:544)
	at org.openqa.selenium.remote.RemoteWebElement.execute(RemoteWebElement.java:223)
	at org.openqa.selenium.remote.RemoteWebElement.click(RemoteWebElement.java:76)
	at com.juaracoding.tajuaracoding.pages.dashboard.DashBoardPage.clickuplinerkoreksi(DashBoardPage.java:192)
	at com.juaracoding.tajuaracoding.Dashboard.PendingDashboardTest.reset_v1koreksisearchTest(PendingDashboardTest.java:568)
	at java.base/java.util.ArrayList.forEach(ArrayList.java:1596)
... Removed 32 stack frames</pre></div><a href='#' onClick='toggleBox("stack-trace882192484", this, "Click to show all stack frames", "Click to hide stack frames")'>Click to show all stack frames</a>
<div class='stack-trace' id='stack-trace882192484'><pre>org.openqa.selenium.ElementNotInteractableException: Element &lt;a class=&quot;MuiTypography-root MuiTypography-inherit MuiLink-root MuiLink-underlineNone css-1uhr7d7&quot; href=&quot;/admin/v1-koreksi/cc46aad6-9821-4b1b-af9a-b75bff68de0f?start_date=2025-08-01&amp;end_date=2025-08-27&amp;fullname=Hadir SQA Testing 2&quot;&gt; could not be scrolled into view
Build info: version: &apos;4.34.0&apos;, revision: &apos;707dcb4246*&apos;
System info: os.name: &apos;Windows 11&apos;, os.arch: &apos;amd64&apos;, os.version: &apos;10.0&apos;, java.version: &apos;21.0.8&apos;
Driver info: org.openqa.selenium.firefox.FirefoxDriver
Command: [e6099d8a-200f-4227-b1d4-5e6932fc73e3, clickElement {id=e8406f32-7471-44fb-a76c-d24853f14aca}]
Capabilities {acceptInsecureCerts: true, browserName: firefox, browserVersion: 142.0, moz:accessibilityChecks: false, moz:buildID: 20250811145442, moz:geckodriverVersion: 0.36.0, moz:headless: true, moz:platformVersion: 10.0, moz:processID: 38476, moz:profile: C:\Users\adire\AppData\Loca..., moz:shutdownTimeout: 60000, moz:webdriverClick: true, moz:windowless: false, pageLoadStrategy: normal, platformName: windows, proxy: Proxy(), setWindowRect: true, strictFileInteractability: false, timeouts: {implicit: 0, pageLoad: 300000, script: 30000}, unhandledPromptBehavior: dismiss and notify, userAgent: Mozilla/5.0 (Windows NT 10....}
Element: [[FirefoxDriver: firefox on windows (e6099d8a-200f-4227-b1d4-5e6932fc73e3)] -&gt; xpath: //p[normalize-space()=&apos;Koreksi&apos;]/following::table[@aria-label=&apos;simple table&apos;][1]//a[h6[contains(text(),&apos;Hadir SQA Testing 2&apos;)]]]
Session ID: e6099d8a-200f-4227-b1d4-5e6932fc73e3
	at java.base/jdk.internal.reflect.DirectConstructorHandleAccessor.newInstance(DirectConstructorHandleAccessor.java:62)
	at java.base/java.lang.reflect.Constructor.newInstanceWithCaller(Constructor.java:502)
	at java.base/java.lang.reflect.Constructor.newInstance(Constructor.java:486)
	at org.openqa.selenium.remote.ErrorCodec.decode(ErrorCodec.java:167)
	at org.openqa.selenium.remote.codec.w3c.W3CHttpResponseCodec.decode(W3CHttpResponseCodec.java:138)
	at org.openqa.selenium.remote.codec.w3c.W3CHttpResponseCodec.decode(W3CHttpResponseCodec.java:50)
	at org.openqa.selenium.remote.HttpCommandExecutor.execute(HttpCommandExecutor.java:215)
	at org.openqa.selenium.remote.service.DriverCommandExecutor.invokeExecute(DriverCommandExecutor.java:216)
	at org.openqa.selenium.remote.service.DriverCommandExecutor.execute(DriverCommandExecutor.java:174)
	at org.openqa.selenium.remote.RemoteWebDriver.execute(RemoteWebDriver.java:544)
	at org.openqa.selenium.remote.RemoteWebElement.execute(RemoteWebElement.java:223)
	at org.openqa.selenium.remote.RemoteWebElement.click(RemoteWebElement.java:76)
	at com.juaracoding.tajuaracoding.pages.dashboard.DashBoardPage.clickuplinerkoreksi(DashBoardPage.java:192)
	at com.juaracoding.tajuaracoding.Dashboard.PendingDashboardTest.reset_v1koreksisearchTest(PendingDashboardTest.java:568)
	at java.base/jdk.internal.reflect.DirectMethodHandleAccessor.invoke(DirectMethodHandleAccessor.java:103)
	at java.base/java.lang.reflect.Method.invoke(Method.java:580)
	at org.testng.internal.invokers.MethodInvocationHelper.invokeMethod(MethodInvocationHelper.java:141)
	at org.testng.internal.invokers.TestInvoker.invokeMethod(TestInvoker.java:687)
	at org.testng.internal.invokers.TestInvoker.invokeTestMethod(TestInvoker.java:230)
	at org.testng.internal.invokers.MethodRunner.runInSequence(MethodRunner.java:63)
	at org.testng.internal.invokers.TestInvoker$MethodInvocationAgent.invoke(TestInvoker.java:995)
	at org.testng.internal.invokers.TestInvoker.invokeTestMethods(TestInvoker.java:203)
	at org.testng.internal.invokers.TestMethodWorker.invokeTestMethods(TestMethodWorker.java:154)
	at org.testng.internal.invokers.TestMethodWorker.run(TestMethodWorker.java:134)
	at java.base/java.util.ArrayList.forEach(ArrayList.java:1596)
	at org.testng.TestRunner.privateRun(TestRunner.java:741)
	at org.testng.TestRunner.run(TestRunner.java:616)
	at org.testng.SuiteRunner.runTest(SuiteRunner.java:421)
	at org.testng.SuiteRunner.runSequentially(SuiteRunner.java:413)
	at org.testng.SuiteRunner.privateRun(SuiteRunner.java:373)
	at org.testng.SuiteRunner.run(SuiteRunner.java:312)
	at org.testng.SuiteRunnerWorker.runSuite(SuiteRunnerWorker.java:52)
	at org.testng.SuiteRunnerWorker.run(SuiteRunnerWorker.java:95)
	at org.testng.TestNG.runSuitesSequentially(TestNG.java:1274)
	at org.testng.TestNG.runSuitesLocally(TestNG.java:1208)
	at org.testng.TestNG.runSuites(TestNG.java:1112)
	at org.testng.TestNG.run(TestNG.java:1079)
	at org.apache.maven.surefire.testng.TestNGExecutor.run(TestNGExecutor.java:308)
	at org.apache.maven.surefire.testng.TestNGXmlTestSuite.execute(TestNGXmlTestSuite.java:71)
	at org.apache.maven.surefire.testng.TestNGProvider.invoke(TestNGProvider.java:113)
	at org.apache.maven.surefire.booter.ForkedBooter.runSuitesInProcess(ForkedBooter.java:385)
	at org.apache.maven.surefire.booter.ForkedBooter.execute(ForkedBooter.java:162)
	at org.apache.maven.surefire.booter.ForkedBooter.run(ForkedBooter.java:507)
	at org.apache.maven.surefire.booter.ForkedBooter.main(ForkedBooter.java:495)
</pre></div></td>
<td>2</td>
<td>com.juaracoding.tajuaracoding.Dashboard.PendingDashboardTest@65e98b1c</td></tr>
<tr>
<td title='com.juaracoding.tajuaracoding.Dashboard.PendingDashboardTest.validator1koreksiTest()'><b>validator1koreksiTest</b><br>Test class: com.juaracoding.tajuaracoding.Dashboard.PendingDashboardTest</td>
<td><div><pre>org.openqa.selenium.ElementNotInteractableException: Element &lt;a class=&quot;MuiTypography-root MuiTypography-inherit MuiLink-root MuiLink-underlineNone css-1uhr7d7&quot; href=&quot;/admin/v1-koreksi/cc46aad6-9821-4b1b-af9a-b75bff68de0f?start_date=2025-08-01&amp;end_date=2025-08-27&amp;fullname=Hadir SQA Testing 2&quot;&gt; could not be scrolled into view
Build info: version: &apos;4.34.0&apos;, revision: &apos;707dcb4246*&apos;
System info: os.name: &apos;Windows 11&apos;, os.arch: &apos;amd64&apos;, os.version: &apos;10.0&apos;, java.version: &apos;21.0.8&apos;
Driver info: org.openqa.selenium.firefox.FirefoxDriver
Command: [53ca90c1-0ae4-439c-a6a9-712beb4bd6c3, clickElement {id=ad97d6f6-61e6-44db-93f1-7b58653e06aa}]
Capabilities {acceptInsecureCerts: true, browserName: firefox, browserVersion: 142.0, moz:accessibilityChecks: false, moz:buildID: 20250811145442, moz:geckodriverVersion: 0.36.0, moz:headless: true, moz:platformVersion: 10.0, moz:processID: 22876, moz:profile: C:\Users\adire\AppData\Loca..., moz:shutdownTimeout: 60000, moz:webdriverClick: true, moz:windowless: false, pageLoadStrategy: normal, platformName: windows, proxy: Proxy(), setWindowRect: true, strictFileInteractability: false, timeouts: {implicit: 0, pageLoad: 300000, script: 30000}, unhandledPromptBehavior: dismiss and notify, userAgent: Mozilla/5.0 (Windows NT 10....}
Element: [[FirefoxDriver: firefox on windows (53ca90c1-0ae4-439c-a6a9-712beb4bd6c3)] -&gt; xpath: //p[normalize-space()=&apos;Koreksi&apos;]/following::table[@aria-label=&apos;simple table&apos;][1]//a[h6[contains(text(),&apos;Hadir SQA Testing 2&apos;)]]]
Session ID: 53ca90c1-0ae4-439c-a6a9-712beb4bd6c3
	at org.openqa.selenium.remote.ErrorCodec.decode(ErrorCodec.java:167)
	at org.openqa.selenium.remote.codec.w3c.W3CHttpResponseCodec.decode(W3CHttpResponseCodec.java:138)
	at org.openqa.selenium.remote.codec.w3c.W3CHttpResponseCodec.decode(W3CHttpResponseCodec.java:50)
	at org.openqa.selenium.remote.HttpCommandExecutor.execute(HttpCommandExecutor.java:215)
	at org.openqa.selenium.remote.service.DriverCommandExecutor.invokeExecute(DriverCommandExecutor.java:216)
	at org.openqa.selenium.remote.service.DriverCommandExecutor.execute(DriverCommandExecutor.java:174)
	at org.openqa.selenium.remote.RemoteWebDriver.execute(RemoteWebDriver.java:544)
	at org.openqa.selenium.remote.RemoteWebElement.execute(RemoteWebElement.java:223)
	at org.openqa.selenium.remote.RemoteWebElement.click(RemoteWebElement.java:76)
	at com.juaracoding.tajuaracoding.pages.dashboard.DashBoardPage.clickuplinerkoreksi(DashBoardPage.java:192)
	at com.juaracoding.tajuaracoding.Dashboard.PendingDashboardTest.validator1koreksiTest(PendingDashboardTest.java:174)
	at java.base/java.util.ArrayList.forEach(ArrayList.java:1596)
... Removed 32 stack frames</pre></div><a href='#' onClick='toggleBox("stack-trace1874038437", this, "Click to show all stack frames", "Click to hide stack frames")'>Click to show all stack frames</a>
<div class='stack-trace' id='stack-trace1874038437'><pre>org.openqa.selenium.ElementNotInteractableException: Element &lt;a class=&quot;MuiTypography-root MuiTypography-inherit MuiLink-root MuiLink-underlineNone css-1uhr7d7&quot; href=&quot;/admin/v1-koreksi/cc46aad6-9821-4b1b-af9a-b75bff68de0f?start_date=2025-08-01&amp;end_date=2025-08-27&amp;fullname=Hadir SQA Testing 2&quot;&gt; could not be scrolled into view
Build info: version: &apos;4.34.0&apos;, revision: &apos;707dcb4246*&apos;
System info: os.name: &apos;Windows 11&apos;, os.arch: &apos;amd64&apos;, os.version: &apos;10.0&apos;, java.version: &apos;21.0.8&apos;
Driver info: org.openqa.selenium.firefox.FirefoxDriver
Command: [53ca90c1-0ae4-439c-a6a9-712beb4bd6c3, clickElement {id=ad97d6f6-61e6-44db-93f1-7b58653e06aa}]
Capabilities {acceptInsecureCerts: true, browserName: firefox, browserVersion: 142.0, moz:accessibilityChecks: false, moz:buildID: 20250811145442, moz:geckodriverVersion: 0.36.0, moz:headless: true, moz:platformVersion: 10.0, moz:processID: 22876, moz:profile: C:\Users\adire\AppData\Loca..., moz:shutdownTimeout: 60000, moz:webdriverClick: true, moz:windowless: false, pageLoadStrategy: normal, platformName: windows, proxy: Proxy(), setWindowRect: true, strictFileInteractability: false, timeouts: {implicit: 0, pageLoad: 300000, script: 30000}, unhandledPromptBehavior: dismiss and notify, userAgent: Mozilla/5.0 (Windows NT 10....}
Element: [[FirefoxDriver: firefox on windows (53ca90c1-0ae4-439c-a6a9-712beb4bd6c3)] -&gt; xpath: //p[normalize-space()=&apos;Koreksi&apos;]/following::table[@aria-label=&apos;simple table&apos;][1]//a[h6[contains(text(),&apos;Hadir SQA Testing 2&apos;)]]]
Session ID: 53ca90c1-0ae4-439c-a6a9-712beb4bd6c3
	at java.base/jdk.internal.reflect.DirectConstructorHandleAccessor.newInstance(DirectConstructorHandleAccessor.java:62)
	at java.base/java.lang.reflect.Constructor.newInstanceWithCaller(Constructor.java:502)
	at java.base/java.lang.reflect.Constructor.newInstance(Constructor.java:486)
	at org.openqa.selenium.remote.ErrorCodec.decode(ErrorCodec.java:167)
	at org.openqa.selenium.remote.codec.w3c.W3CHttpResponseCodec.decode(W3CHttpResponseCodec.java:138)
	at org.openqa.selenium.remote.codec.w3c.W3CHttpResponseCodec.decode(W3CHttpResponseCodec.java:50)
	at org.openqa.selenium.remote.HttpCommandExecutor.execute(HttpCommandExecutor.java:215)
	at org.openqa.selenium.remote.service.DriverCommandExecutor.invokeExecute(DriverCommandExecutor.java:216)
	at org.openqa.selenium.remote.service.DriverCommandExecutor.execute(DriverCommandExecutor.java:174)
	at org.openqa.selenium.remote.RemoteWebDriver.execute(RemoteWebDriver.java:544)
	at org.openqa.selenium.remote.RemoteWebElement.execute(RemoteWebElement.java:223)
	at org.openqa.selenium.remote.RemoteWebElement.click(RemoteWebElement.java:76)
	at com.juaracoding.tajuaracoding.pages.dashboard.DashBoardPage.clickuplinerkoreksi(DashBoardPage.java:192)
	at com.juaracoding.tajuaracoding.Dashboard.PendingDashboardTest.validator1koreksiTest(PendingDashboardTest.java:174)
	at java.base/jdk.internal.reflect.DirectMethodHandleAccessor.invoke(DirectMethodHandleAccessor.java:103)
	at java.base/java.lang.reflect.Method.invoke(Method.java:580)
	at org.testng.internal.invokers.MethodInvocationHelper.invokeMethod(MethodInvocationHelper.java:141)
	at org.testng.internal.invokers.TestInvoker.invokeMethod(TestInvoker.java:687)
	at org.testng.internal.invokers.TestInvoker.invokeTestMethod(TestInvoker.java:230)
	at org.testng.internal.invokers.MethodRunner.runInSequence(MethodRunner.java:63)
	at org.testng.internal.invokers.TestInvoker$MethodInvocationAgent.invoke(TestInvoker.java:995)
	at org.testng.internal.invokers.TestInvoker.invokeTestMethods(TestInvoker.java:203)
	at org.testng.internal.invokers.TestMethodWorker.invokeTestMethods(TestMethodWorker.java:154)
	at org.testng.internal.invokers.TestMethodWorker.run(TestMethodWorker.java:134)
	at java.base/java.util.ArrayList.forEach(ArrayList.java:1596)
	at org.testng.TestRunner.privateRun(TestRunner.java:741)
	at org.testng.TestRunner.run(TestRunner.java:616)
	at org.testng.SuiteRunner.runTest(SuiteRunner.java:421)
	at org.testng.SuiteRunner.runSequentially(SuiteRunner.java:413)
	at org.testng.SuiteRunner.privateRun(SuiteRunner.java:373)
	at org.testng.SuiteRunner.run(SuiteRunner.java:312)
	at org.testng.SuiteRunnerWorker.runSuite(SuiteRunnerWorker.java:52)
	at org.testng.SuiteRunnerWorker.run(SuiteRunnerWorker.java:95)
	at org.testng.TestNG.runSuitesSequentially(TestNG.java:1274)
	at org.testng.TestNG.runSuitesLocally(TestNG.java:1208)
	at org.testng.TestNG.runSuites(TestNG.java:1112)
	at org.testng.TestNG.run(TestNG.java:1079)
	at org.apache.maven.surefire.testng.TestNGExecutor.run(TestNGExecutor.java:308)
	at org.apache.maven.surefire.testng.TestNGXmlTestSuite.execute(TestNGXmlTestSuite.java:71)
	at org.apache.maven.surefire.testng.TestNGProvider.invoke(TestNGProvider.java:113)
	at org.apache.maven.surefire.booter.ForkedBooter.runSuitesInProcess(ForkedBooter.java:385)
	at org.apache.maven.surefire.booter.ForkedBooter.execute(ForkedBooter.java:162)
	at org.apache.maven.surefire.booter.ForkedBooter.run(ForkedBooter.java:507)
	at org.apache.maven.surefire.booter.ForkedBooter.main(ForkedBooter.java:495)
</pre></div></td>
<td>2</td>
<td>com.juaracoding.tajuaracoding.Dashboard.PendingDashboardTest@65e98b1c</td></tr>
<tr>
<td title='com.juaracoding.tajuaracoding.Dashboard.PendingDashboardTest.negativeTestFilterByUnit()'><b>negativeTestFilterByUnit</b><br>Test class: com.juaracoding.tajuaracoding.Dashboard.PendingDashboardTest</td>
<td><div><pre>java.lang.AssertionError: Seharusnya tabel kosong ketika unit tidak ditemukan expected [0] but found [12]
	at com.juaracoding.tajuaracoding.Dashboard.PendingDashboardTest.negativeTestFilterByUnit(PendingDashboardTest.java:305)
	at java.base/java.util.ArrayList.forEach(ArrayList.java:1596)
... Removed 35 stack frames</pre></div><a href='#' onClick='toggleBox("stack-trace1107828319", this, "Click to show all stack frames", "Click to hide stack frames")'>Click to show all stack frames</a>
<div class='stack-trace' id='stack-trace1107828319'><pre>java.lang.AssertionError: Seharusnya tabel kosong ketika unit tidak ditemukan expected [0] but found [12]
	at org.testng.Assert.fail(Assert.java:111)
	at org.testng.Assert.failNotEquals(Assert.java:1590)
	at org.testng.Assert.assertEqualsImpl(Assert.java:150)
	at org.testng.Assert.assertEquals(Assert.java:132)
	at org.testng.Assert.assertEquals(Assert.java:1431)
	at org.testng.Assert.assertEquals(Assert.java:1395)
	at com.juaracoding.tajuaracoding.Dashboard.PendingDashboardTest.negativeTestFilterByUnit(PendingDashboardTest.java:305)
	at java.base/jdk.internal.reflect.DirectMethodHandleAccessor.invoke(DirectMethodHandleAccessor.java:103)
	at java.base/java.lang.reflect.Method.invoke(Method.java:580)
	at org.testng.internal.invokers.MethodInvocationHelper.invokeMethod(MethodInvocationHelper.java:141)
	at org.testng.internal.invokers.TestInvoker.invokeMethod(TestInvoker.java:687)
	at org.testng.internal.invokers.TestInvoker.invokeTestMethod(TestInvoker.java:230)
	at org.testng.internal.invokers.MethodRunner.runInSequence(MethodRunner.java:63)
	at org.testng.internal.invokers.TestInvoker$MethodInvocationAgent.invoke(TestInvoker.java:995)
	at org.testng.internal.invokers.TestInvoker.invokeTestMethods(TestInvoker.java:203)
	at org.testng.internal.invokers.TestMethodWorker.invokeTestMethods(TestMethodWorker.java:154)
	at org.testng.internal.invokers.TestMethodWorker.run(TestMethodWorker.java:134)
	at java.base/java.util.ArrayList.forEach(ArrayList.java:1596)
	at org.testng.TestRunner.privateRun(TestRunner.java:741)
	at org.testng.TestRunner.run(TestRunner.java:616)
	at org.testng.SuiteRunner.runTest(SuiteRunner.java:421)
	at org.testng.SuiteRunner.runSequentially(SuiteRunner.java:413)
	at org.testng.SuiteRunner.privateRun(SuiteRunner.java:373)
	at org.testng.SuiteRunner.run(SuiteRunner.java:312)
	at org.testng.SuiteRunnerWorker.runSuite(SuiteRunnerWorker.java:52)
	at org.testng.SuiteRunnerWorker.run(SuiteRunnerWorker.java:95)
	at org.testng.TestNG.runSuitesSequentially(TestNG.java:1274)
	at org.testng.TestNG.runSuitesLocally(TestNG.java:1208)
	at org.testng.TestNG.runSuites(TestNG.java:1112)
	at org.testng.TestNG.run(TestNG.java:1079)
	at org.apache.maven.surefire.testng.TestNGExecutor.run(TestNGExecutor.java:308)
	at org.apache.maven.surefire.testng.TestNGXmlTestSuite.execute(TestNGXmlTestSuite.java:71)
	at org.apache.maven.surefire.testng.TestNGProvider.invoke(TestNGProvider.java:113)
	at org.apache.maven.surefire.booter.ForkedBooter.runSuitesInProcess(ForkedBooter.java:385)
	at org.apache.maven.surefire.booter.ForkedBooter.execute(ForkedBooter.java:162)
	at org.apache.maven.surefire.booter.ForkedBooter.run(ForkedBooter.java:507)
	at org.apache.maven.surefire.booter.ForkedBooter.main(ForkedBooter.java:495)
</pre></div></td>
<td>9</td>
<td>com.juaracoding.tajuaracoding.Dashboard.PendingDashboardTest@65e98b1c</td></tr>
<tr>
<td title='com.juaracoding.tajuaracoding.Dashboard.PendingDashboardTest.Positive_v1koreksisearchTest()'><b>Positive_v1koreksisearchTest</b><br>Test class: com.juaracoding.tajuaracoding.Dashboard.PendingDashboardTest</td>
<td><div><pre>org.openqa.selenium.ElementNotInteractableException: Element &lt;a class=&quot;MuiTypography-root MuiTypography-inherit MuiLink-root MuiLink-underlineNone css-1uhr7d7&quot; href=&quot;/admin/v1-koreksi/cc46aad6-9821-4b1b-af9a-b75bff68de0f?start_date=2025-08-01&amp;end_date=2025-08-27&amp;fullname=Hadir SQA Testing 2&quot;&gt; could not be scrolled into view
Build info: version: &apos;4.34.0&apos;, revision: &apos;707dcb4246*&apos;
System info: os.name: &apos;Windows 11&apos;, os.arch: &apos;amd64&apos;, os.version: &apos;10.0&apos;, java.version: &apos;21.0.8&apos;
Driver info: org.openqa.selenium.firefox.FirefoxDriver
Command: [8fc1f29a-95ef-4d7f-b054-57b6931343fb, clickElement {id=94b7a8a5-dcdb-4a17-902c-165549e20a82}]
Capabilities {acceptInsecureCerts: true, browserName: firefox, browserVersion: 142.0, moz:accessibilityChecks: false, moz:buildID: 20250811145442, moz:geckodriverVersion: 0.36.0, moz:headless: true, moz:platformVersion: 10.0, moz:processID: 29304, moz:profile: C:\Users\adire\AppData\Loca..., moz:shutdownTimeout: 60000, moz:webdriverClick: true, moz:windowless: false, pageLoadStrategy: normal, platformName: windows, proxy: Proxy(), setWindowRect: true, strictFileInteractability: false, timeouts: {implicit: 0, pageLoad: 300000, script: 30000}, unhandledPromptBehavior: dismiss and notify, userAgent: Mozilla/5.0 (Windows NT 10....}
Element: [[FirefoxDriver: firefox on windows (8fc1f29a-95ef-4d7f-b054-57b6931343fb)] -&gt; xpath: //p[normalize-space()=&apos;Koreksi&apos;]/following::table[@aria-label=&apos;simple table&apos;][1]//a[h6[contains(text(),&apos;Hadir SQA Testing 2&apos;)]]]
Session ID: 8fc1f29a-95ef-4d7f-b054-57b6931343fb
	at org.openqa.selenium.remote.ErrorCodec.decode(ErrorCodec.java:167)
	at org.openqa.selenium.remote.codec.w3c.W3CHttpResponseCodec.decode(W3CHttpResponseCodec.java:138)
	at org.openqa.selenium.remote.codec.w3c.W3CHttpResponseCodec.decode(W3CHttpResponseCodec.java:50)
	at org.openqa.selenium.remote.HttpCommandExecutor.execute(HttpCommandExecutor.java:215)
	at org.openqa.selenium.remote.service.DriverCommandExecutor.invokeExecute(DriverCommandExecutor.java:216)
	at org.openqa.selenium.remote.service.DriverCommandExecutor.execute(DriverCommandExecutor.java:174)
	at org.openqa.selenium.remote.RemoteWebDriver.execute(RemoteWebDriver.java:544)
	at org.openqa.selenium.remote.RemoteWebElement.execute(RemoteWebElement.java:223)
	at org.openqa.selenium.remote.RemoteWebElement.click(RemoteWebElement.java:76)
	at com.juaracoding.tajuaracoding.pages.dashboard.DashBoardPage.clickuplinerkoreksi(DashBoardPage.java:192)
	at com.juaracoding.tajuaracoding.Dashboard.PendingDashboardTest.Positive_v1koreksisearchTest(PendingDashboardTest.java:534)
	at java.base/java.util.ArrayList.forEach(ArrayList.java:1596)
... Removed 32 stack frames</pre></div><a href='#' onClick='toggleBox("stack-trace739964070", this, "Click to show all stack frames", "Click to hide stack frames")'>Click to show all stack frames</a>
<div class='stack-trace' id='stack-trace739964070'><pre>org.openqa.selenium.ElementNotInteractableException: Element &lt;a class=&quot;MuiTypography-root MuiTypography-inherit MuiLink-root MuiLink-underlineNone css-1uhr7d7&quot; href=&quot;/admin/v1-koreksi/cc46aad6-9821-4b1b-af9a-b75bff68de0f?start_date=2025-08-01&amp;end_date=2025-08-27&amp;fullname=Hadir SQA Testing 2&quot;&gt; could not be scrolled into view
Build info: version: &apos;4.34.0&apos;, revision: &apos;707dcb4246*&apos;
System info: os.name: &apos;Windows 11&apos;, os.arch: &apos;amd64&apos;, os.version: &apos;10.0&apos;, java.version: &apos;21.0.8&apos;
Driver info: org.openqa.selenium.firefox.FirefoxDriver
Command: [8fc1f29a-95ef-4d7f-b054-57b6931343fb, clickElement {id=94b7a8a5-dcdb-4a17-902c-165549e20a82}]
Capabilities {acceptInsecureCerts: true, browserName: firefox, browserVersion: 142.0, moz:accessibilityChecks: false, moz:buildID: 20250811145442, moz:geckodriverVersion: 0.36.0, moz:headless: true, moz:platformVersion: 10.0, moz:processID: 29304, moz:profile: C:\Users\adire\AppData\Loca..., moz:shutdownTimeout: 60000, moz:webdriverClick: true, moz:windowless: false, pageLoadStrategy: normal, platformName: windows, proxy: Proxy(), setWindowRect: true, strictFileInteractability: false, timeouts: {implicit: 0, pageLoad: 300000, script: 30000}, unhandledPromptBehavior: dismiss and notify, userAgent: Mozilla/5.0 (Windows NT 10....}
Element: [[FirefoxDriver: firefox on windows (8fc1f29a-95ef-4d7f-b054-57b6931343fb)] -&gt; xpath: //p[normalize-space()=&apos;Koreksi&apos;]/following::table[@aria-label=&apos;simple table&apos;][1]//a[h6[contains(text(),&apos;Hadir SQA Testing 2&apos;)]]]
Session ID: 8fc1f29a-95ef-4d7f-b054-57b6931343fb
	at java.base/jdk.internal.reflect.DirectConstructorHandleAccessor.newInstance(DirectConstructorHandleAccessor.java:62)
	at java.base/java.lang.reflect.Constructor.newInstanceWithCaller(Constructor.java:502)
	at java.base/java.lang.reflect.Constructor.newInstance(Constructor.java:486)
	at org.openqa.selenium.remote.ErrorCodec.decode(ErrorCodec.java:167)
	at org.openqa.selenium.remote.codec.w3c.W3CHttpResponseCodec.decode(W3CHttpResponseCodec.java:138)
	at org.openqa.selenium.remote.codec.w3c.W3CHttpResponseCodec.decode(W3CHttpResponseCodec.java:50)
	at org.openqa.selenium.remote.HttpCommandExecutor.execute(HttpCommandExecutor.java:215)
	at org.openqa.selenium.remote.service.DriverCommandExecutor.invokeExecute(DriverCommandExecutor.java:216)
	at org.openqa.selenium.remote.service.DriverCommandExecutor.execute(DriverCommandExecutor.java:174)
	at org.openqa.selenium.remote.RemoteWebDriver.execute(RemoteWebDriver.java:544)
	at org.openqa.selenium.remote.RemoteWebElement.execute(RemoteWebElement.java:223)
	at org.openqa.selenium.remote.RemoteWebElement.click(RemoteWebElement.java:76)
	at com.juaracoding.tajuaracoding.pages.dashboard.DashBoardPage.clickuplinerkoreksi(DashBoardPage.java:192)
	at com.juaracoding.tajuaracoding.Dashboard.PendingDashboardTest.Positive_v1koreksisearchTest(PendingDashboardTest.java:534)
	at java.base/jdk.internal.reflect.DirectMethodHandleAccessor.invoke(DirectMethodHandleAccessor.java:103)
	at java.base/java.lang.reflect.Method.invoke(Method.java:580)
	at org.testng.internal.invokers.MethodInvocationHelper.invokeMethod(MethodInvocationHelper.java:141)
	at org.testng.internal.invokers.TestInvoker.invokeMethod(TestInvoker.java:687)
	at org.testng.internal.invokers.TestInvoker.invokeTestMethod(TestInvoker.java:230)
	at org.testng.internal.invokers.MethodRunner.runInSequence(MethodRunner.java:63)
	at org.testng.internal.invokers.TestInvoker$MethodInvocationAgent.invoke(TestInvoker.java:995)
	at org.testng.internal.invokers.TestInvoker.invokeTestMethods(TestInvoker.java:203)
	at org.testng.internal.invokers.TestMethodWorker.invokeTestMethods(TestMethodWorker.java:154)
	at org.testng.internal.invokers.TestMethodWorker.run(TestMethodWorker.java:134)
	at java.base/java.util.ArrayList.forEach(ArrayList.java:1596)
	at org.testng.TestRunner.privateRun(TestRunner.java:741)
	at org.testng.TestRunner.run(TestRunner.java:616)
	at org.testng.SuiteRunner.runTest(SuiteRunner.java:421)
	at org.testng.SuiteRunner.runSequentially(SuiteRunner.java:413)
	at org.testng.SuiteRunner.privateRun(SuiteRunner.java:373)
	at org.testng.SuiteRunner.run(SuiteRunner.java:312)
	at org.testng.SuiteRunnerWorker.runSuite(SuiteRunnerWorker.java:52)
	at org.testng.SuiteRunnerWorker.run(SuiteRunnerWorker.java:95)
	at org.testng.TestNG.runSuitesSequentially(TestNG.java:1274)
	at org.testng.TestNG.runSuitesLocally(TestNG.java:1208)
	at org.testng.TestNG.runSuites(TestNG.java:1112)
	at org.testng.TestNG.run(TestNG.java:1079)
	at org.apache.maven.surefire.testng.TestNGExecutor.run(TestNGExecutor.java:308)
	at org.apache.maven.surefire.testng.TestNGXmlTestSuite.execute(TestNGXmlTestSuite.java:71)
	at org.apache.maven.surefire.testng.TestNGProvider.invoke(TestNGProvider.java:113)
	at org.apache.maven.surefire.booter.ForkedBooter.runSuitesInProcess(ForkedBooter.java:385)
	at org.apache.maven.surefire.booter.ForkedBooter.execute(ForkedBooter.java:162)
	at org.apache.maven.surefire.booter.ForkedBooter.run(ForkedBooter.java:507)
	at org.apache.maven.surefire.booter.ForkedBooter.main(ForkedBooter.java:495)
</pre></div></td>
<td>2</td>
<td>com.juaracoding.tajuaracoding.Dashboard.PendingDashboardTest@65e98b1c</td></tr>
<tr>
<td title='com.juaracoding.tajuaracoding.Dashboard.PendingDashboardTest.Negative_v1koreksisearchTest()'><b>Negative_v1koreksisearchTest</b><br>Test class: com.juaracoding.tajuaracoding.Dashboard.PendingDashboardTest</td>
<td><div><pre>org.openqa.selenium.ElementNotInteractableException: Element &lt;a class=&quot;MuiTypography-root MuiTypography-inherit MuiLink-root MuiLink-underlineNone css-1uhr7d7&quot; href=&quot;/admin/v1-koreksi/cc46aad6-9821-4b1b-af9a-b75bff68de0f?start_date=2025-08-01&amp;end_date=2025-08-27&amp;fullname=Hadir SQA Testing 2&quot;&gt; could not be scrolled into view
Build info: version: &apos;4.34.0&apos;, revision: &apos;707dcb4246*&apos;
System info: os.name: &apos;Windows 11&apos;, os.arch: &apos;amd64&apos;, os.version: &apos;10.0&apos;, java.version: &apos;21.0.8&apos;
Driver info: org.openqa.selenium.firefox.FirefoxDriver
Command: [45cd5fd5-77de-4c24-844b-ebcb82235c0a, clickElement {id=1a5b969c-f932-43fb-bd2b-fdfdb18af2dc}]
Capabilities {acceptInsecureCerts: true, browserName: firefox, browserVersion: 142.0, moz:accessibilityChecks: false, moz:buildID: 20250811145442, moz:geckodriverVersion: 0.36.0, moz:headless: true, moz:platformVersion: 10.0, moz:processID: 19104, moz:profile: C:\Users\adire\AppData\Loca..., moz:shutdownTimeout: 60000, moz:webdriverClick: true, moz:windowless: false, pageLoadStrategy: normal, platformName: windows, proxy: Proxy(), setWindowRect: true, strictFileInteractability: false, timeouts: {implicit: 0, pageLoad: 300000, script: 30000}, unhandledPromptBehavior: dismiss and notify, userAgent: Mozilla/5.0 (Windows NT 10....}
Element: [[FirefoxDriver: firefox on windows (45cd5fd5-77de-4c24-844b-ebcb82235c0a)] -&gt; xpath: //p[normalize-space()=&apos;Koreksi&apos;]/following::table[@aria-label=&apos;simple table&apos;][1]//a[h6[contains(text(),&apos;Hadir SQA Testing 2&apos;)]]]
Session ID: 45cd5fd5-77de-4c24-844b-ebcb82235c0a
	at org.openqa.selenium.remote.ErrorCodec.decode(ErrorCodec.java:167)
	at org.openqa.selenium.remote.codec.w3c.W3CHttpResponseCodec.decode(W3CHttpResponseCodec.java:138)
	at org.openqa.selenium.remote.codec.w3c.W3CHttpResponseCodec.decode(W3CHttpResponseCodec.java:50)
	at org.openqa.selenium.remote.HttpCommandExecutor.execute(HttpCommandExecutor.java:215)
	at org.openqa.selenium.remote.service.DriverCommandExecutor.invokeExecute(DriverCommandExecutor.java:216)
	at org.openqa.selenium.remote.service.DriverCommandExecutor.execute(DriverCommandExecutor.java:174)
	at org.openqa.selenium.remote.RemoteWebDriver.execute(RemoteWebDriver.java:544)
	at org.openqa.selenium.remote.RemoteWebElement.execute(RemoteWebElement.java:223)
	at org.openqa.selenium.remote.RemoteWebElement.click(RemoteWebElement.java:76)
	at com.juaracoding.tajuaracoding.pages.dashboard.DashBoardPage.clickuplinerkoreksi(DashBoardPage.java:192)
	at com.juaracoding.tajuaracoding.Dashboard.PendingDashboardTest.Negative_v1koreksisearchTest(PendingDashboardTest.java:549)
	at java.base/java.util.ArrayList.forEach(ArrayList.java:1596)
... Removed 32 stack frames</pre></div><a href='#' onClick='toggleBox("stack-trace1558310191", this, "Click to show all stack frames", "Click to hide stack frames")'>Click to show all stack frames</a>
<div class='stack-trace' id='stack-trace1558310191'><pre>org.openqa.selenium.ElementNotInteractableException: Element &lt;a class=&quot;MuiTypography-root MuiTypography-inherit MuiLink-root MuiLink-underlineNone css-1uhr7d7&quot; href=&quot;/admin/v1-koreksi/cc46aad6-9821-4b1b-af9a-b75bff68de0f?start_date=2025-08-01&amp;end_date=2025-08-27&amp;fullname=Hadir SQA Testing 2&quot;&gt; could not be scrolled into view
Build info: version: &apos;4.34.0&apos;, revision: &apos;707dcb4246*&apos;
System info: os.name: &apos;Windows 11&apos;, os.arch: &apos;amd64&apos;, os.version: &apos;10.0&apos;, java.version: &apos;21.0.8&apos;
Driver info: org.openqa.selenium.firefox.FirefoxDriver
Command: [45cd5fd5-77de-4c24-844b-ebcb82235c0a, clickElement {id=1a5b969c-f932-43fb-bd2b-fdfdb18af2dc}]
Capabilities {acceptInsecureCerts: true, browserName: firefox, browserVersion: 142.0, moz:accessibilityChecks: false, moz:buildID: 20250811145442, moz:geckodriverVersion: 0.36.0, moz:headless: true, moz:platformVersion: 10.0, moz:processID: 19104, moz:profile: C:\Users\adire\AppData\Loca..., moz:shutdownTimeout: 60000, moz:webdriverClick: true, moz:windowless: false, pageLoadStrategy: normal, platformName: windows, proxy: Proxy(), setWindowRect: true, strictFileInteractability: false, timeouts: {implicit: 0, pageLoad: 300000, script: 30000}, unhandledPromptBehavior: dismiss and notify, userAgent: Mozilla/5.0 (Windows NT 10....}
Element: [[FirefoxDriver: firefox on windows (45cd5fd5-77de-4c24-844b-ebcb82235c0a)] -&gt; xpath: //p[normalize-space()=&apos;Koreksi&apos;]/following::table[@aria-label=&apos;simple table&apos;][1]//a[h6[contains(text(),&apos;Hadir SQA Testing 2&apos;)]]]
Session ID: 45cd5fd5-77de-4c24-844b-ebcb82235c0a
	at java.base/jdk.internal.reflect.DirectConstructorHandleAccessor.newInstance(DirectConstructorHandleAccessor.java:62)
	at java.base/java.lang.reflect.Constructor.newInstanceWithCaller(Constructor.java:502)
	at java.base/java.lang.reflect.Constructor.newInstance(Constructor.java:486)
	at org.openqa.selenium.remote.ErrorCodec.decode(ErrorCodec.java:167)
	at org.openqa.selenium.remote.codec.w3c.W3CHttpResponseCodec.decode(W3CHttpResponseCodec.java:138)
	at org.openqa.selenium.remote.codec.w3c.W3CHttpResponseCodec.decode(W3CHttpResponseCodec.java:50)
	at org.openqa.selenium.remote.HttpCommandExecutor.execute(HttpCommandExecutor.java:215)
	at org.openqa.selenium.remote.service.DriverCommandExecutor.invokeExecute(DriverCommandExecutor.java:216)
	at org.openqa.selenium.remote.service.DriverCommandExecutor.execute(DriverCommandExecutor.java:174)
	at org.openqa.selenium.remote.RemoteWebDriver.execute(RemoteWebDriver.java:544)
	at org.openqa.selenium.remote.RemoteWebElement.execute(RemoteWebElement.java:223)
	at org.openqa.selenium.remote.RemoteWebElement.click(RemoteWebElement.java:76)
	at com.juaracoding.tajuaracoding.pages.dashboard.DashBoardPage.clickuplinerkoreksi(DashBoardPage.java:192)
	at com.juaracoding.tajuaracoding.Dashboard.PendingDashboardTest.Negative_v1koreksisearchTest(PendingDashboardTest.java:549)
	at java.base/jdk.internal.reflect.DirectMethodHandleAccessor.invoke(DirectMethodHandleAccessor.java:103)
	at java.base/java.lang.reflect.Method.invoke(Method.java:580)
	at org.testng.internal.invokers.MethodInvocationHelper.invokeMethod(MethodInvocationHelper.java:141)
	at org.testng.internal.invokers.TestInvoker.invokeMethod(TestInvoker.java:687)
	at org.testng.internal.invokers.TestInvoker.invokeTestMethod(TestInvoker.java:230)
	at org.testng.internal.invokers.MethodRunner.runInSequence(MethodRunner.java:63)
	at org.testng.internal.invokers.TestInvoker$MethodInvocationAgent.invoke(TestInvoker.java:995)
	at org.testng.internal.invokers.TestInvoker.invokeTestMethods(TestInvoker.java:203)
	at org.testng.internal.invokers.TestMethodWorker.invokeTestMethods(TestMethodWorker.java:154)
	at org.testng.internal.invokers.TestMethodWorker.run(TestMethodWorker.java:134)
	at java.base/java.util.ArrayList.forEach(ArrayList.java:1596)
	at org.testng.TestRunner.privateRun(TestRunner.java:741)
	at org.testng.TestRunner.run(TestRunner.java:616)
	at org.testng.SuiteRunner.runTest(SuiteRunner.java:421)
	at org.testng.SuiteRunner.runSequentially(SuiteRunner.java:413)
	at org.testng.SuiteRunner.privateRun(SuiteRunner.java:373)
	at org.testng.SuiteRunner.run(SuiteRunner.java:312)
	at org.testng.SuiteRunnerWorker.runSuite(SuiteRunnerWorker.java:52)
	at org.testng.SuiteRunnerWorker.run(SuiteRunnerWorker.java:95)
	at org.testng.TestNG.runSuitesSequentially(TestNG.java:1274)
	at org.testng.TestNG.runSuitesLocally(TestNG.java:1208)
	at org.testng.TestNG.runSuites(TestNG.java:1112)
	at org.testng.TestNG.run(TestNG.java:1079)
	at org.apache.maven.surefire.testng.TestNGExecutor.run(TestNGExecutor.java:308)
	at org.apache.maven.surefire.testng.TestNGXmlTestSuite.execute(TestNGXmlTestSuite.java:71)
	at org.apache.maven.surefire.testng.TestNGProvider.invoke(TestNGProvider.java:113)
	at org.apache.maven.surefire.booter.ForkedBooter.runSuitesInProcess(ForkedBooter.java:385)
	at org.apache.maven.surefire.booter.ForkedBooter.execute(ForkedBooter.java:162)
	at org.apache.maven.surefire.booter.ForkedBooter.run(ForkedBooter.java:507)
	at org.apache.maven.surefire.booter.ForkedBooter.main(ForkedBooter.java:495)
</pre></div></td>
<td>5</td>
<td>com.juaracoding.tajuaracoding.Dashboard.PendingDashboardTest@65e98b1c</td></tr>
</table><p>
<table width='100%' border='1' class='invocation-passed'>
<tr><td colspan='4' align='center'><b>PASSED TESTS</b></td></tr>
<tr><td><b>Test method</b></td>
<td><b>Attribute(s)</b></td>
<td width="30%"><b>Exception</b></td>
<td width="10%"><b>Time (seconds)</b></td>
<td><b>Instance</b></td>
</tr>
<tr>
<td title='com.juaracoding.tajuaracoding.Dashboard.PendingDashboardTest.Positive_v1cutisearchTest()'><b>Positive_v1cutisearchTest</b><br>Test class: com.juaracoding.tajuaracoding.Dashboard.PendingDashboardTest</td>
<td></td>
<td>5</td>
<td>com.juaracoding.tajuaracoding.Dashboard.PendingDashboardTest@65e98b1c</td></tr>
<tr>
<td title='com.juaracoding.tajuaracoding.Dashboard.PendingDashboardTest.validator1cutiTest()'><b>validator1cutiTest</b><br>Test class: com.juaracoding.tajuaracoding.Dashboard.PendingDashboardTest</td>
<td></td>
<td>2</td>
<td>com.juaracoding.tajuaracoding.Dashboard.PendingDashboardTest@65e98b1c</td></tr>
<tr>
<td title='com.juaracoding.tajuaracoding.Dashboard.PendingDashboardTest.testVerifyPage()'><b>testVerifyPage</b><br>Test class: com.juaracoding.tajuaracoding.Dashboard.PendingDashboardTest</td>
<td></td>
<td>2</td>
<td>com.juaracoding.tajuaracoding.Dashboard.PendingDashboardTest@65e98b1c</td></tr>
<tr>
<td title='com.juaracoding.tajuaracoding.Dashboard.PendingDashboardTest.reset_v1cutisearchTest()'><b>reset_v1cutisearchTest</b><br>Test class: com.juaracoding.tajuaracoding.Dashboard.PendingDashboardTest</td>
<td></td>
<td>7</td>
<td>com.juaracoding.tajuaracoding.Dashboard.PendingDashboardTest@65e98b1c</td></tr>
<tr>
<td title='com.juaracoding.tajuaracoding.Dashboard.PendingDashboardTest.resetfilterTest()'><b>resetfilterTest</b><br>Test class: com.juaracoding.tajuaracoding.Dashboard.PendingDashboardTest</td>
<td></td>
<td>15</td>
<td>com.juaracoding.tajuaracoding.Dashboard.PendingDashboardTest@65e98b1c</td></tr>
<tr>
<td title='com.juaracoding.tajuaracoding.Dashboard.PendingDashboardTest.DateRangeFilterTest()'><b>DateRangeFilterTest</b><br>Test class: com.juaracoding.tajuaracoding.Dashboard.PendingDashboardTest</td>
<td></td>
<td>6</td>
<td>com.juaracoding.tajuaracoding.Dashboard.PendingDashboardTest@65e98b1c</td></tr>
<tr>
<td title='com.juaracoding.tajuaracoding.Dashboard.PendingDashboardTest.Negative_v1lembursearchTest()'><b>Negative_v1lembursearchTest</b><br>Test class: com.juaracoding.tajuaracoding.Dashboard.PendingDashboardTest</td>
<td></td>
<td>5</td>
<td>com.juaracoding.tajuaracoding.Dashboard.PendingDashboardTest@65e98b1c</td></tr>
<tr>
<td title='com.juaracoding.tajuaracoding.Dashboard.PendingDashboardTest.reset_v1lembursearchTest()'><b>reset_v1lembursearchTest</b><br>Test class: com.juaracoding.tajuaracoding.Dashboard.PendingDashboardTest</td>
<td></td>
<td>7</td>
<td>com.juaracoding.tajuaracoding.Dashboard.PendingDashboardTest@65e98b1c</td></tr>
<tr>
<td title='com.juaracoding.tajuaracoding.Dashboard.PendingDashboardTest.NullStartDateTest()'><b>NullStartDateTest</b><br>Test class: com.juaracoding.tajuaracoding.Dashboard.PendingDashboardTest</td>
<td></td>
<td>5</td>
<td>com.juaracoding.tajuaracoding.Dashboard.PendingDashboardTest@65e98b1c</td></tr>
<tr>
<td title='com.juaracoding.tajuaracoding.Dashboard.PendingDashboardTest.NullEndDateTest()'><b>NullEndDateTest</b><br>Test class: com.juaracoding.tajuaracoding.Dashboard.PendingDashboardTest</td>
<td></td>
<td>5</td>
<td>com.juaracoding.tajuaracoding.Dashboard.PendingDashboardTest@65e98b1c</td></tr>
<tr>
<td title='com.juaracoding.tajuaracoding.Dashboard.PendingDashboardTest.InvalidDateTest()'><b>InvalidDateTest</b><br>Test class: com.juaracoding.tajuaracoding.Dashboard.PendingDashboardTest</td>
<td></td>
<td>5</td>
<td>com.juaracoding.tajuaracoding.Dashboard.PendingDashboardTest@65e98b1c</td></tr>
<tr>
<td title='com.juaracoding.tajuaracoding.Dashboard.PendingDashboardTest.Negative_v1cutisearchTest()'><b>Negative_v1cutisearchTest</b><br>Test class: com.juaracoding.tajuaracoding.Dashboard.PendingDashboardTest</td>
<td></td>
<td>5</td>
<td>com.juaracoding.tajuaracoding.Dashboard.PendingDashboardTest@65e98b1c</td></tr>
<tr>
<td title='com.juaracoding.tajuaracoding.Dashboard.PendingDashboardTest.Positive_v1lembursearchTest()'><b>Positive_v1lembursearchTest</b><br>Test class: com.juaracoding.tajuaracoding.Dashboard.PendingDashboardTest</td>
<td></td>
<td>6</td>
<td>com.juaracoding.tajuaracoding.Dashboard.PendingDashboardTest@65e98b1c</td></tr>
<tr>
<td title='com.juaracoding.tajuaracoding.Dashboard.PendingDashboardTest.positiveFilterByUnitTest()'><b>positiveFilterByUnitTest</b><br>Test class: com.juaracoding.tajuaracoding.Dashboard.PendingDashboardTest</td>
<td></td>
<td>10</td>
<td>com.juaracoding.tajuaracoding.Dashboard.PendingDashboardTest@65e98b1c</td></tr>
<tr>
<td title='com.juaracoding.tajuaracoding.Dashboard.PendingDashboardTest.validator1LemburTest()'><b>validator1LemburTest</b><br>Test class: com.juaracoding.tajuaracoding.Dashboard.PendingDashboardTest</td>
<td></td>
<td>2</td>
<td>com.juaracoding.tajuaracoding.Dashboard.PendingDashboardTest@65e98b1c</td></tr>
</table><p>
</body>
</html>