<?xml version="1.0" encoding="UTF-8"?>
<!-- Generated by org.testng.reporters.JUnitXMLReporter -->
<testsuite ignored="0" hostname="LAPTOP-BETM3MOU" failures="7" tests="11" name="Laporan Tests" time="200.301" errors="0" timestamp="2025-08-27T07:08:51 WIB">
  <testcase classname="com.juaracoding.tajuaracoding.laporan.SemuaTest" name="testSemuaPageVerification" time="5.665"/>
  <testcase classname="com.juaracoding.tajuaracoding.laporan.SemuaTest" name="testDateRangeFilter" time="8.4"/>
  <testcase classname="com.juaracoding.tajuaracoding.laporan.SemuaTest" name="testPositiveSearch" time="7.241">
    <failure type="java.lang.AssertionError" message="Expected to find results for keyword: Hadir">
      <![CDATA[java.lang.AssertionError: Expected to find results for keyword: Hadir
at com.juaracoding.tajuaracoding.pages.actions.SearchAction.execute(SearchAction.java:40)
at com.juaracoding.tajuaracoding.pages.actions.CompositeActionBuilder.execute(CompositeActionBuilder.java:110)
at com.juaracoding.tajuaracoding.laporan.SemuaTest.testPositiveSearch(SemuaTest.java:32)
at java.base/java.util.ArrayList.forEach(ArrayList.java:1596)
... Removed 29 stack frames]]>
    </failure>
  </testcase> <!-- testPositiveSearch -->
  <testcase classname="com.juaracoding.tajuaracoding.laporan.SemuaTest" name="testNegativeSearch" time="5.449">
    <failure type="java.lang.RuntimeException" message="Action failed: Search failed: Unable to locate element: #search
For documentation on this error, please visit: https://www.selenium.dev/documentation/webdriver/troubleshooting/errors#no-such-element-exception
Build info: version: &amp;apos;4.34.0&amp;apos;, revision: &amp;apos;707dcb4246*&amp;apos;
System info: os.name: &amp;apos;Windows 11&amp;apos;, os.arch: &amp;apos;amd64&amp;apos;, os.version: &amp;apos;10.0&amp;apos;, java.version: &amp;apos;21.0.8&amp;apos;
Driver info: org.openqa.selenium.firefox.FirefoxDriver
Command: [76e76362-67e9-4c19-9214-f8e5229e7dac, findElement {value=search, using=id}]
Capabilities {acceptInsecureCerts: true, browserName: firefox, browserVersion: 142.0, moz:accessibilityChecks: false, moz:buildID: 20250811145442, moz:geckodriverVersion: 0.36.0, moz:headless: false, moz:platformVersion: 10.0, moz:processID: 36160, moz:profile: C:\Users\FREDIA~1\AppData\L..., moz:shutdownTimeout: 60000, moz:webdriverClick: true, moz:windowless: false, pageLoadStrategy: normal, platformName: windows, proxy: Proxy(), setWindowRect: true, strictFileInteractability: false, timeouts: {implicit: 0, pageLoad: 300000, script: 30000}, unhandledPromptBehavior: dismiss and notify, userAgent: Mozilla/5.0 (Windows NT 10....}
Session ID: 76e76362-67e9-4c19-9214-f8e5229e7dac">
      <![CDATA[java.lang.RuntimeException: Action failed: Search failed: Unable to locate element: #search
For documentation on this error, please visit: https://www.selenium.dev/documentation/webdriver/troubleshooting/errors#no-such-element-exception
Build info: version: '4.34.0', revision: '707dcb4246*'
System info: os.name: 'Windows 11', os.arch: 'amd64', os.version: '10.0', java.version: '21.0.8'
Driver info: org.openqa.selenium.firefox.FirefoxDriver
Command: [76e76362-67e9-4c19-9214-f8e5229e7dac, findElement {value=search, using=id}]
Capabilities {acceptInsecureCerts: true, browserName: firefox, browserVersion: 142.0, moz:accessibilityChecks: false, moz:buildID: 20250811145442, moz:geckodriverVersion: 0.36.0, moz:headless: false, moz:platformVersion: 10.0, moz:processID: 36160, moz:profile: C:\Users\FREDIA~1\AppData\L..., moz:shutdownTimeout: 60000, moz:webdriverClick: true, moz:windowless: false, pageLoadStrategy: normal, platformName: windows, proxy: Proxy(), setWindowRect: true, strictFileInteractability: false, timeouts: {implicit: 0, pageLoad: 300000, script: 30000}, unhandledPromptBehavior: dismiss and notify, userAgent: Mozilla/5.0 (Windows NT 10....}
Session ID: 76e76362-67e9-4c19-9214-f8e5229e7dac
at com.juaracoding.tajuaracoding.pages.actions.CompositeActionBuilder.execute(CompositeActionBuilder.java:112)
at com.juaracoding.tajuaracoding.laporan.SemuaTest.testNegativeSearch(SemuaTest.java:40)
at java.base/java.util.ArrayList.forEach(ArrayList.java:1596)
... Removed 29 stack frames]]>
    </failure>
  </testcase> <!-- testNegativeSearch -->
  <testcase classname="com.juaracoding.tajuaracoding.laporan.SemuaTest" name="testPositiveSearchWithDateRangeFilter" time="10.826"/>
  <testcase classname="com.juaracoding.tajuaracoding.laporan.SemuaTest" name="testPositiveUnitFilter" time="10.143">
    <failure type="java.lang.AssertionError" message="Expected to find data for unit: Sysmex expected [true] but found [false]">
      <![CDATA[java.lang.AssertionError: Expected to find data for unit: Sysmex expected [true] but found [false]
at com.juaracoding.tajuaracoding.pages.actions.UnitFilterAction.execute(UnitFilterAction.java:67)
at com.juaracoding.tajuaracoding.pages.actions.CompositeActionBuilder.execute(CompositeActionBuilder.java:110)
at com.juaracoding.tajuaracoding.laporan.SemuaTest.testPositiveUnitFilter(SemuaTest.java:57)
at java.base/java.util.ArrayList.forEach(ArrayList.java:1596)
... Removed 32 stack frames]]>
    </failure>
  </testcase> <!-- testPositiveUnitFilter -->
  <testcase classname="com.juaracoding.tajuaracoding.laporan.SemuaTest" name="testNegativeUnitFilter" time="9.667">
    <failure type="java.lang.AssertionError" message="Expected no data for unit: UnitNihil expected [false] but found [true]">
      <![CDATA[java.lang.AssertionError: Expected no data for unit: UnitNihil expected [false] but found [true]
at com.juaracoding.tajuaracoding.pages.actions.UnitFilterAction.execute(UnitFilterAction.java:74)
at com.juaracoding.tajuaracoding.pages.actions.CompositeActionBuilder.execute(CompositeActionBuilder.java:110)
at com.juaracoding.tajuaracoding.laporan.SemuaTest.testNegativeUnitFilter(SemuaTest.java:65)
at java.base/java.util.ArrayList.forEach(ArrayList.java:1596)
... Removed 32 stack frames]]>
    </failure>
  </testcase> <!-- testNegativeUnitFilter -->
  <testcase classname="com.juaracoding.tajuaracoding.laporan.SemuaTest" name="testPositiveUnitFilterWithDateRangeFilter" time="12.727">
    <failure type="java.lang.AssertionError" message="Expected to find data for unit: Sysmex expected [true] but found [false]">
      <![CDATA[java.lang.AssertionError: Expected to find data for unit: Sysmex expected [true] but found [false]
at com.juaracoding.tajuaracoding.pages.actions.UnitFilterAction.execute(UnitFilterAction.java:67)
at com.juaracoding.tajuaracoding.pages.actions.CompositeActionBuilder.execute(CompositeActionBuilder.java:110)
at com.juaracoding.tajuaracoding.laporan.SemuaTest.testPositiveUnitFilterWithDateRangeFilter(SemuaTest.java:75)
at java.base/java.util.ArrayList.forEach(ArrayList.java:1596)
... Removed 32 stack frames]]>
    </failure>
  </testcase> <!-- testPositiveUnitFilterWithDateRangeFilter -->
  <testcase classname="com.juaracoding.tajuaracoding.laporan.SemuaTest" name="testCombinationFilter" time="14.822">
    <failure type="java.lang.AssertionError" message="Row doesn&amp;apos;t contain unit Sysmex: SDT
SPV Dark Tomcat
Bank Neo Commerce
07 Mar 1994
09:37:03
07 Mar 1994
18:12:05
Alamat tidak ditemukan
Alamat tidak ditemukan
Work From Office
-
- expected [true] but found [false]">
      <![CDATA[java.lang.AssertionError: Row doesn't contain unit Sysmex: SDT
SPV Dark Tomcat
Bank Neo Commerce
07 Mar 1994
09:37:03
07 Mar 1994
18:12:05
Alamat tidak ditemukan
Alamat tidak ditemukan
Work From Office
-
- expected [true] but found [false]
at com.juaracoding.tajuaracoding.pages.actions.UnitFilterAction.execute(UnitFilterAction.java:70)
at com.juaracoding.tajuaracoding.pages.actions.CompositeActionBuilder.execute(CompositeActionBuilder.java:110)
at com.juaracoding.tajuaracoding.laporan.SemuaTest.testCombinationFilter(SemuaTest.java:87)
at java.base/java.util.ArrayList.forEach(ArrayList.java:1596)
... Removed 32 stack frames]]>
    </failure>
  </testcase> <!-- testCombinationFilter -->
  <testcase classname="com.juaracoding.tajuaracoding.laporan.SemuaTest" name="testResetAllFilters" time="20.744"/>
  <testcase classname="com.juaracoding.tajuaracoding.laporan.SemuaTest" name="testStatusCheck" time="15.951">
    <failure type="java.lang.AssertionError" message="Tidak semua status ditemukan. Found: [], Expected: [sakit, cuti, lembur] expected [true] but found [false]">
      <![CDATA[java.lang.AssertionError: Tidak semua status ditemukan. Found: [], Expected: [sakit, cuti, lembur] expected [true] but found [false]
at com.juaracoding.tajuaracoding.pages.actions.StatusCheckAction.execute(StatusCheckAction.java:71)
at com.juaracoding.tajuaracoding.pages.actions.CompositeActionBuilder.execute(CompositeActionBuilder.java:110)
at com.juaracoding.tajuaracoding.laporan.SemuaTest.testStatusCheck(SemuaTest.java:110)
at java.base/java.util.ArrayList.forEach(ArrayList.java:1596)
... Removed 32 stack frames]]>
    </failure>
  </testcase> <!-- testStatusCheck -->
</testsuite> <!-- Laporan Tests -->
