<?xml version="1.0" encoding="UTF-8"?>
<testsuite xmlns:xsi="http://www.w3.org/2001/XMLSchema-instance" xsi:noNamespaceSchemaLocation="https://maven.apache.org/surefire/maven-surefire-plugin/xsd/surefire-test-report-3.0.xsd" version="3.0" name="TestSuite" time="1052.644" tests="80" errors="0" skipped="0" failures="15">
  <properties>
    <property name="java.specification.version" value="21"/>
    <property name="sun.cpu.isalist" value="amd64"/>
    <property name="sun.jnu.encoding" value="Cp1252"/>
    <property name="java.class.path" value="C:\Users\adire\TAJuaraCoding\target\test-classes;C:\Users\adire\TAJuaraCoding\target\classes;C:\Users\adire\.m2\repository\org\seleniumhq\selenium\selenium-java\4.34.0\selenium-java-4.34.0.jar;C:\Users\adire\.m2\repository\org\seleniumhq\selenium\selenium-api\4.34.0\selenium-api-4.34.0.jar;C:\Users\adire\.m2\repository\org\jspecify\jspecify\1.0.0\jspecify-1.0.0.jar;C:\Users\adire\.m2\repository\org\seleniumhq\selenium\selenium-chrome-driver\4.34.0\selenium-chrome-driver-4.34.0.jar;C:\Users\adire\.m2\repository\com\google\auto\service\auto-service-annotations\1.1.1\auto-service-annotations-1.1.1.jar;C:\Users\adire\.m2\repository\org\seleniumhq\selenium\selenium-chromium-driver\4.34.0\selenium-chromium-driver-4.34.0.jar;C:\Users\adire\.m2\repository\org\seleniumhq\selenium\selenium-json\4.34.0\selenium-json-4.34.0.jar;C:\Users\adire\.m2\repository\org\seleniumhq\selenium\selenium-manager\4.34.0\selenium-manager-4.34.0.jar;C:\Users\adire\.m2\repository\org\seleniumhq\selenium\selenium-devtools-v136\4.34.0\selenium-devtools-v136-4.34.0.jar;C:\Users\adire\.m2\repository\org\seleniumhq\selenium\selenium-devtools-v137\4.34.0\selenium-devtools-v137-4.34.0.jar;C:\Users\adire\.m2\repository\org\seleniumhq\selenium\selenium-devtools-v138\4.34.0\selenium-devtools-v138-4.34.0.jar;C:\Users\adire\.m2\repository\org\seleniumhq\selenium\selenium-edge-driver\4.34.0\selenium-edge-driver-4.34.0.jar;C:\Users\adire\.m2\repository\org\seleniumhq\selenium\selenium-firefox-driver\4.34.0\selenium-firefox-driver-4.34.0.jar;C:\Users\adire\.m2\repository\org\seleniumhq\selenium\selenium-http\4.34.0\selenium-http-4.34.0.jar;C:\Users\adire\.m2\repository\org\seleniumhq\selenium\selenium-ie-driver\4.34.0\selenium-ie-driver-4.34.0.jar;C:\Users\adire\.m2\repository\org\seleniumhq\selenium\selenium-remote-driver\4.34.0\selenium-remote-driver-4.34.0.jar;C:\Users\adire\.m2\repository\com\google\guava\guava\33.4.8-jre\guava-33.4.8-jre.jar;C:\Users\adire\.m2\repository\com\google\guava\failureaccess\1.0.3\failureaccess-1.0.3.jar;C:\Users\adire\.m2\repository\com\google\guava\listenablefuture\9999.0-empty-to-avoid-conflict-with-guava\listenablefuture-9999.0-empty-to-avoid-conflict-with-guava.jar;C:\Users\adire\.m2\repository\com\google\errorprone\error_prone_annotations\2.36.0\error_prone_annotations-2.36.0.jar;C:\Users\adire\.m2\repository\com\google\j2objc\j2objc-annotations\3.0.0\j2objc-annotations-3.0.0.jar;C:\Users\adire\.m2\repository\io\opentelemetry\opentelemetry-api\1.51.0\opentelemetry-api-1.51.0.jar;C:\Users\adire\.m2\repository\io\opentelemetry\opentelemetry-context\1.51.0\opentelemetry-context-1.51.0.jar;C:\Users\adire\.m2\repository\io\opentelemetry\opentelemetry-exporter-logging\1.51.0\opentelemetry-exporter-logging-1.51.0.jar;C:\Users\adire\.m2\repository\io\opentelemetry\opentelemetry-sdk-common\1.51.0\opentelemetry-sdk-common-1.51.0.jar;C:\Users\adire\.m2\repository\io\opentelemetry\opentelemetry-sdk-extension-autoconfigure-spi\1.51.0\opentelemetry-sdk-extension-autoconfigure-spi-1.51.0.jar;C:\Users\adire\.m2\repository\io\opentelemetry\opentelemetry-sdk-extension-autoconfigure\1.51.0\opentelemetry-sdk-extension-autoconfigure-1.51.0.jar;C:\Users\adire\.m2\repository\io\opentelemetry\opentelemetry-sdk-trace\1.51.0\opentelemetry-sdk-trace-1.51.0.jar;C:\Users\adire\.m2\repository\io\opentelemetry\opentelemetry-sdk\1.51.0\opentelemetry-sdk-1.51.0.jar;C:\Users\adire\.m2\repository\io\opentelemetry\opentelemetry-sdk-metrics\1.51.0\opentelemetry-sdk-metrics-1.51.0.jar;C:\Users\adire\.m2\repository\io\opentelemetry\opentelemetry-sdk-logs\1.51.0\opentelemetry-sdk-logs-1.51.0.jar;C:\Users\adire\.m2\repository\net\bytebuddy\byte-buddy\1.17.6\byte-buddy-1.17.6.jar;C:\Users\adire\.m2\repository\org\seleniumhq\selenium\selenium-os\4.34.0\selenium-os-4.34.0.jar;C:\Users\adire\.m2\repository\org\apache\commons\commons-exec\1.5.0\commons-exec-1.5.0.jar;C:\Users\adire\.m2\repository\org\seleniumhq\selenium\selenium-safari-driver\4.34.0\selenium-safari-driver-4.34.0.jar;C:\Users\adire\.m2\repository\org\seleniumhq\selenium\selenium-support\4.34.0\selenium-support-4.34.0.jar;C:\Users\adire\.m2\repository\org\testng\testng\7.11.0\testng-7.11.0.jar;C:\Users\adire\.m2\repository\org\slf4j\slf4j-api\2.0.16\slf4j-api-2.0.16.jar;C:\Users\adire\.m2\repository\org\jcommander\jcommander\1.83\jcommander-1.83.jar;C:\Users\adire\.m2\repository\org\webjars\jquery\3.7.1\jquery-3.7.1.jar;C:\Users\adire\.m2\repository\org\apache\poi\poi\5.0.0\poi-5.0.0.jar;C:\Users\adire\.m2\repository\org\slf4j\jcl-over-slf4j\1.7.30\jcl-over-slf4j-1.7.30.jar;C:\Users\adire\.m2\repository\commons-codec\commons-codec\1.15\commons-codec-1.15.jar;C:\Users\adire\.m2\repository\org\apache\commons\commons-collections4\4.4\commons-collections4-4.4.jar;C:\Users\adire\.m2\repository\org\apache\commons\commons-math3\3.6.1\commons-math3-3.6.1.jar;C:\Users\adire\.m2\repository\com\zaxxer\SparseBitSet\1.2\SparseBitSet-1.2.jar;C:\Users\adire\.m2\repository\org\apache\poi\poi-ooxml\5.0.0\poi-ooxml-5.0.0.jar;C:\Users\adire\.m2\repository\org\apache\poi\poi-ooxml-lite\5.0.0\poi-ooxml-lite-5.0.0.jar;C:\Users\adire\.m2\repository\org\apache\xmlbeans\xmlbeans\4.0.0\xmlbeans-4.0.0.jar;C:\Users\adire\.m2\repository\org\apache\commons\commons-compress\1.20\commons-compress-1.20.jar;C:\Users\adire\.m2\repository\com\github\virtuald\curvesapi\1.06\curvesapi-1.06.jar;C:\Users\adire\.m2\repository\org\bouncycastle\bcpkix-jdk15on\1.68\bcpkix-jdk15on-1.68.jar;C:\Users\adire\.m2\repository\org\bouncycastle\bcprov-jdk15on\1.68\bcprov-jdk15on-1.68.jar;C:\Users\adire\.m2\repository\org\apache\santuario\xmlsec\2.2.1\xmlsec-2.2.1.jar;C:\Users\adire\.m2\repository\com\fasterxml\woodstox\woodstox-core\5.2.1\woodstox-core-5.2.1.jar;C:\Users\adire\.m2\repository\org\codehaus\woodstox\stax2-api\4.2\stax2-api-4.2.jar;C:\Users\adire\.m2\repository\jakarta\xml\bind\jakarta.xml.bind-api\2.3.2\jakarta.xml.bind-api-2.3.2.jar;C:\Users\adire\.m2\repository\jakarta\activation\jakarta.activation-api\1.2.1\jakarta.activation-api-1.2.1.jar;C:\Users\adire\.m2\repository\org\apache\xmlgraphics\batik-all\1.13\batik-all-1.13.jar;C:\Users\adire\.m2\repository\org\apache\xmlgraphics\batik-anim\1.13\batik-anim-1.13.jar;C:\Users\adire\.m2\repository\org\apache\xmlgraphics\batik-shared-resources\1.13\batik-shared-resources-1.13.jar;C:\Users\adire\.m2\repository\xml-apis\xml-apis-ext\1.3.04\xml-apis-ext-1.3.04.jar;C:\Users\adire\.m2\repository\org\apache\xmlgraphics\batik-awt-util\1.13\batik-awt-util-1.13.jar;C:\Users\adire\.m2\repository\org\apache\xmlgraphics\xmlgraphics-commons\2.4\xmlgraphics-commons-2.4.jar;C:\Users\adire\.m2\repository\commons-io\commons-io\1.3.1\commons-io-1.3.1.jar;C:\Users\adire\.m2\repository\org\apache\xmlgraphics\batik-bridge\1.13\batik-bridge-1.13.jar;C:\Users\adire\.m2\repository\org\apache\xmlgraphics\batik-codec\1.13\batik-codec-1.13.jar;C:\Users\adire\.m2\repository\org\apache\xmlgraphics\batik-constants\1.13\batik-constants-1.13.jar;C:\Users\adire\.m2\repository\org\apache\xmlgraphics\batik-css\1.13\batik-css-1.13.jar;C:\Users\adire\.m2\repository\org\apache\xmlgraphics\batik-dom\1.13\batik-dom-1.13.jar;C:\Users\adire\.m2\repository\xalan\xalan\2.7.2\xalan-2.7.2.jar;C:\Users\adire\.m2\repository\xalan\serializer\2.7.2\serializer-2.7.2.jar;C:\Users\adire\.m2\repository\xml-apis\xml-apis\1.4.01\xml-apis-1.4.01.jar;C:\Users\adire\.m2\repository\org\apache\xmlgraphics\batik-ext\1.13\batik-ext-1.13.jar;C:\Users\adire\.m2\repository\org\apache\xmlgraphics\batik-extension\1.13\batik-extension-1.13.jar;C:\Users\adire\.m2\repository\org\apache\xmlgraphics\batik-gui-util\1.13\batik-gui-util-1.13.jar;C:\Users\adire\.m2\repository\org\apache\xmlgraphics\batik-gvt\1.13\batik-gvt-1.13.jar;C:\Users\adire\.m2\repository\org\apache\xmlgraphics\batik-i18n\1.13\batik-i18n-1.13.jar;C:\Users\adire\.m2\repository\org\apache\xmlgraphics\batik-parser\1.13\batik-parser-1.13.jar;C:\Users\adire\.m2\repository\org\apache\xmlgraphics\batik-rasterizer-ext\1.13\batik-rasterizer-ext-1.13.jar;C:\Users\adire\.m2\repository\org\apache\xmlgraphics\batik-rasterizer\1.13\batik-rasterizer-1.13.jar;C:\Users\adire\.m2\repository\org\apache\xmlgraphics\batik-script\1.13\batik-script-1.13.jar;C:\Users\adire\.m2\repository\org\apache\xmlgraphics\batik-slideshow\1.13\batik-slideshow-1.13.jar;C:\Users\adire\.m2\repository\org\apache\xmlgraphics\batik-squiggle-ext\1.13\batik-squiggle-ext-1.13.jar;C:\Users\adire\.m2\repository\org\apache\xmlgraphics\batik-squiggle\1.13\batik-squiggle-1.13.jar;C:\Users\adire\.m2\repository\org\apache\xmlgraphics\batik-svg-dom\1.13\batik-svg-dom-1.13.jar;C:\Users\adire\.m2\repository\org\apache\xmlgraphics\batik-svgbrowser\1.13\batik-svgbrowser-1.13.jar;C:\Users\adire\.m2\repository\org\apache\xmlgraphics\batik-svggen\1.13\batik-svggen-1.13.jar;C:\Users\adire\.m2\repository\org\apache\xmlgraphics\batik-svgpp\1.13\batik-svgpp-1.13.jar;C:\Users\adire\.m2\repository\org\apache\xmlgraphics\batik-svgrasterizer\1.13\batik-svgrasterizer-1.13.jar;C:\Users\adire\.m2\repository\org\apache\xmlgraphics\batik-swing\1.13\batik-swing-1.13.jar;C:\Users\adire\.m2\repository\org\apache\xmlgraphics\batik-transcoder\1.13\batik-transcoder-1.13.jar;C:\Users\adire\.m2\repository\org\apache\xmlgraphics\batik-util\1.13\batik-util-1.13.jar;C:\Users\adire\.m2\repository\org\apache\xmlgraphics\batik-ttf2svg\1.13\batik-ttf2svg-1.13.jar;C:\Users\adire\.m2\repository\org\apache\xmlgraphics\batik-xml\1.13\batik-xml-1.13.jar;C:\Users\adire\.m2\repository\de\rototor\pdfbox\graphics2d\0.30\graphics2d-0.30.jar;C:\Users\adire\.m2\repository\org\apache\pdfbox\pdfbox\2.0.22\pdfbox-2.0.22.jar;C:\Users\adire\.m2\repository\org\apache\pdfbox\fontbox\2.0.22\fontbox-2.0.22.jar;C:\Users\adire\.m2\repository\com\fasterxml\jackson\core\jackson-core\2.17.1\jackson-core-2.17.1.jar;C:\Users\adire\.m2\repository\com\fasterxml\jackson\core\jackson-annotations\2.17.1\jackson-annotations-2.17.1.jar;C:\Users\adire\.m2\repository\com\fasterxml\jackson\core\jackson-databind\2.17.1\jackson-databind-2.17.1.jar;"/>
    <property name="java.vm.vendor" value="Eclipse Adoptium"/>
    <property name="sun.arch.data.model" value="64"/>
    <property name="user.variant" value=""/>
    <property name="java.vendor.url" value="https://adoptium.net/"/>
    <property name="user.timezone" value="Asia/Jakarta"/>
    <property name="os.name" value="Windows 11"/>
    <property name="java.vm.specification.version" value="21"/>
    <property name="sun.java.launcher" value="SUN_STANDARD"/>
    <property name="user.country" value="ID"/>
    <property name="sun.boot.library.path" value="C:\Program Files\Eclipse Adoptium\jdk-21.0.8.9-hotspot\bin"/>
    <property name="sun.java.command" value="C:\Users\adire\AppData\Local\Temp\surefire18164128351866709390\surefirebooter-20250828010738173_3.jar C:\Users\adire\AppData\Local\Temp\surefire18164128351866709390 2025-08-28T01-07-38_004-jvmRun1 surefire-20250828010738173_1tmp surefire_0-20250828010738173_2tmp"/>
    <property name="jdk.debug" value="release"/>
    <property name="surefire.test.class.path" value="C:\Users\adire\TAJuaraCoding\target\test-classes;C:\Users\adire\TAJuaraCoding\target\classes;C:\Users\adire\.m2\repository\org\seleniumhq\selenium\selenium-java\4.34.0\selenium-java-4.34.0.jar;C:\Users\adire\.m2\repository\org\seleniumhq\selenium\selenium-api\4.34.0\selenium-api-4.34.0.jar;C:\Users\adire\.m2\repository\org\jspecify\jspecify\1.0.0\jspecify-1.0.0.jar;C:\Users\adire\.m2\repository\org\seleniumhq\selenium\selenium-chrome-driver\4.34.0\selenium-chrome-driver-4.34.0.jar;C:\Users\adire\.m2\repository\com\google\auto\service\auto-service-annotations\1.1.1\auto-service-annotations-1.1.1.jar;C:\Users\adire\.m2\repository\org\seleniumhq\selenium\selenium-chromium-driver\4.34.0\selenium-chromium-driver-4.34.0.jar;C:\Users\adire\.m2\repository\org\seleniumhq\selenium\selenium-json\4.34.0\selenium-json-4.34.0.jar;C:\Users\adire\.m2\repository\org\seleniumhq\selenium\selenium-manager\4.34.0\selenium-manager-4.34.0.jar;C:\Users\adire\.m2\repository\org\seleniumhq\selenium\selenium-devtools-v136\4.34.0\selenium-devtools-v136-4.34.0.jar;C:\Users\adire\.m2\repository\org\seleniumhq\selenium\selenium-devtools-v137\4.34.0\selenium-devtools-v137-4.34.0.jar;C:\Users\adire\.m2\repository\org\seleniumhq\selenium\selenium-devtools-v138\4.34.0\selenium-devtools-v138-4.34.0.jar;C:\Users\adire\.m2\repository\org\seleniumhq\selenium\selenium-edge-driver\4.34.0\selenium-edge-driver-4.34.0.jar;C:\Users\adire\.m2\repository\org\seleniumhq\selenium\selenium-firefox-driver\4.34.0\selenium-firefox-driver-4.34.0.jar;C:\Users\adire\.m2\repository\org\seleniumhq\selenium\selenium-http\4.34.0\selenium-http-4.34.0.jar;C:\Users\adire\.m2\repository\org\seleniumhq\selenium\selenium-ie-driver\4.34.0\selenium-ie-driver-4.34.0.jar;C:\Users\adire\.m2\repository\org\seleniumhq\selenium\selenium-remote-driver\4.34.0\selenium-remote-driver-4.34.0.jar;C:\Users\adire\.m2\repository\com\google\guava\guava\33.4.8-jre\guava-33.4.8-jre.jar;C:\Users\adire\.m2\repository\com\google\guava\failureaccess\1.0.3\failureaccess-1.0.3.jar;C:\Users\adire\.m2\repository\com\google\guava\listenablefuture\9999.0-empty-to-avoid-conflict-with-guava\listenablefuture-9999.0-empty-to-avoid-conflict-with-guava.jar;C:\Users\adire\.m2\repository\com\google\errorprone\error_prone_annotations\2.36.0\error_prone_annotations-2.36.0.jar;C:\Users\adire\.m2\repository\com\google\j2objc\j2objc-annotations\3.0.0\j2objc-annotations-3.0.0.jar;C:\Users\adire\.m2\repository\io\opentelemetry\opentelemetry-api\1.51.0\opentelemetry-api-1.51.0.jar;C:\Users\adire\.m2\repository\io\opentelemetry\opentelemetry-context\1.51.0\opentelemetry-context-1.51.0.jar;C:\Users\adire\.m2\repository\io\opentelemetry\opentelemetry-exporter-logging\1.51.0\opentelemetry-exporter-logging-1.51.0.jar;C:\Users\adire\.m2\repository\io\opentelemetry\opentelemetry-sdk-common\1.51.0\opentelemetry-sdk-common-1.51.0.jar;C:\Users\adire\.m2\repository\io\opentelemetry\opentelemetry-sdk-extension-autoconfigure-spi\1.51.0\opentelemetry-sdk-extension-autoconfigure-spi-1.51.0.jar;C:\Users\adire\.m2\repository\io\opentelemetry\opentelemetry-sdk-extension-autoconfigure\1.51.0\opentelemetry-sdk-extension-autoconfigure-1.51.0.jar;C:\Users\adire\.m2\repository\io\opentelemetry\opentelemetry-sdk-trace\1.51.0\opentelemetry-sdk-trace-1.51.0.jar;C:\Users\adire\.m2\repository\io\opentelemetry\opentelemetry-sdk\1.51.0\opentelemetry-sdk-1.51.0.jar;C:\Users\adire\.m2\repository\io\opentelemetry\opentelemetry-sdk-metrics\1.51.0\opentelemetry-sdk-metrics-1.51.0.jar;C:\Users\adire\.m2\repository\io\opentelemetry\opentelemetry-sdk-logs\1.51.0\opentelemetry-sdk-logs-1.51.0.jar;C:\Users\adire\.m2\repository\net\bytebuddy\byte-buddy\1.17.6\byte-buddy-1.17.6.jar;C:\Users\adire\.m2\repository\org\seleniumhq\selenium\selenium-os\4.34.0\selenium-os-4.34.0.jar;C:\Users\adire\.m2\repository\org\apache\commons\commons-exec\1.5.0\commons-exec-1.5.0.jar;C:\Users\adire\.m2\repository\org\seleniumhq\selenium\selenium-safari-driver\4.34.0\selenium-safari-driver-4.34.0.jar;C:\Users\adire\.m2\repository\org\seleniumhq\selenium\selenium-support\4.34.0\selenium-support-4.34.0.jar;C:\Users\adire\.m2\repository\org\testng\testng\7.11.0\testng-7.11.0.jar;C:\Users\adire\.m2\repository\org\slf4j\slf4j-api\2.0.16\slf4j-api-2.0.16.jar;C:\Users\adire\.m2\repository\org\jcommander\jcommander\1.83\jcommander-1.83.jar;C:\Users\adire\.m2\repository\org\webjars\jquery\3.7.1\jquery-3.7.1.jar;C:\Users\adire\.m2\repository\org\apache\poi\poi\5.0.0\poi-5.0.0.jar;C:\Users\adire\.m2\repository\org\slf4j\jcl-over-slf4j\1.7.30\jcl-over-slf4j-1.7.30.jar;C:\Users\adire\.m2\repository\commons-codec\commons-codec\1.15\commons-codec-1.15.jar;C:\Users\adire\.m2\repository\org\apache\commons\commons-collections4\4.4\commons-collections4-4.4.jar;C:\Users\adire\.m2\repository\org\apache\commons\commons-math3\3.6.1\commons-math3-3.6.1.jar;C:\Users\adire\.m2\repository\com\zaxxer\SparseBitSet\1.2\SparseBitSet-1.2.jar;C:\Users\adire\.m2\repository\org\apache\poi\poi-ooxml\5.0.0\poi-ooxml-5.0.0.jar;C:\Users\adire\.m2\repository\org\apache\poi\poi-ooxml-lite\5.0.0\poi-ooxml-lite-5.0.0.jar;C:\Users\adire\.m2\repository\org\apache\xmlbeans\xmlbeans\4.0.0\xmlbeans-4.0.0.jar;C:\Users\adire\.m2\repository\org\apache\commons\commons-compress\1.20\commons-compress-1.20.jar;C:\Users\adire\.m2\repository\com\github\virtuald\curvesapi\1.06\curvesapi-1.06.jar;C:\Users\adire\.m2\repository\org\bouncycastle\bcpkix-jdk15on\1.68\bcpkix-jdk15on-1.68.jar;C:\Users\adire\.m2\repository\org\bouncycastle\bcprov-jdk15on\1.68\bcprov-jdk15on-1.68.jar;C:\Users\adire\.m2\repository\org\apache\santuario\xmlsec\2.2.1\xmlsec-2.2.1.jar;C:\Users\adire\.m2\repository\com\fasterxml\woodstox\woodstox-core\5.2.1\woodstox-core-5.2.1.jar;C:\Users\adire\.m2\repository\org\codehaus\woodstox\stax2-api\4.2\stax2-api-4.2.jar;C:\Users\adire\.m2\repository\jakarta\xml\bind\jakarta.xml.bind-api\2.3.2\jakarta.xml.bind-api-2.3.2.jar;C:\Users\adire\.m2\repository\jakarta\activation\jakarta.activation-api\1.2.1\jakarta.activation-api-1.2.1.jar;C:\Users\adire\.m2\repository\org\apache\xmlgraphics\batik-all\1.13\batik-all-1.13.jar;C:\Users\adire\.m2\repository\org\apache\xmlgraphics\batik-anim\1.13\batik-anim-1.13.jar;C:\Users\adire\.m2\repository\org\apache\xmlgraphics\batik-shared-resources\1.13\batik-shared-resources-1.13.jar;C:\Users\adire\.m2\repository\xml-apis\xml-apis-ext\1.3.04\xml-apis-ext-1.3.04.jar;C:\Users\adire\.m2\repository\org\apache\xmlgraphics\batik-awt-util\1.13\batik-awt-util-1.13.jar;C:\Users\adire\.m2\repository\org\apache\xmlgraphics\xmlgraphics-commons\2.4\xmlgraphics-commons-2.4.jar;C:\Users\adire\.m2\repository\commons-io\commons-io\1.3.1\commons-io-1.3.1.jar;C:\Users\adire\.m2\repository\org\apache\xmlgraphics\batik-bridge\1.13\batik-bridge-1.13.jar;C:\Users\adire\.m2\repository\org\apache\xmlgraphics\batik-codec\1.13\batik-codec-1.13.jar;C:\Users\adire\.m2\repository\org\apache\xmlgraphics\batik-constants\1.13\batik-constants-1.13.jar;C:\Users\adire\.m2\repository\org\apache\xmlgraphics\batik-css\1.13\batik-css-1.13.jar;C:\Users\adire\.m2\repository\org\apache\xmlgraphics\batik-dom\1.13\batik-dom-1.13.jar;C:\Users\adire\.m2\repository\xalan\xalan\2.7.2\xalan-2.7.2.jar;C:\Users\adire\.m2\repository\xalan\serializer\2.7.2\serializer-2.7.2.jar;C:\Users\adire\.m2\repository\xml-apis\xml-apis\1.4.01\xml-apis-1.4.01.jar;C:\Users\adire\.m2\repository\org\apache\xmlgraphics\batik-ext\1.13\batik-ext-1.13.jar;C:\Users\adire\.m2\repository\org\apache\xmlgraphics\batik-extension\1.13\batik-extension-1.13.jar;C:\Users\adire\.m2\repository\org\apache\xmlgraphics\batik-gui-util\1.13\batik-gui-util-1.13.jar;C:\Users\adire\.m2\repository\org\apache\xmlgraphics\batik-gvt\1.13\batik-gvt-1.13.jar;C:\Users\adire\.m2\repository\org\apache\xmlgraphics\batik-i18n\1.13\batik-i18n-1.13.jar;C:\Users\adire\.m2\repository\org\apache\xmlgraphics\batik-parser\1.13\batik-parser-1.13.jar;C:\Users\adire\.m2\repository\org\apache\xmlgraphics\batik-rasterizer-ext\1.13\batik-rasterizer-ext-1.13.jar;C:\Users\adire\.m2\repository\org\apache\xmlgraphics\batik-rasterizer\1.13\batik-rasterizer-1.13.jar;C:\Users\adire\.m2\repository\org\apache\xmlgraphics\batik-script\1.13\batik-script-1.13.jar;C:\Users\adire\.m2\repository\org\apache\xmlgraphics\batik-slideshow\1.13\batik-slideshow-1.13.jar;C:\Users\adire\.m2\repository\org\apache\xmlgraphics\batik-squiggle-ext\1.13\batik-squiggle-ext-1.13.jar;C:\Users\adire\.m2\repository\org\apache\xmlgraphics\batik-squiggle\1.13\batik-squiggle-1.13.jar;C:\Users\adire\.m2\repository\org\apache\xmlgraphics\batik-svg-dom\1.13\batik-svg-dom-1.13.jar;C:\Users\adire\.m2\repository\org\apache\xmlgraphics\batik-svgbrowser\1.13\batik-svgbrowser-1.13.jar;C:\Users\adire\.m2\repository\org\apache\xmlgraphics\batik-svggen\1.13\batik-svggen-1.13.jar;C:\Users\adire\.m2\repository\org\apache\xmlgraphics\batik-svgpp\1.13\batik-svgpp-1.13.jar;C:\Users\adire\.m2\repository\org\apache\xmlgraphics\batik-svgrasterizer\1.13\batik-svgrasterizer-1.13.jar;C:\Users\adire\.m2\repository\org\apache\xmlgraphics\batik-swing\1.13\batik-swing-1.13.jar;C:\Users\adire\.m2\repository\org\apache\xmlgraphics\batik-transcoder\1.13\batik-transcoder-1.13.jar;C:\Users\adire\.m2\repository\org\apache\xmlgraphics\batik-util\1.13\batik-util-1.13.jar;C:\Users\adire\.m2\repository\org\apache\xmlgraphics\batik-ttf2svg\1.13\batik-ttf2svg-1.13.jar;C:\Users\adire\.m2\repository\org\apache\xmlgraphics\batik-xml\1.13\batik-xml-1.13.jar;C:\Users\adire\.m2\repository\de\rototor\pdfbox\graphics2d\0.30\graphics2d-0.30.jar;C:\Users\adire\.m2\repository\org\apache\pdfbox\pdfbox\2.0.22\pdfbox-2.0.22.jar;C:\Users\adire\.m2\repository\org\apache\pdfbox\fontbox\2.0.22\fontbox-2.0.22.jar;C:\Users\adire\.m2\repository\com\fasterxml\jackson\core\jackson-core\2.17.1\jackson-core-2.17.1.jar;C:\Users\adire\.m2\repository\com\fasterxml\jackson\core\jackson-annotations\2.17.1\jackson-annotations-2.17.1.jar;C:\Users\adire\.m2\repository\com\fasterxml\jackson\core\jackson-databind\2.17.1\jackson-databind-2.17.1.jar;"/>
    <property name="sun.cpu.endian" value="little"/>
    <property name="user.home" value="C:\Users\adire"/>
    <property name="user.language" value="en"/>
    <property name="java.specification.vendor" value="Oracle Corporation"/>
    <property name="java.version.date" value="2025-07-15"/>
    <property name="java.home" value="C:\Program Files\Eclipse Adoptium\jdk-21.0.8.9-hotspot"/>
    <property name="file.separator" value="\"/>
    <property name="basedir" value="C:\Users\adire\TAJuaraCoding"/>
    <property name="java.vm.compressedOopsMode" value="Zero based"/>
    <property name="line.separator" value="&#10;"/>
    <property name="java.vm.specification.vendor" value="Oracle Corporation"/>
    <property name="java.specification.name" value="Java Platform API Specification"/>
    <property name="surefire.real.class.path" value="C:\Users\adire\AppData\Local\Temp\surefire18164128351866709390\surefirebooter-20250828010738173_3.jar"/>
    <property name="user.script" value=""/>
    <property name="sun.management.compiler" value="HotSpot 64-Bit Tiered Compilers"/>
    <property name="java.runtime.version" value="21.0.8+9-LTS"/>
    <property name="user.name" value="adire"/>
    <property name="stdout.encoding" value="Cp1252"/>
    <property name="path.separator" value=";"/>
    <property name="os.version" value="10.0"/>
    <property name="java.runtime.name" value="OpenJDK Runtime Environment"/>
    <property name="file.encoding" value="UTF-8"/>
    <property name="java.vm.name" value="OpenJDK 64-Bit Server VM"/>
    <property name="java.vendor.version" value="Temurin-21.0.8+9"/>
    <property name="localRepository" value="C:\Users\adire\.m2\repository"/>
    <property name="java.vendor.url.bug" value="https://github.com/adoptium/adoptium-support/issues"/>
    <property name="java.io.tmpdir" value="C:\Users\adire\AppData\Local\Temp\"/>
    <property name="java.version" value="21.0.8"/>
    <property name="user.dir" value="C:\Users\adire\TAJuaraCoding"/>
    <property name="os.arch" value="amd64"/>
    <property name="java.vm.specification.name" value="Java Virtual Machine Specification"/>
    <property name="sun.os.patch.level" value=""/>
    <property name="native.encoding" value="Cp1252"/>
    <property name="java.library.path" value="C:\Program Files\Eclipse Adoptium\jdk-21.0.8.9-hotspot\bin;C:\WINDOWS\Sun\Java\bin;C:\WINDOWS\system32;C:\WINDOWS;C:\Program Files\Eclipse Adoptium\jdk-21.0.8.9-hotspot\bin;C:\Program Files\Common Files\Oracle\Java\javapath;C:\Windows\system32;C:\Windows;C:\Windows\System32\Wbem;C:\Windows\System32\WindowsPowerShell\v1.0\;C:\Windows\System32\OpenSSH\;C:\Program Files (x86)\NVIDIA Corporation\PhysX\Common;C:\WINDOWS\system32;C:\WINDOWS;C:\WINDOWS\System32\Wbem;C:\WINDOWS\System32\WindowsPowerShell\v1.0\;C:\WINDOWS\System32\OpenSSH\;C:\Program Files\dotnet\;C:\Program Files\NVIDIA Corporation\NVIDIA app\NvDLISR;C:\Program Files\Git\cmd;C:\Program Files\apache-maven-3.9.10-bin\apache-maven-3.9.10\bin;C:\Program Files\nodejs\;C:\Users\adire\AppData\Local\Android\cmdline-tools\tools\bin;C:\Users\adire\AppData\Local\Android\Android\platform-tools;C:\WINDOWS\system32;C:\WINDOWS;C:\WINDOWS\System32\Wbem;C:\WINDOWS\System32\WindowsPowerShell\v1.0\;C:\WINDOWS\System32\OpenSSH\;C:\Program Files\PostgreSQL\17\bin;C:\Users\adire\AppData\Local\Programs\Python\Python313\Scripts\;C:\Users\adire\AppData\Local\Programs\Python\Python313\;C:\Users\adire\AppData\Local\Programs\Python\Launcher\;C:\Program Files\MySQL\MySQL Shell 8.0\bin\;C:\Users\adire\AppData\Local\Microsoft\WindowsApps;C:\Users\adire\AppData\Local\Programs\Microsoft VS Code\bin;C:\xampp\php;C:\Users\adire\AppData\Roaming\npm;;c:\Users\adire\AppData\Roaming\Code\User\globalStorage\github.copilot-chat\debugCommand;."/>
    <property name="java.vm.info" value="mixed mode, sharing"/>
    <property name="stderr.encoding" value="Cp1252"/>
    <property name="java.vendor" value="Eclipse Adoptium"/>
    <property name="java.vm.version" value="21.0.8+9-LTS"/>
    <property name="sun.io.unicode.encoding" value="UnicodeLittle"/>
    <property name="java.class.version" value="65.0"/>
  </properties>
  <testcase name="testLogin" classname="com.juaracoding.tajuaracoding.login.PositiveLoginTest" time="3.907">
    <system-out><![CDATA[Current URL after login: https://magang.dikahadir.com/dashboards/pending
]]></system-out>
    <system-err><![CDATA[SLF4J(W): No SLF4J providers were found.
SLF4J(W): Defaulting to no-operation (NOP) logger implementation
SLF4J(W): See https://www.slf4j.org/codes.html#noProviders for further details.
]]></system-err>
  </testcase>
  <testcase name="InvalidEmail" classname="com.juaracoding.tajuaracoding.login.NegativeLoginTest" time="1.021">
    <system-out><![CDATA[Akun tidak ditemukan
Current URL: https://magang.dikahadir.com/authentication/login
]]></system-out>
  </testcase>
  <testcase name="InvalidFormatEmail" classname="com.juaracoding.tajuaracoding.login.NegativeLoginTest" time="10.857">
    <system-out><![CDATA[Please enter an email address.
Current URL: https://magang.dikahadir.com/authentication/login
]]></system-out>
  </testcase>
  <testcase name="InvalidPassword" classname="com.juaracoding.tajuaracoding.login.NegativeLoginTest" time="0.909">
    <system-out><![CDATA[Current URL: https://magang.dikahadir.com/authentication/login
]]></system-out>
  </testcase>
  <testcase name="NullEmail" classname="com.juaracoding.tajuaracoding.login.NegativeLoginTest" time="0.872">
    <system-out><![CDATA[Current URL: https://magang.dikahadir.com/authentication/login
]]></system-out>
  </testcase>
  <testcase name="NullEmailandPassword" classname="com.juaracoding.tajuaracoding.login.NegativeLoginTest" time="0.894">
    <system-out><![CDATA[Current URL: https://magang.dikahadir.com/authentication/login
]]></system-out>
  </testcase>
  <testcase name="NullPassword" classname="com.juaracoding.tajuaracoding.login.NegativeLoginTest" time="0.876">
    <system-out><![CDATA[Current URL: https://magang.dikahadir.com/authentication/login
]]></system-out>
  </testcase>
  <testcase name="logoutTest" classname="com.juaracoding.tajuaracoding.login.LogoutTest" time="6.225">
    <system-out><![CDATA[Current URL after login: https://magang.dikahadir.com/dashboards/pending
]]></system-out>
  </testcase>
  <testcase name="testSemuaPageVerification" classname="com.juaracoding.tajuaracoding.laporan.SemuaTest" time="3.968">
    <system-out><![CDATA[✓ Navigation to Semua completed successfully
✓ Page verification completed successfully for all
]]></system-out>
  </testcase>
  <testcase name="testDateRangeFilter" classname="com.juaracoding.tajuaracoding.laporan.SemuaTest" time="7.365">
    <system-out><![CDATA[✓ Navigation to Semua completed successfully
✓ Date filter applied successfully: 08 Agt 2025 to 22 Agt 2025
]]></system-out>
  </testcase>
  <testcase name="testPositiveSearch" classname="com.juaracoding.tajuaracoding.laporan.SemuaTest" time="6.131">
    <failure message="Expected to find results for keyword: Hadir" type="java.lang.AssertionError"><![CDATA[java.lang.AssertionError: Expected to find results for keyword: Hadir
	at com.juaracoding.tajuaracoding.pages.actions.SearchAction.execute(SearchAction.java:40)
	at com.juaracoding.tajuaracoding.pages.actions.CompositeActionBuilder.execute(CompositeActionBuilder.java:110)
	at com.juaracoding.tajuaracoding.laporan.SemuaTest.testPositiveSearch(SemuaTest.java:32)
	at java.base/jdk.internal.reflect.DirectMethodHandleAccessor.invoke(DirectMethodHandleAccessor.java:103)
	at java.base/java.lang.reflect.Method.invoke(Method.java:580)
	at org.testng.internal.invokers.MethodInvocationHelper.invokeMethod(MethodInvocationHelper.java:141)
	at org.testng.internal.invokers.TestInvoker.invokeMethod(TestInvoker.java:687)
	at org.testng.internal.invokers.TestInvoker.invokeTestMethod(TestInvoker.java:230)
	at org.testng.internal.invokers.MethodRunner.runInSequence(MethodRunner.java:63)
	at org.testng.internal.invokers.TestInvoker$MethodInvocationAgent.invoke(TestInvoker.java:995)
	at org.testng.internal.invokers.TestInvoker.invokeTestMethods(TestInvoker.java:203)
	at org.testng.internal.invokers.TestMethodWorker.invokeTestMethods(TestMethodWorker.java:154)
	at org.testng.internal.invokers.TestMethodWorker.run(TestMethodWorker.java:134)
	at java.base/java.util.ArrayList.forEach(ArrayList.java:1596)
	at org.testng.TestRunner.privateRun(TestRunner.java:741)
	at org.testng.TestRunner.run(TestRunner.java:616)
	at org.testng.SuiteRunner.runTest(SuiteRunner.java:421)
	at org.testng.SuiteRunner.runSequentially(SuiteRunner.java:413)
	at org.testng.SuiteRunner.privateRun(SuiteRunner.java:373)
	at org.testng.SuiteRunner.run(SuiteRunner.java:312)
	at org.testng.SuiteRunnerWorker.runSuite(SuiteRunnerWorker.java:52)
	at org.testng.SuiteRunnerWorker.run(SuiteRunnerWorker.java:95)
	at org.testng.TestNG.runSuitesSequentially(TestNG.java:1274)
	at org.testng.TestNG.runSuitesLocally(TestNG.java:1208)
	at org.testng.TestNG.runSuites(TestNG.java:1112)
	at org.testng.TestNG.run(TestNG.java:1079)
	at org.apache.maven.surefire.testng.TestNGExecutor.run(TestNGExecutor.java:308)
	at org.apache.maven.surefire.testng.TestNGXmlTestSuite.execute(TestNGXmlTestSuite.java:71)
	at org.apache.maven.surefire.testng.TestNGProvider.invoke(TestNGProvider.java:113)
	at org.apache.maven.surefire.booter.ForkedBooter.runSuitesInProcess(ForkedBooter.java:385)
	at org.apache.maven.surefire.booter.ForkedBooter.execute(ForkedBooter.java:162)
	at org.apache.maven.surefire.booter.ForkedBooter.run(ForkedBooter.java:507)
	at org.apache.maven.surefire.booter.ForkedBooter.main(ForkedBooter.java:495)
]]></failure>
    <system-out><![CDATA[✓ Navigation to Semua completed successfully
]]></system-out>
  </testcase>
  <testcase name="testNegativeSearch" classname="com.juaracoding.tajuaracoding.laporan.SemuaTest" time="6.025">
    <system-out><![CDATA[✓ Navigation to Semua completed successfully
✓ Search completed for keyword: UserNihil (no results as expected)
]]></system-out>
  </testcase>
  <testcase name="testPositiveSearchWithDateRangeFilter" classname="com.juaracoding.tajuaracoding.laporan.SemuaTest" time="9.464">
    <system-out><![CDATA[✓ Navigation to Semua completed successfully
✓ Date filter applied successfully: 08 Agt 2025 to 22 Agt 2025
✓ Search completed for keyword: Hadir (results found)
]]></system-out>
  </testcase>
  <testcase name="testPositiveUnitFilter" classname="com.juaracoding.tajuaracoding.laporan.SemuaTest" time="7.738">
    <system-out><![CDATA[✓ Navigation to Semua completed successfully
Option 'Sysmex' tidak ditemukan, lanjut klik Terapkan
✓ Unit filter berhasil untuk: Sysmex
]]></system-out>
  </testcase>
  <testcase name="testNegativeUnitFilter" classname="com.juaracoding.tajuaracoding.laporan.SemuaTest" time="7.73">
    <failure message="Action failed: Unit filter gagal untuk: UnitNihil | Error: Hasil filter ada padahal seharusnya kosong untuk: UnitNihil" type="java.lang.RuntimeException"><![CDATA[java.lang.RuntimeException: Action failed: Unit filter gagal untuk: UnitNihil | Error: Hasil filter ada padahal seharusnya kosong untuk: UnitNihil
	at com.juaracoding.tajuaracoding.pages.actions.CompositeActionBuilder.execute(CompositeActionBuilder.java:112)
	at com.juaracoding.tajuaracoding.laporan.SemuaTest.testNegativeUnitFilter(SemuaTest.java:65)
	at java.base/jdk.internal.reflect.DirectMethodHandleAccessor.invoke(DirectMethodHandleAccessor.java:103)
	at java.base/java.lang.reflect.Method.invoke(Method.java:580)
	at org.testng.internal.invokers.MethodInvocationHelper.invokeMethod(MethodInvocationHelper.java:141)
	at org.testng.internal.invokers.TestInvoker.invokeMethod(TestInvoker.java:687)
	at org.testng.internal.invokers.TestInvoker.invokeTestMethod(TestInvoker.java:230)
	at org.testng.internal.invokers.MethodRunner.runInSequence(MethodRunner.java:63)
	at org.testng.internal.invokers.TestInvoker$MethodInvocationAgent.invoke(TestInvoker.java:995)
	at org.testng.internal.invokers.TestInvoker.invokeTestMethods(TestInvoker.java:203)
	at org.testng.internal.invokers.TestMethodWorker.invokeTestMethods(TestMethodWorker.java:154)
	at org.testng.internal.invokers.TestMethodWorker.run(TestMethodWorker.java:134)
	at java.base/java.util.ArrayList.forEach(ArrayList.java:1596)
	at org.testng.TestRunner.privateRun(TestRunner.java:741)
	at org.testng.TestRunner.run(TestRunner.java:616)
	at org.testng.SuiteRunner.runTest(SuiteRunner.java:421)
	at org.testng.SuiteRunner.runSequentially(SuiteRunner.java:413)
	at org.testng.SuiteRunner.privateRun(SuiteRunner.java:373)
	at org.testng.SuiteRunner.run(SuiteRunner.java:312)
	at org.testng.SuiteRunnerWorker.runSuite(SuiteRunnerWorker.java:52)
	at org.testng.SuiteRunnerWorker.run(SuiteRunnerWorker.java:95)
	at org.testng.TestNG.runSuitesSequentially(TestNG.java:1274)
	at org.testng.TestNG.runSuitesLocally(TestNG.java:1208)
	at org.testng.TestNG.runSuites(TestNG.java:1112)
	at org.testng.TestNG.run(TestNG.java:1079)
	at org.apache.maven.surefire.testng.TestNGExecutor.run(TestNGExecutor.java:308)
	at org.apache.maven.surefire.testng.TestNGXmlTestSuite.execute(TestNGXmlTestSuite.java:71)
	at org.apache.maven.surefire.testng.TestNGProvider.invoke(TestNGProvider.java:113)
	at org.apache.maven.surefire.booter.ForkedBooter.runSuitesInProcess(ForkedBooter.java:385)
	at org.apache.maven.surefire.booter.ForkedBooter.execute(ForkedBooter.java:162)
	at org.apache.maven.surefire.booter.ForkedBooter.run(ForkedBooter.java:507)
	at org.apache.maven.surefire.booter.ForkedBooter.main(ForkedBooter.java:495)
]]></failure>
    <system-out><![CDATA[✓ Navigation to Semua completed successfully
Option 'UnitNihil' tidak ditemukan, lanjut klik Terapkan
]]></system-out>
  </testcase>
  <testcase name="testPositiveUnitFilterWithDateRangeFilter" classname="com.juaracoding.tajuaracoding.laporan.SemuaTest" time="13.429">
    <system-out><![CDATA[✓ Navigation to Semua completed successfully
✓ Date filter applied successfully: 01 Agt 2025 to 31 Agt 2025
Option 'Sysmex' tidak ditemukan, lanjut klik Terapkan
✓ Unit filter berhasil untuk: Sysmex
✓ Slept for 2000 milliseconds
]]></system-out>
  </testcase>
  <testcase name="testCombinationFilter" classname="com.juaracoding.tajuaracoding.laporan.SemuaTest" time="19.128">
    <system-out><![CDATA[✓ Navigation to Semua completed successfully
✓ Slept for 2000 milliseconds
✓ Date filter applied successfully: 08 Agt 2025 to 22 Agt 2025
Klik dropdown: Sysmex
✓ Filter sukses: ditemukan 16 records (unit ditemukan? true)
✓ Slept for 2000 milliseconds
✓ Search completed for keyword: Testing (results found)
]]></system-out>
  </testcase>
  <testcase name="testResetAllFilters" classname="com.juaracoding.tajuaracoding.laporan.SemuaTest" time="17.344">
    <failure message="Unit Name masih ada value setelah reset: Sysmex expected [true] but found [false]" type="java.lang.AssertionError"><![CDATA[java.lang.AssertionError: Unit Name masih ada value setelah reset: Sysmex expected [true] but found [false]
	at org.testng.Assert.fail(Assert.java:111)
	at org.testng.Assert.failNotEquals(Assert.java:1590)
	at org.testng.Assert.assertTrue(Assert.java:57)
	at com.juaracoding.tajuaracoding.pages.actions.ResetFilterAction.execute(ResetFilterAction.java:41)
	at com.juaracoding.tajuaracoding.pages.actions.CompositeActionBuilder.execute(CompositeActionBuilder.java:110)
	at com.juaracoding.tajuaracoding.laporan.SemuaTest.testResetAllFilters(SemuaTest.java:98)
	at java.base/jdk.internal.reflect.DirectMethodHandleAccessor.invoke(DirectMethodHandleAccessor.java:103)
	at java.base/java.lang.reflect.Method.invoke(Method.java:580)
	at org.testng.internal.invokers.MethodInvocationHelper.invokeMethod(MethodInvocationHelper.java:141)
	at org.testng.internal.invokers.TestInvoker.invokeMethod(TestInvoker.java:687)
	at org.testng.internal.invokers.TestInvoker.invokeTestMethod(TestInvoker.java:230)
	at org.testng.internal.invokers.MethodRunner.runInSequence(MethodRunner.java:63)
	at org.testng.internal.invokers.TestInvoker$MethodInvocationAgent.invoke(TestInvoker.java:995)
	at org.testng.internal.invokers.TestInvoker.invokeTestMethods(TestInvoker.java:203)
	at org.testng.internal.invokers.TestMethodWorker.invokeTestMethods(TestMethodWorker.java:154)
	at org.testng.internal.invokers.TestMethodWorker.run(TestMethodWorker.java:134)
	at java.base/java.util.ArrayList.forEach(ArrayList.java:1596)
	at org.testng.TestRunner.privateRun(TestRunner.java:741)
	at org.testng.TestRunner.run(TestRunner.java:616)
	at org.testng.SuiteRunner.runTest(SuiteRunner.java:421)
	at org.testng.SuiteRunner.runSequentially(SuiteRunner.java:413)
	at org.testng.SuiteRunner.privateRun(SuiteRunner.java:373)
	at org.testng.SuiteRunner.run(SuiteRunner.java:312)
	at org.testng.SuiteRunnerWorker.runSuite(SuiteRunnerWorker.java:52)
	at org.testng.SuiteRunnerWorker.run(SuiteRunnerWorker.java:95)
	at org.testng.TestNG.runSuitesSequentially(TestNG.java:1274)
	at org.testng.TestNG.runSuitesLocally(TestNG.java:1208)
	at org.testng.TestNG.runSuites(TestNG.java:1112)
	at org.testng.TestNG.run(TestNG.java:1079)
	at org.apache.maven.surefire.testng.TestNGExecutor.run(TestNGExecutor.java:308)
	at org.apache.maven.surefire.testng.TestNGXmlTestSuite.execute(TestNGXmlTestSuite.java:71)
	at org.apache.maven.surefire.testng.TestNGProvider.invoke(TestNGProvider.java:113)
	at org.apache.maven.surefire.booter.ForkedBooter.runSuitesInProcess(ForkedBooter.java:385)
	at org.apache.maven.surefire.booter.ForkedBooter.execute(ForkedBooter.java:162)
	at org.apache.maven.surefire.booter.ForkedBooter.run(ForkedBooter.java:507)
	at org.apache.maven.surefire.booter.ForkedBooter.main(ForkedBooter.java:495)
]]></failure>
    <system-out><![CDATA[✓ Navigation to Semua completed successfully
✓ Date filter applied successfully: 08 Agt 2025 to 22 Agt 2025
Klik dropdown: Sysmex
✓ Filter sukses: ditemukan 16 records (unit ditemukan? true)
✓ Search completed for keyword: Testing (results found)
]]></system-out>
  </testcase>
  <testcase name="testStatusCheck" classname="com.juaracoding.tajuaracoding.laporan.SemuaTest" time="14.921">
    <system-out><![CDATA[✓ Navigation to Semua completed successfully
✓ Date filter applied successfully: 01 Agt 2025 to 31 Agt 2025
Page 1 → ditemukan: [cuti, sakit, work from office, work from home]
Page 2 → ditemukan: [cuti, work from office, sakit]
Page 3 → ditemukan: [sakit, work from home, work from office, lembur, cuti]
Semua expected status sudah ditemukan, stop pagination.
✓ Semua status berhasil ditemukan: [lembur, work from office, cuti, sakit, work from home]
✓ ✓ Semua status berhasil ditemukan: [lembur, work from office, cuti, sakit, work from home]
✓ Slept for 5000 milliseconds
]]></system-out>
  </testcase>
  <testcase name="testKehadiranPageVerification" classname="com.juaracoding.tajuaracoding.laporan.KehadiranTest" time="4.78">
    <system-out><![CDATA[✓ Navigation to Kehadiran completed successfully
✓ Page verification completed successfully for activity
]]></system-out>
  </testcase>
  <testcase name="testDateRangeFilter" classname="com.juaracoding.tajuaracoding.laporan.KehadiranTest" time="10.426">
    <system-out><![CDATA[✓ Navigation to Kehadiran completed successfully
✓ ✅ Data Before filter berhasil diambil: total=0, rows=0
✓ Date filter applied successfully: 08 Agt 2025 to 22 Agt 2025
✓ ✅ Data After filter berhasil diambil: total=7, rows=7
✓ ❌ Filter invalid: data bertambah dari 0 ke 7
]]></system-out>
  </testcase>
  <testcase name="testPositiveSearch" classname="com.juaracoding.tajuaracoding.laporan.KehadiranTest" time="6.469">
    <failure message="Expected to find results for keyword: Hadir" type="java.lang.AssertionError"><![CDATA[java.lang.AssertionError: Expected to find results for keyword: Hadir
	at com.juaracoding.tajuaracoding.pages.actions.SearchAction.execute(SearchAction.java:40)
	at com.juaracoding.tajuaracoding.pages.actions.CompositeActionBuilder.execute(CompositeActionBuilder.java:110)
	at com.juaracoding.tajuaracoding.laporan.KehadiranTest.testPositiveSearch(KehadiranTest.java:37)
	at java.base/jdk.internal.reflect.DirectMethodHandleAccessor.invoke(DirectMethodHandleAccessor.java:103)
	at java.base/java.lang.reflect.Method.invoke(Method.java:580)
	at org.testng.internal.invokers.MethodInvocationHelper.invokeMethod(MethodInvocationHelper.java:141)
	at org.testng.internal.invokers.TestInvoker.invokeMethod(TestInvoker.java:687)
	at org.testng.internal.invokers.TestInvoker.invokeTestMethod(TestInvoker.java:230)
	at org.testng.internal.invokers.MethodRunner.runInSequence(MethodRunner.java:63)
	at org.testng.internal.invokers.TestInvoker$MethodInvocationAgent.invoke(TestInvoker.java:995)
	at org.testng.internal.invokers.TestInvoker.invokeTestMethods(TestInvoker.java:203)
	at org.testng.internal.invokers.TestMethodWorker.invokeTestMethods(TestMethodWorker.java:154)
	at org.testng.internal.invokers.TestMethodWorker.run(TestMethodWorker.java:134)
	at java.base/java.util.ArrayList.forEach(ArrayList.java:1596)
	at org.testng.TestRunner.privateRun(TestRunner.java:741)
	at org.testng.TestRunner.run(TestRunner.java:616)
	at org.testng.SuiteRunner.runTest(SuiteRunner.java:421)
	at org.testng.SuiteRunner.runSequentially(SuiteRunner.java:413)
	at org.testng.SuiteRunner.privateRun(SuiteRunner.java:373)
	at org.testng.SuiteRunner.run(SuiteRunner.java:312)
	at org.testng.SuiteRunnerWorker.runSuite(SuiteRunnerWorker.java:52)
	at org.testng.SuiteRunnerWorker.run(SuiteRunnerWorker.java:95)
	at org.testng.TestNG.runSuitesSequentially(TestNG.java:1274)
	at org.testng.TestNG.runSuitesLocally(TestNG.java:1208)
	at org.testng.TestNG.runSuites(TestNG.java:1112)
	at org.testng.TestNG.run(TestNG.java:1079)
	at org.apache.maven.surefire.testng.TestNGExecutor.run(TestNGExecutor.java:308)
	at org.apache.maven.surefire.testng.TestNGXmlTestSuite.execute(TestNGXmlTestSuite.java:71)
	at org.apache.maven.surefire.testng.TestNGProvider.invoke(TestNGProvider.java:113)
	at org.apache.maven.surefire.booter.ForkedBooter.runSuitesInProcess(ForkedBooter.java:385)
	at org.apache.maven.surefire.booter.ForkedBooter.execute(ForkedBooter.java:162)
	at org.apache.maven.surefire.booter.ForkedBooter.run(ForkedBooter.java:507)
	at org.apache.maven.surefire.booter.ForkedBooter.main(ForkedBooter.java:495)
]]></failure>
    <system-out><![CDATA[✓ Navigation to Kehadiran completed successfully
]]></system-out>
  </testcase>
  <testcase name="testNegativeSearch" classname="com.juaracoding.tajuaracoding.laporan.KehadiranTest" time="6.115">
    <system-out><![CDATA[✓ Navigation to Kehadiran completed successfully
✓ Search completed for keyword: UserNihil (no results as expected)
]]></system-out>
  </testcase>
  <testcase name="testPositiveSearchWithDateRangeFilter" classname="com.juaracoding.tajuaracoding.laporan.KehadiranTest" time="10.242">
    <system-out><![CDATA[✓ Navigation to Kehadiran completed successfully
✓ Date filter applied successfully: 08 Agt 2025 to 22 Agt 2025
✓ Search completed for keyword: Hadir (results found)
]]></system-out>
  </testcase>
  <testcase name="testPositiveUnitFilter" classname="com.juaracoding.tajuaracoding.laporan.KehadiranTest" time="8.884">
    <failure message="Action failed: Unit filter gagal untuk: Sysmex | Error: Hasil filter kosong padahal seharusnya ada data untuk: Sysmex" type="java.lang.RuntimeException"><![CDATA[java.lang.RuntimeException: Action failed: Unit filter gagal untuk: Sysmex | Error: Hasil filter kosong padahal seharusnya ada data untuk: Sysmex
	at com.juaracoding.tajuaracoding.pages.actions.CompositeActionBuilder.execute(CompositeActionBuilder.java:112)
	at com.juaracoding.tajuaracoding.laporan.KehadiranTest.testPositiveUnitFilter(KehadiranTest.java:66)
	at java.base/jdk.internal.reflect.DirectMethodHandleAccessor.invoke(DirectMethodHandleAccessor.java:103)
	at java.base/java.lang.reflect.Method.invoke(Method.java:580)
	at org.testng.internal.invokers.MethodInvocationHelper.invokeMethod(MethodInvocationHelper.java:141)
	at org.testng.internal.invokers.TestInvoker.invokeMethod(TestInvoker.java:687)
	at org.testng.internal.invokers.TestInvoker.invokeTestMethod(TestInvoker.java:230)
	at org.testng.internal.invokers.MethodRunner.runInSequence(MethodRunner.java:63)
	at org.testng.internal.invokers.TestInvoker$MethodInvocationAgent.invoke(TestInvoker.java:995)
	at org.testng.internal.invokers.TestInvoker.invokeTestMethods(TestInvoker.java:203)
	at org.testng.internal.invokers.TestMethodWorker.invokeTestMethods(TestMethodWorker.java:154)
	at org.testng.internal.invokers.TestMethodWorker.run(TestMethodWorker.java:134)
	at java.base/java.util.ArrayList.forEach(ArrayList.java:1596)
	at org.testng.TestRunner.privateRun(TestRunner.java:741)
	at org.testng.TestRunner.run(TestRunner.java:616)
	at org.testng.SuiteRunner.runTest(SuiteRunner.java:421)
	at org.testng.SuiteRunner.runSequentially(SuiteRunner.java:413)
	at org.testng.SuiteRunner.privateRun(SuiteRunner.java:373)
	at org.testng.SuiteRunner.run(SuiteRunner.java:312)
	at org.testng.SuiteRunnerWorker.runSuite(SuiteRunnerWorker.java:52)
	at org.testng.SuiteRunnerWorker.run(SuiteRunnerWorker.java:95)
	at org.testng.TestNG.runSuitesSequentially(TestNG.java:1274)
	at org.testng.TestNG.runSuitesLocally(TestNG.java:1208)
	at org.testng.TestNG.runSuites(TestNG.java:1112)
	at org.testng.TestNG.run(TestNG.java:1079)
	at org.apache.maven.surefire.testng.TestNGExecutor.run(TestNGExecutor.java:308)
	at org.apache.maven.surefire.testng.TestNGXmlTestSuite.execute(TestNGXmlTestSuite.java:71)
	at org.apache.maven.surefire.testng.TestNGProvider.invoke(TestNGProvider.java:113)
	at org.apache.maven.surefire.booter.ForkedBooter.runSuitesInProcess(ForkedBooter.java:385)
	at org.apache.maven.surefire.booter.ForkedBooter.execute(ForkedBooter.java:162)
	at org.apache.maven.surefire.booter.ForkedBooter.run(ForkedBooter.java:507)
	at org.apache.maven.surefire.booter.ForkedBooter.main(ForkedBooter.java:495)
]]></failure>
    <system-out><![CDATA[✓ Navigation to Kehadiran completed successfully
✓ ✅ Data Before filter berhasil diambil: total=0, rows=0
Klik dropdown: Sysmex
]]></system-out>
  </testcase>
  <testcase name="testNegativeUnitFilter" classname="com.juaracoding.tajuaracoding.laporan.KehadiranTest" time="7.882">
    <system-out><![CDATA[✓ Navigation to Kehadiran completed successfully
Option 'UnitTidakAda' tidak ditemukan, lanjut klik Terapkan
✓ Unit filter berhasil untuk: UnitTidakAda
]]></system-out>
  </testcase>
  <testcase name="testPositiveUnitFilterWithDateRangeFilter" classname="com.juaracoding.tajuaracoding.laporan.KehadiranTest" time="14.434">
    <system-out><![CDATA[✓ Navigation to Kehadiran completed successfully
✓ ✅ Data Before filter berhasil diambil: total=0, rows=0
✓ Date filter applied successfully: 01 Agt 2025 to 31 Agt 2025
Option 'Sysmex' tidak ditemukan, lanjut klik Terapkan
✓ Unit filter berhasil untuk: Sysmex
✓ ✅ Data After filter berhasil diambil: total=12, rows=10
✓ ❌ Filter invalid: data bertambah dari 0 ke 12
]]></system-out>
  </testcase>
  <testcase name="testExportFunctionalityCancel" classname="com.juaracoding.tajuaracoding.laporan.KehadiranTest" time="8.066">
    <system-out><![CDATA[✓ Navigation to Kehadiran completed successfully
✓ Export cancel action completed successfully
✓ Slept for 2000 milliseconds
]]></system-out>
  </testcase>
  <testcase name="testCombinationFilter" classname="com.juaracoding.tajuaracoding.laporan.KehadiranTest" time="20.61">
    <system-out><![CDATA[✓ Navigation to Kehadiran completed successfully
✓ ✅ Data Before filter berhasil diambil: total=0, rows=0
✓ Date filter applied successfully: 08 Agt 2025 to 22 Agt 2025
Klik dropdown: Sysmex
✓ Filter sukses: ditemukan 5 records (unit ditemukan? true)
✓ Search completed for keyword: Testing (results found)
✓ ✅ Data After filter berhasil diambil: total=5, rows=5
✓ ❌ Filter invalid: data bertambah dari 0 ke 5
✓ Export cancel action completed successfully
]]></system-out>
  </testcase>
  <testcase name="testResetAllFilters" classname="com.juaracoding.tajuaracoding.laporan.KehadiranTest" time="14.235">
    <system-out><![CDATA[✓ Navigation to Kehadiran completed successfully
✓ Date filter applied successfully: 01 Agt 2025 to 31 Agt 2025
✓ Search completed for keyword: SQA (results found)
✓ Export cancel action completed successfully
✓ Reset filter completed successfully
]]></system-out>
  </testcase>
  <testcase name="testExportFunctionality" classname="com.juaracoding.tajuaracoding.laporan.KehadiranTest" time="25.696">
    <system-out><![CDATA[✓ Navigation to Kehadiran completed successfully
✓ Date filter applied successfully: 20 Agt 2025 to 27 Agt 2025
✓ Export action completed successfully
✓ Slept for 15000 milliseconds
]]></system-out>
  </testcase>
  <testcase name="testStatusCheck" classname="com.juaracoding.tajuaracoding.laporan.KehadiranTest" time="9.831">
    <system-out><![CDATA[✓ Navigation to Kehadiran completed successfully
✓ Date filter applied successfully: 01 Mei 2025 to 31 Mei 2025
✓ Slept for 2000 milliseconds
Page 1 → ditemukan: [work from office, work from home]
Semua expected status sudah ditemukan, stop pagination.
✓ Semua status berhasil ditemukan: [work from office, work from home]
✓ ✓ Semua status berhasil ditemukan: [work from office, work from home]
]]></system-out>
  </testcase>
  <testcase name="testCheckSpecificStatuses" classname="com.juaracoding.tajuaracoding.laporan.IzinTerlambatTest" time="8.998">
    <system-out><![CDATA[✓ Navigation to izin-terlambat completed successfully
Page 1 → ditemukan: [pending]
Page 2 → ditemukan: [pending]
Page 3 → ditemukan: [pending]
Page 4 → ditemukan: [pending, approved]
Page 5 → ditemukan: [pending, reject, lihat selengkapnya, approved]
Semua expected status sudah ditemukan, stop pagination.
✓ Semua status berhasil ditemukan: [approved, reject, pending, lihat selengkapnya]
✓ ✓ Semua status berhasil ditemukan: [approved, reject, pending, lihat selengkapnya]
]]></system-out>
  </testcase>
  <testcase name="testCombinationFilter" classname="com.juaracoding.tajuaracoding.laporan.IzinTerlambatTest" time="16.733">
    <system-out><![CDATA[✓ Navigation to izin-terlambat completed successfully
✓ ✅ Data Before filter berhasil diambil: total=84, rows=10
✓ Search completed for keyword: Hadir (results found)
✓ Date filter applied successfully: 01 Jun 2025 to 30 Jun 2025
Option 'Sysmex' tidak ditemukan, lanjut klik Terapkan
✓ Unit filter berhasil untuk: Sysmex
✓ ✅ Data After filter berhasil diambil: total=2, rows=2
✓ ✅ Filter valid: data berkurang dari 84 ke 2
]]></system-out>
  </testcase>
  <testcase name="testDateRangeFilter" classname="com.juaracoding.tajuaracoding.laporan.IzinTerlambatTest" time="10.515">
    <system-out><![CDATA[✓ Navigation to izin-terlambat completed successfully
✓ ✅ Data Before filter berhasil diambil: total=84, rows=10
✓ Date filter applied successfully: 01 Agt 2025 to 15 Agt 2025
✓ ✅ Data After filter berhasil diambil: total=1, rows=1
✓ ✅ Filter valid: data berkurang dari 84 ke 1
]]></system-out>
  </testcase>
  <testcase name="testIzinTerlambatPageVerification" classname="com.juaracoding.tajuaracoding.laporan.IzinTerlambatTest" time="3.992">
    <system-out><![CDATA[✓ Navigation to izin-terlambat completed successfully
✓ Page verification completed successfully for izin-terlambat
]]></system-out>
  </testcase>
  <testcase name="testNegativeSearch" classname="com.juaracoding.tajuaracoding.laporan.IzinTerlambatTest" time="6.171">
    <system-out><![CDATA[✓ Navigation to izin-terlambat completed successfully
✓ Search completed for keyword: UserTidakAda123 (no results as expected)
]]></system-out>
  </testcase>
  <testcase name="testNegativeUnitFilter" classname="com.juaracoding.tajuaracoding.laporan.IzinTerlambatTest" time="7.932">
    <failure message="Action failed: Unit filter gagal untuk: UnitTidakAda | Error: Hasil filter ada padahal seharusnya kosong untuk: UnitTidakAda" type="java.lang.RuntimeException"><![CDATA[java.lang.RuntimeException: Action failed: Unit filter gagal untuk: UnitTidakAda | Error: Hasil filter ada padahal seharusnya kosong untuk: UnitTidakAda
	at com.juaracoding.tajuaracoding.pages.actions.CompositeActionBuilder.execute(CompositeActionBuilder.java:112)
	at com.juaracoding.tajuaracoding.laporan.IzinTerlambatTest.testNegativeUnitFilter(IzinTerlambatTest.java:65)
	at java.base/jdk.internal.reflect.DirectMethodHandleAccessor.invoke(DirectMethodHandleAccessor.java:103)
	at java.base/java.lang.reflect.Method.invoke(Method.java:580)
	at org.testng.internal.invokers.MethodInvocationHelper.invokeMethod(MethodInvocationHelper.java:141)
	at org.testng.internal.invokers.TestInvoker.invokeMethod(TestInvoker.java:687)
	at org.testng.internal.invokers.TestInvoker.invokeTestMethod(TestInvoker.java:230)
	at org.testng.internal.invokers.MethodRunner.runInSequence(MethodRunner.java:63)
	at org.testng.internal.invokers.TestInvoker$MethodInvocationAgent.invoke(TestInvoker.java:995)
	at org.testng.internal.invokers.TestInvoker.invokeTestMethods(TestInvoker.java:203)
	at org.testng.internal.invokers.TestMethodWorker.invokeTestMethods(TestMethodWorker.java:154)
	at org.testng.internal.invokers.TestMethodWorker.run(TestMethodWorker.java:134)
	at java.base/java.util.ArrayList.forEach(ArrayList.java:1596)
	at org.testng.TestRunner.privateRun(TestRunner.java:741)
	at org.testng.TestRunner.run(TestRunner.java:616)
	at org.testng.SuiteRunner.runTest(SuiteRunner.java:421)
	at org.testng.SuiteRunner.runSequentially(SuiteRunner.java:413)
	at org.testng.SuiteRunner.privateRun(SuiteRunner.java:373)
	at org.testng.SuiteRunner.run(SuiteRunner.java:312)
	at org.testng.SuiteRunnerWorker.runSuite(SuiteRunnerWorker.java:52)
	at org.testng.SuiteRunnerWorker.run(SuiteRunnerWorker.java:95)
	at org.testng.TestNG.runSuitesSequentially(TestNG.java:1274)
	at org.testng.TestNG.runSuitesLocally(TestNG.java:1208)
	at org.testng.TestNG.runSuites(TestNG.java:1112)
	at org.testng.TestNG.run(TestNG.java:1079)
	at org.apache.maven.surefire.testng.TestNGExecutor.run(TestNGExecutor.java:308)
	at org.apache.maven.surefire.testng.TestNGXmlTestSuite.execute(TestNGXmlTestSuite.java:71)
	at org.apache.maven.surefire.testng.TestNGProvider.invoke(TestNGProvider.java:113)
	at org.apache.maven.surefire.booter.ForkedBooter.runSuitesInProcess(ForkedBooter.java:385)
	at org.apache.maven.surefire.booter.ForkedBooter.execute(ForkedBooter.java:162)
	at org.apache.maven.surefire.booter.ForkedBooter.run(ForkedBooter.java:507)
	at org.apache.maven.surefire.booter.ForkedBooter.main(ForkedBooter.java:495)
]]></failure>
    <system-out><![CDATA[✓ Navigation to izin-terlambat completed successfully
Option 'UnitTidakAda' tidak ditemukan, lanjut klik Terapkan
]]></system-out>
  </testcase>
  <testcase name="testPositiveSearch" classname="com.juaracoding.tajuaracoding.laporan.IzinTerlambatTest" time="6.102">
    <system-out><![CDATA[✓ Navigation to izin-terlambat completed successfully
✓ Search completed for keyword: Ahlan Rezki (results found)
]]></system-out>
  </testcase>
  <testcase name="testPositiveUnitFilter" classname="com.juaracoding.tajuaracoding.laporan.IzinTerlambatTest" time="11.067">
    <system-out><![CDATA[✓ Navigation to izin-terlambat completed successfully
✓ ✅ Data Before filter berhasil diambil: total=84, rows=10
Option 'Sysmex' tidak ditemukan, lanjut klik Terapkan
✓ Unit filter berhasil untuk: Sysmex
✓ ✅ Data After filter berhasil diambil: total=84, rows=10
✓ ✅ Filter valid: data berkurang dari 84 ke 84
]]></system-out>
  </testcase>
  <testcase name="testResetAllFilters" classname="com.juaracoding.tajuaracoding.laporan.IzinTerlambatTest" time="17.471">
    <failure message="Unit Name masih ada value setelah reset: Sysmex expected [true] but found [false]" type="java.lang.AssertionError"><![CDATA[java.lang.AssertionError: Unit Name masih ada value setelah reset: Sysmex expected [true] but found [false]
	at org.testng.Assert.fail(Assert.java:111)
	at org.testng.Assert.failNotEquals(Assert.java:1590)
	at org.testng.Assert.assertTrue(Assert.java:57)
	at com.juaracoding.tajuaracoding.pages.actions.ResetFilterAction.execute(ResetFilterAction.java:41)
	at com.juaracoding.tajuaracoding.pages.actions.CompositeActionBuilder.execute(CompositeActionBuilder.java:110)
	at com.juaracoding.tajuaracoding.laporan.IzinTerlambatTest.testResetAllFilters(IzinTerlambatTest.java:90)
	at java.base/jdk.internal.reflect.DirectMethodHandleAccessor.invoke(DirectMethodHandleAccessor.java:103)
	at java.base/java.lang.reflect.Method.invoke(Method.java:580)
	at org.testng.internal.invokers.MethodInvocationHelper.invokeMethod(MethodInvocationHelper.java:141)
	at org.testng.internal.invokers.TestInvoker.invokeMethod(TestInvoker.java:687)
	at org.testng.internal.invokers.TestInvoker.invokeTestMethod(TestInvoker.java:230)
	at org.testng.internal.invokers.MethodRunner.runInSequence(MethodRunner.java:63)
	at org.testng.internal.invokers.TestInvoker$MethodInvocationAgent.invoke(TestInvoker.java:995)
	at org.testng.internal.invokers.TestInvoker.invokeTestMethods(TestInvoker.java:203)
	at org.testng.internal.invokers.TestMethodWorker.invokeTestMethods(TestMethodWorker.java:154)
	at org.testng.internal.invokers.TestMethodWorker.run(TestMethodWorker.java:134)
	at java.base/java.util.ArrayList.forEach(ArrayList.java:1596)
	at org.testng.TestRunner.privateRun(TestRunner.java:741)
	at org.testng.TestRunner.run(TestRunner.java:616)
	at org.testng.SuiteRunner.runTest(SuiteRunner.java:421)
	at org.testng.SuiteRunner.runSequentially(SuiteRunner.java:413)
	at org.testng.SuiteRunner.privateRun(SuiteRunner.java:373)
	at org.testng.SuiteRunner.run(SuiteRunner.java:312)
	at org.testng.SuiteRunnerWorker.runSuite(SuiteRunnerWorker.java:52)
	at org.testng.SuiteRunnerWorker.run(SuiteRunnerWorker.java:95)
	at org.testng.TestNG.runSuitesSequentially(TestNG.java:1274)
	at org.testng.TestNG.runSuitesLocally(TestNG.java:1208)
	at org.testng.TestNG.runSuites(TestNG.java:1112)
	at org.testng.TestNG.run(TestNG.java:1079)
	at org.apache.maven.surefire.testng.TestNGExecutor.run(TestNGExecutor.java:308)
	at org.apache.maven.surefire.testng.TestNGXmlTestSuite.execute(TestNGXmlTestSuite.java:71)
	at org.apache.maven.surefire.testng.TestNGProvider.invoke(TestNGProvider.java:113)
	at org.apache.maven.surefire.booter.ForkedBooter.runSuitesInProcess(ForkedBooter.java:385)
	at org.apache.maven.surefire.booter.ForkedBooter.execute(ForkedBooter.java:162)
	at org.apache.maven.surefire.booter.ForkedBooter.run(ForkedBooter.java:507)
	at org.apache.maven.surefire.booter.ForkedBooter.main(ForkedBooter.java:495)
]]></failure>
    <system-out><![CDATA[✓ Navigation to izin-terlambat completed successfully
✓ Search completed for keyword: Hadir (results found)
✓ Date filter applied successfully: 01 Feb 2025 to 28 Feb 2025
Klik dropdown: Sysmex
✓ Filter sukses: ditemukan 1 records (unit ditemukan? true)
]]></system-out>
  </testcase>
  <testcase name="testCheckSpecificStatuses" classname="com.juaracoding.tajuaracoding.laporan.IzinPulangCepatTest" time="24.668">
    <system-out><![CDATA[✓ Navigation to izin-pulang-cepat completed successfully
Page 1 → ditemukan: [pending]
Page 2 → ditemukan: [pending]
Page 3 → ditemukan: [pending]
Page 4 → ditemukan: [pending]
Page 5 → ditemukan: [pending]
Page 6 → ditemukan: [pending]
Page 7 → ditemukan: [pending]
Page 8 → ditemukan: [pending]
Page 9 → ditemukan: [pending]
Page 10 → ditemukan: [pending]
Page 11 → ditemukan: [pending]
Page 12 → ditemukan: [pending]
Page 13 → ditemukan: [pending, reject, lihat selengkapnya, approved]
Semua expected status sudah ditemukan, stop pagination.
✓ Semua status berhasil ditemukan: [approved, reject, pending, lihat selengkapnya]
✓ ✓ Semua status berhasil ditemukan: [approved, reject, pending, lihat selengkapnya]
]]></system-out>
  </testcase>
  <testcase name="testCombinationFilter" classname="com.juaracoding.tajuaracoding.laporan.IzinPulangCepatTest" time="17.173">
    <system-out><![CDATA[✓ Navigation to izin-pulang-cepat completed successfully
✓ ✅ Data Before filter berhasil diambil: total=155, rows=10
✓ Search completed for keyword: Hadir (results found)
✓ Date filter applied successfully: 01 Jun 2025 to 30 Jun 2025
Option 'Sysmex' tidak ditemukan, lanjut klik Terapkan
✓ Unit filter berhasil untuk: Sysmex
✓ ✅ Data After filter berhasil diambil: total=38, rows=10
✓ ✅ Filter valid: data berkurang dari 155 ke 38
]]></system-out>
  </testcase>
  <testcase name="testDateRangeFilter" classname="com.juaracoding.tajuaracoding.laporan.IzinPulangCepatTest" time="10.797">
    <system-out><![CDATA[✓ Navigation to izin-pulang-cepat completed successfully
✓ ✅ Data Before filter berhasil diambil: total=155, rows=10
✓ Date filter applied successfully: 01 Agt 2025 to 15 Agt 2025
✓ ✅ Data After filter berhasil diambil: total=0, rows=0
✓ ✅ Filter valid: data berkurang dari 155 ke 0
]]></system-out>
  </testcase>
  <testcase name="testIzinTerlambatPageVerification" classname="com.juaracoding.tajuaracoding.laporan.IzinPulangCepatTest" time="3.88">
    <system-out><![CDATA[✓ Navigation to izin-pulang-cepat completed successfully
✓ Page verification completed successfully for izin-pulang-cepat
]]></system-out>
  </testcase>
  <testcase name="testNegativeSearch" classname="com.juaracoding.tajuaracoding.laporan.IzinPulangCepatTest" time="6.092">
    <system-out><![CDATA[✓ Navigation to izin-pulang-cepat completed successfully
✓ Search completed for keyword: UserTidakAda123 (no results as expected)
]]></system-out>
  </testcase>
  <testcase name="testNegativeUnitFilter" classname="com.juaracoding.tajuaracoding.laporan.IzinPulangCepatTest" time="7.782">
    <failure message="Action failed: Unit filter gagal untuk: UnitTidakAda | Error: Hasil filter ada padahal seharusnya kosong untuk: UnitTidakAda" type="java.lang.RuntimeException"><![CDATA[java.lang.RuntimeException: Action failed: Unit filter gagal untuk: UnitTidakAda | Error: Hasil filter ada padahal seharusnya kosong untuk: UnitTidakAda
	at com.juaracoding.tajuaracoding.pages.actions.CompositeActionBuilder.execute(CompositeActionBuilder.java:112)
	at com.juaracoding.tajuaracoding.laporan.IzinPulangCepatTest.testNegativeUnitFilter(IzinPulangCepatTest.java:64)
	at java.base/jdk.internal.reflect.DirectMethodHandleAccessor.invoke(DirectMethodHandleAccessor.java:103)
	at java.base/java.lang.reflect.Method.invoke(Method.java:580)
	at org.testng.internal.invokers.MethodInvocationHelper.invokeMethod(MethodInvocationHelper.java:141)
	at org.testng.internal.invokers.TestInvoker.invokeMethod(TestInvoker.java:687)
	at org.testng.internal.invokers.TestInvoker.invokeTestMethod(TestInvoker.java:230)
	at org.testng.internal.invokers.MethodRunner.runInSequence(MethodRunner.java:63)
	at org.testng.internal.invokers.TestInvoker$MethodInvocationAgent.invoke(TestInvoker.java:995)
	at org.testng.internal.invokers.TestInvoker.invokeTestMethods(TestInvoker.java:203)
	at org.testng.internal.invokers.TestMethodWorker.invokeTestMethods(TestMethodWorker.java:154)
	at org.testng.internal.invokers.TestMethodWorker.run(TestMethodWorker.java:134)
	at java.base/java.util.ArrayList.forEach(ArrayList.java:1596)
	at org.testng.TestRunner.privateRun(TestRunner.java:741)
	at org.testng.TestRunner.run(TestRunner.java:616)
	at org.testng.SuiteRunner.runTest(SuiteRunner.java:421)
	at org.testng.SuiteRunner.runSequentially(SuiteRunner.java:413)
	at org.testng.SuiteRunner.privateRun(SuiteRunner.java:373)
	at org.testng.SuiteRunner.run(SuiteRunner.java:312)
	at org.testng.SuiteRunnerWorker.runSuite(SuiteRunnerWorker.java:52)
	at org.testng.SuiteRunnerWorker.run(SuiteRunnerWorker.java:95)
	at org.testng.TestNG.runSuitesSequentially(TestNG.java:1274)
	at org.testng.TestNG.runSuitesLocally(TestNG.java:1208)
	at org.testng.TestNG.runSuites(TestNG.java:1112)
	at org.testng.TestNG.run(TestNG.java:1079)
	at org.apache.maven.surefire.testng.TestNGExecutor.run(TestNGExecutor.java:308)
	at org.apache.maven.surefire.testng.TestNGXmlTestSuite.execute(TestNGXmlTestSuite.java:71)
	at org.apache.maven.surefire.testng.TestNGProvider.invoke(TestNGProvider.java:113)
	at org.apache.maven.surefire.booter.ForkedBooter.runSuitesInProcess(ForkedBooter.java:385)
	at org.apache.maven.surefire.booter.ForkedBooter.execute(ForkedBooter.java:162)
	at org.apache.maven.surefire.booter.ForkedBooter.run(ForkedBooter.java:507)
	at org.apache.maven.surefire.booter.ForkedBooter.main(ForkedBooter.java:495)
]]></failure>
    <system-out><![CDATA[✓ Navigation to izin-pulang-cepat completed successfully
Option 'UnitTidakAda' tidak ditemukan, lanjut klik Terapkan
]]></system-out>
  </testcase>
  <testcase name="testPositiveSearch" classname="com.juaracoding.tajuaracoding.laporan.IzinPulangCepatTest" time="6.057">
    <system-out><![CDATA[✓ Navigation to izin-pulang-cepat completed successfully
✓ Search completed for keyword: Tejo (results found)
]]></system-out>
  </testcase>
  <testcase name="testPositiveUnitFilter" classname="com.juaracoding.tajuaracoding.laporan.IzinPulangCepatTest" time="10.947">
    <system-out><![CDATA[✓ Navigation to izin-pulang-cepat completed successfully
✓ ✅ Data Before filter berhasil diambil: total=155, rows=10
Klik dropdown: Sysmex
✓ Unit filter berhasil untuk: Sysmex
✓ ✅ Data After filter berhasil diambil: total=46, rows=10
✓ ✅ Filter valid: data berkurang dari 155 ke 46
]]></system-out>
  </testcase>
  <testcase name="testResetAllFilters" classname="com.juaracoding.tajuaracoding.laporan.IzinPulangCepatTest" time="16.175">
    <system-out><![CDATA[✓ Navigation to izin-pulang-cepat completed successfully
✓ Search completed for keyword: Hadir (results found)
✓ Date filter applied successfully: 01 Feb 2025 to 28 Feb 2025
Option 'Sysmex' tidak ditemukan, lanjut klik Terapkan
✓ Unit filter berhasil untuk: Sysmex
✓ Reset filter completed successfully
]]></system-out>
  </testcase>
  <testcase name="testCheckSpecificStatuses" classname="com.juaracoding.tajuaracoding.laporan.CutiTest" time="23.481">
    <system-out><![CDATA[✓ Navigation to cuti completed successfully
Page 1 → ditemukan: [menunggu approval v1, approved, pending]
Page 2 → ditemukan: [approved, menunggu approval v1, pending]
Page 3 → ditemukan: [approved]
Page 4 → ditemukan: [approved]
Page 5 → ditemukan: [approved]
Page 6 → ditemukan: [approved, menunggu approval v3, menunggu approval v1]
Page 7 → ditemukan: [menunggu approval v1]
Page 8 → ditemukan: [menunggu approval v1]
Page 9 → ditemukan: [menunggu approval v1]
Page 10 → ditemukan: [menunggu approval v1, dibatalkan, lihat selengkapnya]
Page 11 → ditemukan: [menunggu approval v1, dibatalkan, lihat selengkapnya, pending]
Page 12 → ditemukan: [dibatalkan, lihat selengkapnya, pending, menunggu approval v1]
Page 13 → ditemukan: [approved, menunggu approval v1, menunggu approval v3]
Page 14 → ditemukan: [rejected v1, lihat selengkapnya, menunggu approval v3, menunggu approval v1, pending, dibatalkan]
Page 15 → ditemukan: [dibatalkan, lihat selengkapnya, approved, menunggu approval v1, menunggu approval v3]
Page 16 → ditemukan: [approved]
Page 17 → ditemukan: [approved, menunggu approval v2, menunggu approval v3, menunggu approval v1]
Semua expected status sudah ditemukan, stop pagination.
✓ Semua status berhasil ditemukan: [dibatalkan, approved, menunggu approval v3, pending, lihat selengkapnya, rejected v1, menunggu approval v1, menunggu approval v2]
✓ ✓ Semua status berhasil ditemukan: [dibatalkan, approved, menunggu approval v3, pending, lihat selengkapnya, rejected v1, menunggu approval v1, menunggu approval v2]
]]></system-out>
  </testcase>
  <testcase name="testCombinationFilter" classname="com.juaracoding.tajuaracoding.laporan.CutiTest" time="19.42">
    <system-out><![CDATA[✓ Navigation to cuti completed successfully
✓ ✅ Data Before filter berhasil diambil: total=262, rows=10
✓ Search completed for keyword: Hadir (results found)
✓ Date filter applied successfully: 01 Jun 2025 to 30 Jun 2025
Option 'Sysmex' tidak ditemukan, lanjut klik Terapkan
✓ Filter sukses: ditemukan 20 records (unit ditemukan? false)
✓ ✅ Data After filter berhasil diambil: total=20, rows=10
✓ ✅ Filter valid: data berkurang dari 262 ke 20
]]></system-out>
  </testcase>
  <testcase name="testDateRangeFilter" classname="com.juaracoding.tajuaracoding.laporan.CutiTest" time="10.66">
    <system-out><![CDATA[✓ Navigation to cuti completed successfully
✓ ✅ Data Before filter berhasil diambil: total=262, rows=10
✓ Date filter applied successfully: 01 Agt 2025 to 15 Agt 2025
✓ ✅ Data After filter berhasil diambil: total=8, rows=8
✓ ✅ Filter valid: data berkurang dari 262 ke 8
]]></system-out>
  </testcase>
  <testcase name="testIzinTerlambatPageVerification" classname="com.juaracoding.tajuaracoding.laporan.CutiTest" time="3.963">
    <system-out><![CDATA[✓ Navigation to cuti completed successfully
✓ Page verification completed successfully for cuti
]]></system-out>
  </testcase>
  <testcase name="testNegativeSearch" classname="com.juaracoding.tajuaracoding.laporan.CutiTest" time="5.936">
    <system-out><![CDATA[✓ Navigation to cuti completed successfully
✓ Search completed for keyword: UserTidakAda123 (no results as expected)
]]></system-out>
  </testcase>
  <testcase name="testNegativeUnitFilter" classname="com.juaracoding.tajuaracoding.laporan.CutiTest" time="10.33">
    <failure message="Action failed: Filter tidak sesuai: ditemukan 262 records untuk UnitTidakAda" type="java.lang.RuntimeException"><![CDATA[java.lang.RuntimeException: Action failed: Filter tidak sesuai: ditemukan 262 records untuk UnitTidakAda
	at com.juaracoding.tajuaracoding.pages.actions.CompositeActionBuilder.execute(CompositeActionBuilder.java:112)
	at com.juaracoding.tajuaracoding.laporan.CutiTest.testNegativeUnitFilter(CutiTest.java:64)
	at java.base/jdk.internal.reflect.DirectMethodHandleAccessor.invoke(DirectMethodHandleAccessor.java:103)
	at java.base/java.lang.reflect.Method.invoke(Method.java:580)
	at org.testng.internal.invokers.MethodInvocationHelper.invokeMethod(MethodInvocationHelper.java:141)
	at org.testng.internal.invokers.TestInvoker.invokeMethod(TestInvoker.java:687)
	at org.testng.internal.invokers.TestInvoker.invokeTestMethod(TestInvoker.java:230)
	at org.testng.internal.invokers.MethodRunner.runInSequence(MethodRunner.java:63)
	at org.testng.internal.invokers.TestInvoker$MethodInvocationAgent.invoke(TestInvoker.java:995)
	at org.testng.internal.invokers.TestInvoker.invokeTestMethods(TestInvoker.java:203)
	at org.testng.internal.invokers.TestMethodWorker.invokeTestMethods(TestMethodWorker.java:154)
	at org.testng.internal.invokers.TestMethodWorker.run(TestMethodWorker.java:134)
	at java.base/java.util.ArrayList.forEach(ArrayList.java:1596)
	at org.testng.TestRunner.privateRun(TestRunner.java:741)
	at org.testng.TestRunner.run(TestRunner.java:616)
	at org.testng.SuiteRunner.runTest(SuiteRunner.java:421)
	at org.testng.SuiteRunner.runSequentially(SuiteRunner.java:413)
	at org.testng.SuiteRunner.privateRun(SuiteRunner.java:373)
	at org.testng.SuiteRunner.run(SuiteRunner.java:312)
	at org.testng.SuiteRunnerWorker.runSuite(SuiteRunnerWorker.java:52)
	at org.testng.SuiteRunnerWorker.run(SuiteRunnerWorker.java:95)
	at org.testng.TestNG.runSuitesSequentially(TestNG.java:1274)
	at org.testng.TestNG.runSuitesLocally(TestNG.java:1208)
	at org.testng.TestNG.runSuites(TestNG.java:1112)
	at org.testng.TestNG.run(TestNG.java:1079)
	at org.apache.maven.surefire.testng.TestNGExecutor.run(TestNGExecutor.java:308)
	at org.apache.maven.surefire.testng.TestNGXmlTestSuite.execute(TestNGXmlTestSuite.java:71)
	at org.apache.maven.surefire.testng.TestNGProvider.invoke(TestNGProvider.java:113)
	at org.apache.maven.surefire.booter.ForkedBooter.runSuitesInProcess(ForkedBooter.java:385)
	at org.apache.maven.surefire.booter.ForkedBooter.execute(ForkedBooter.java:162)
	at org.apache.maven.surefire.booter.ForkedBooter.run(ForkedBooter.java:507)
	at org.apache.maven.surefire.booter.ForkedBooter.main(ForkedBooter.java:495)
]]></failure>
    <system-out><![CDATA[✓ Navigation to cuti completed successfully
Option 'UnitTidakAda' tidak ditemukan, lanjut klik Terapkan
]]></system-out>
  </testcase>
  <testcase name="testPositiveSearch" classname="com.juaracoding.tajuaracoding.laporan.CutiTest" time="6.081">
    <system-out><![CDATA[✓ Navigation to cuti completed successfully
✓ Search completed for keyword: ADITYA RIDWAN NUGRAHA (results found)
]]></system-out>
  </testcase>
  <testcase name="testPositiveUnitFilter" classname="com.juaracoding.tajuaracoding.laporan.CutiTest" time="13.284">
    <system-out><![CDATA[✓ Navigation to cuti completed successfully
✓ ✅ Data Before filter berhasil diambil: total=262, rows=10
Klik dropdown: Sysmex
✓ Filter sukses: ditemukan 114 records (unit ditemukan? false)
✓ ✅ Data After filter berhasil diambil: total=114, rows=10
✓ ✅ Filter valid: data berkurang dari 262 ke 114
]]></system-out>
  </testcase>
  <testcase name="testResetAllFilters" classname="com.juaracoding.tajuaracoding.laporan.CutiTest" time="18.676">
    <failure message="Unit Name masih ada value setelah reset: Sysmex expected [true] but found [false]" type="java.lang.AssertionError"><![CDATA[java.lang.AssertionError: Unit Name masih ada value setelah reset: Sysmex expected [true] but found [false]
	at org.testng.Assert.fail(Assert.java:111)
	at org.testng.Assert.failNotEquals(Assert.java:1590)
	at org.testng.Assert.assertTrue(Assert.java:57)
	at com.juaracoding.tajuaracoding.pages.actions.ResetFilterAction.execute(ResetFilterAction.java:41)
	at com.juaracoding.tajuaracoding.pages.actions.CompositeActionBuilder.execute(CompositeActionBuilder.java:110)
	at com.juaracoding.tajuaracoding.laporan.CutiTest.testResetAllFilters(CutiTest.java:89)
	at java.base/jdk.internal.reflect.DirectMethodHandleAccessor.invoke(DirectMethodHandleAccessor.java:103)
	at java.base/java.lang.reflect.Method.invoke(Method.java:580)
	at org.testng.internal.invokers.MethodInvocationHelper.invokeMethod(MethodInvocationHelper.java:141)
	at org.testng.internal.invokers.TestInvoker.invokeMethod(TestInvoker.java:687)
	at org.testng.internal.invokers.TestInvoker.invokeTestMethod(TestInvoker.java:230)
	at org.testng.internal.invokers.MethodRunner.runInSequence(MethodRunner.java:63)
	at org.testng.internal.invokers.TestInvoker$MethodInvocationAgent.invoke(TestInvoker.java:995)
	at org.testng.internal.invokers.TestInvoker.invokeTestMethods(TestInvoker.java:203)
	at org.testng.internal.invokers.TestMethodWorker.invokeTestMethods(TestMethodWorker.java:154)
	at org.testng.internal.invokers.TestMethodWorker.run(TestMethodWorker.java:134)
	at java.base/java.util.ArrayList.forEach(ArrayList.java:1596)
	at org.testng.TestRunner.privateRun(TestRunner.java:741)
	at org.testng.TestRunner.run(TestRunner.java:616)
	at org.testng.SuiteRunner.runTest(SuiteRunner.java:421)
	at org.testng.SuiteRunner.runSequentially(SuiteRunner.java:413)
	at org.testng.SuiteRunner.privateRun(SuiteRunner.java:373)
	at org.testng.SuiteRunner.run(SuiteRunner.java:312)
	at org.testng.SuiteRunnerWorker.runSuite(SuiteRunnerWorker.java:52)
	at org.testng.SuiteRunnerWorker.run(SuiteRunnerWorker.java:95)
	at org.testng.TestNG.runSuitesSequentially(TestNG.java:1274)
	at org.testng.TestNG.runSuitesLocally(TestNG.java:1208)
	at org.testng.TestNG.runSuites(TestNG.java:1112)
	at org.testng.TestNG.run(TestNG.java:1079)
	at org.apache.maven.surefire.testng.TestNGExecutor.run(TestNGExecutor.java:308)
	at org.apache.maven.surefire.testng.TestNGXmlTestSuite.execute(TestNGXmlTestSuite.java:71)
	at org.apache.maven.surefire.testng.TestNGProvider.invoke(TestNGProvider.java:113)
	at org.apache.maven.surefire.booter.ForkedBooter.runSuitesInProcess(ForkedBooter.java:385)
	at org.apache.maven.surefire.booter.ForkedBooter.execute(ForkedBooter.java:162)
	at org.apache.maven.surefire.booter.ForkedBooter.run(ForkedBooter.java:507)
	at org.apache.maven.surefire.booter.ForkedBooter.main(ForkedBooter.java:495)
]]></failure>
    <system-out><![CDATA[✓ Navigation to cuti completed successfully
✓ Search completed for keyword: Hadir (results found)
✓ Date filter applied successfully: 01 Feb 2025 to 28 Feb 2025
Klik dropdown: Sysmex
✓ Filter sukses: ditemukan 8 records (unit ditemukan? false)
]]></system-out>
  </testcase>
  <testcase name="VerificationDashboardTest" classname="com.juaracoding.tajuaracoding.Dashboard.DashboardTest" time="2.783"/>
  <testcase name="DateRangeFilterTest" classname="com.juaracoding.tajuaracoding.Dashboard.PendingDashboardTest" time="10.248">
    <system-out><![CDATA[Validator1 - Lembur ada data.
Validator1 - Cuti ada data.
Validator1 - Koreksi ada data.
Validator2 - Lembur kosong.
Validator2 - Cuti kosong.
Validator2 - Koreksi kosong.
Validator3 - Lembur kosong.
Validator3 - Cuti kosong.
Validator3 - Koreksi kosong.
]]></system-out>
  </testcase>
  <testcase name="InvalidDateTest" classname="com.juaracoding.tajuaracoding.Dashboard.PendingDashboardTest" time="5.834">
    <system-out><![CDATA[URL Invalid Date Test https://magang.dikahadir.com/dashboards/pending?start_date=2025-10-01&end_date=2023-10-01
2025-10-01:2023-10-01
]]></system-out>
  </testcase>
  <testcase name="Negative_v1cutisearchTest" classname="com.juaracoding.tajuaracoding.Dashboard.PendingDashboardTest" time="5.683">
    <system-out><![CDATA[https://magang.dikahadir.com/admin/v1-cuti/cc46aad6-9821-4b1b-af9a-b75bff68de0f?start_date=2025-08-01&end_date=2025-08-28&fullname=Hadir%20SQA%20Testing%202

]]></system-out>
  </testcase>
  <testcase name="Negative_v1koreksisearchTest" classname="com.juaracoding.tajuaracoding.Dashboard.PendingDashboardTest" time="2.029">
    <failure message="Element &lt;a class=&quot;MuiTypography-root MuiTypography-inherit MuiLink-root MuiLink-underlineNone css-1uhr7d7&quot; href=&quot;/admin/v1-koreksi/cc46aad6-9821-4b1b-af9a-b75bff68de0f?start_date=2025-08-01&amp;end_date=2025-08-28&amp;fullname=Hadir SQA Testing 2&quot;&gt; could not be scrolled into view&#10;Build info: version: &apos;4.34.0&apos;, revision: &apos;707dcb4246*&apos;&#10;System info: os.name: &apos;Windows 11&apos;, os.arch: &apos;amd64&apos;, os.version: &apos;10.0&apos;, java.version: &apos;21.0.8&apos;&#10;Driver info: org.openqa.selenium.firefox.FirefoxDriver&#10;Command: [96a76f1a-348e-48ce-885e-7f70a57b019b, clickElement {id=59fb1627-1c9a-4ad8-8a9d-3847cddce0d6}]&#10;Capabilities {acceptInsecureCerts: true, browserName: firefox, browserVersion: 142.0.1, moz:accessibilityChecks: false, moz:buildID: 20250827004350, moz:geckodriverVersion: 0.36.0, moz:headless: true, moz:platformVersion: 10.0, moz:processID: 44312, moz:profile: C:\Users\adire\AppData\Loca..., moz:shutdownTimeout: 60000, moz:webdriverClick: true, moz:windowless: false, pageLoadStrategy: normal, platformName: windows, proxy: Proxy(), setWindowRect: true, strictFileInteractability: false, timeouts: {implicit: 0, pageLoad: 300000, script: 30000}, unhandledPromptBehavior: dismiss and notify, userAgent: Mozilla/5.0 (Windows NT 10....}&#10;Element: [[FirefoxDriver: firefox on windows (96a76f1a-348e-48ce-885e-7f70a57b019b)] -&gt; xpath: //p[normalize-space()=&apos;Koreksi&apos;]/following::table[@aria-label=&apos;simple table&apos;][1]//a[h6[contains(text(),&apos;Hadir SQA Testing 2&apos;)]]]&#10;Session ID: 96a76f1a-348e-48ce-885e-7f70a57b019b" type="org.openqa.selenium.ElementNotInteractableException"><![CDATA[org.openqa.selenium.ElementNotInteractableException: 
Element <a class="MuiTypography-root MuiTypography-inherit MuiLink-root MuiLink-underlineNone css-1uhr7d7" href="/admin/v1-koreksi/cc46aad6-9821-4b1b-af9a-b75bff68de0f?start_date=2025-08-01&end_date=2025-08-28&fullname=Hadir SQA Testing 2"> could not be scrolled into view
Build info: version: '4.34.0', revision: '707dcb4246*'
System info: os.name: 'Windows 11', os.arch: 'amd64', os.version: '10.0', java.version: '21.0.8'
Driver info: org.openqa.selenium.firefox.FirefoxDriver
Command: [96a76f1a-348e-48ce-885e-7f70a57b019b, clickElement {id=59fb1627-1c9a-4ad8-8a9d-3847cddce0d6}]
Capabilities {acceptInsecureCerts: true, browserName: firefox, browserVersion: 142.0.1, moz:accessibilityChecks: false, moz:buildID: 20250827004350, moz:geckodriverVersion: 0.36.0, moz:headless: true, moz:platformVersion: 10.0, moz:processID: 44312, moz:profile: C:\Users\adire\AppData\Loca..., moz:shutdownTimeout: 60000, moz:webdriverClick: true, moz:windowless: false, pageLoadStrategy: normal, platformName: windows, proxy: Proxy(), setWindowRect: true, strictFileInteractability: false, timeouts: {implicit: 0, pageLoad: 300000, script: 30000}, unhandledPromptBehavior: dismiss and notify, userAgent: Mozilla/5.0 (Windows NT 10....}
Element: [[FirefoxDriver: firefox on windows (96a76f1a-348e-48ce-885e-7f70a57b019b)] -> xpath: //p[normalize-space()='Koreksi']/following::table[@aria-label='simple table'][1]//a[h6[contains(text(),'Hadir SQA Testing 2')]]]
Session ID: 96a76f1a-348e-48ce-885e-7f70a57b019b
	at java.base/jdk.internal.reflect.DirectConstructorHandleAccessor.newInstance(DirectConstructorHandleAccessor.java:62)
	at java.base/java.lang.reflect.Constructor.newInstanceWithCaller(Constructor.java:502)
	at java.base/java.lang.reflect.Constructor.newInstance(Constructor.java:486)
	at org.openqa.selenium.remote.ErrorCodec.decode(ErrorCodec.java:167)
	at org.openqa.selenium.remote.codec.w3c.W3CHttpResponseCodec.decode(W3CHttpResponseCodec.java:138)
	at org.openqa.selenium.remote.codec.w3c.W3CHttpResponseCodec.decode(W3CHttpResponseCodec.java:50)
	at org.openqa.selenium.remote.HttpCommandExecutor.execute(HttpCommandExecutor.java:215)
	at org.openqa.selenium.remote.service.DriverCommandExecutor.invokeExecute(DriverCommandExecutor.java:216)
	at org.openqa.selenium.remote.service.DriverCommandExecutor.execute(DriverCommandExecutor.java:174)
	at org.openqa.selenium.remote.RemoteWebDriver.execute(RemoteWebDriver.java:544)
	at org.openqa.selenium.remote.RemoteWebElement.execute(RemoteWebElement.java:223)
	at org.openqa.selenium.remote.RemoteWebElement.click(RemoteWebElement.java:76)
	at com.juaracoding.tajuaracoding.pages.dashboard.DashBoardPage.clickuplinerkoreksi(DashBoardPage.java:193)
	at com.juaracoding.tajuaracoding.Dashboard.PendingDashboardTest.Negative_v1koreksisearchTest(PendingDashboardTest.java:552)
	at java.base/jdk.internal.reflect.DirectMethodHandleAccessor.invoke(DirectMethodHandleAccessor.java:103)
	at java.base/java.lang.reflect.Method.invoke(Method.java:580)
	at org.testng.internal.invokers.MethodInvocationHelper.invokeMethod(MethodInvocationHelper.java:141)
	at org.testng.internal.invokers.TestInvoker.invokeMethod(TestInvoker.java:687)
	at org.testng.internal.invokers.TestInvoker.invokeTestMethod(TestInvoker.java:230)
	at org.testng.internal.invokers.MethodRunner.runInSequence(MethodRunner.java:63)
	at org.testng.internal.invokers.TestInvoker$MethodInvocationAgent.invoke(TestInvoker.java:995)
	at org.testng.internal.invokers.TestInvoker.invokeTestMethods(TestInvoker.java:203)
	at org.testng.internal.invokers.TestMethodWorker.invokeTestMethods(TestMethodWorker.java:154)
	at org.testng.internal.invokers.TestMethodWorker.run(TestMethodWorker.java:134)
	at java.base/java.util.ArrayList.forEach(ArrayList.java:1596)
	at org.testng.TestRunner.privateRun(TestRunner.java:741)
	at org.testng.TestRunner.run(TestRunner.java:616)
	at org.testng.SuiteRunner.runTest(SuiteRunner.java:421)
	at org.testng.SuiteRunner.runSequentially(SuiteRunner.java:413)
	at org.testng.SuiteRunner.privateRun(SuiteRunner.java:373)
	at org.testng.SuiteRunner.run(SuiteRunner.java:312)
	at org.testng.SuiteRunnerWorker.runSuite(SuiteRunnerWorker.java:52)
	at org.testng.SuiteRunnerWorker.run(SuiteRunnerWorker.java:95)
	at org.testng.TestNG.runSuitesSequentially(TestNG.java:1274)
	at org.testng.TestNG.runSuitesLocally(TestNG.java:1208)
	at org.testng.TestNG.runSuites(TestNG.java:1112)
	at org.testng.TestNG.run(TestNG.java:1079)
	at org.apache.maven.surefire.testng.TestNGExecutor.run(TestNGExecutor.java:308)
	at org.apache.maven.surefire.testng.TestNGXmlTestSuite.execute(TestNGXmlTestSuite.java:71)
	at org.apache.maven.surefire.testng.TestNGProvider.invoke(TestNGProvider.java:113)
	at org.apache.maven.surefire.booter.ForkedBooter.runSuitesInProcess(ForkedBooter.java:385)
	at org.apache.maven.surefire.booter.ForkedBooter.execute(ForkedBooter.java:162)
	at org.apache.maven.surefire.booter.ForkedBooter.run(ForkedBooter.java:507)
	at org.apache.maven.surefire.booter.ForkedBooter.main(ForkedBooter.java:495)
]]></failure>
  </testcase>
  <testcase name="Negative_v1lembursearchTest" classname="com.juaracoding.tajuaracoding.Dashboard.PendingDashboardTest" time="5.928">
    <system-out><![CDATA[https://magang.dikahadir.com/admin/v1-lembur/cc46aad6-9821-4b1b-af9a-b75bff68de0f?start_date=2025-08-01&end_date=2025-08-28&fullname=Hadir%20SQA%20Testing%202

]]></system-out>
  </testcase>
  <testcase name="NullEndDateTest" classname="com.juaracoding.tajuaracoding.Dashboard.PendingDashboardTest" time="5.76">
    <system-out><![CDATA[URL Null Start Date Test https://magang.dikahadir.com/dashboards/pending?start_date=2025-07-01&end_date=
Validator1 - Lembur ada data.
Validator1 - Cuti ada data.
Validator1 - Koreksi ada data.
]]></system-out>
  </testcase>
  <testcase name="NullStartDateTest" classname="com.juaracoding.tajuaracoding.Dashboard.PendingDashboardTest" time="5.795">
    <system-out><![CDATA[URL Null Start Date Test https://magang.dikahadir.com/dashboards/pending?start_date=&end_date=2025-07-01
]]></system-out>
  </testcase>
  <testcase name="Positive_v1cutisearchTest" classname="com.juaracoding.tajuaracoding.Dashboard.PendingDashboardTest" time="5.94">
    <system-out><![CDATA[https://magang.dikahadir.com/admin/v1-cuti/cc46aad6-9821-4b1b-af9a-b75bff68de0f?start_date=2025-08-01&end_date=2025-08-28&fullname=Hadir%20SQA%20Testing%202
]]></system-out>
  </testcase>
  <testcase name="Positive_v1koreksisearchTest" classname="com.juaracoding.tajuaracoding.Dashboard.PendingDashboardTest" time="2.036">
    <failure message="Element &lt;a class=&quot;MuiTypography-root MuiTypography-inherit MuiLink-root MuiLink-underlineNone css-1uhr7d7&quot; href=&quot;/admin/v1-koreksi/cc46aad6-9821-4b1b-af9a-b75bff68de0f?start_date=2025-08-01&amp;end_date=2025-08-28&amp;fullname=Hadir SQA Testing 2&quot;&gt; could not be scrolled into view&#10;Build info: version: &apos;4.34.0&apos;, revision: &apos;707dcb4246*&apos;&#10;System info: os.name: &apos;Windows 11&apos;, os.arch: &apos;amd64&apos;, os.version: &apos;10.0&apos;, java.version: &apos;21.0.8&apos;&#10;Driver info: org.openqa.selenium.firefox.FirefoxDriver&#10;Command: [66ceb0ae-7c0d-4790-afcd-2ae4b74e320f, clickElement {id=867d2823-5b59-43a0-8d60-70acbb89a5a7}]&#10;Capabilities {acceptInsecureCerts: true, browserName: firefox, browserVersion: 142.0.1, moz:accessibilityChecks: false, moz:buildID: 20250827004350, moz:geckodriverVersion: 0.36.0, moz:headless: true, moz:platformVersion: 10.0, moz:processID: 12940, moz:profile: C:\Users\adire\AppData\Loca..., moz:shutdownTimeout: 60000, moz:webdriverClick: true, moz:windowless: false, pageLoadStrategy: normal, platformName: windows, proxy: Proxy(), setWindowRect: true, strictFileInteractability: false, timeouts: {implicit: 0, pageLoad: 300000, script: 30000}, unhandledPromptBehavior: dismiss and notify, userAgent: Mozilla/5.0 (Windows NT 10....}&#10;Element: [[FirefoxDriver: firefox on windows (66ceb0ae-7c0d-4790-afcd-2ae4b74e320f)] -&gt; xpath: //p[normalize-space()=&apos;Koreksi&apos;]/following::table[@aria-label=&apos;simple table&apos;][1]//a[h6[contains(text(),&apos;Hadir SQA Testing 2&apos;)]]]&#10;Session ID: 66ceb0ae-7c0d-4790-afcd-2ae4b74e320f" type="org.openqa.selenium.ElementNotInteractableException"><![CDATA[org.openqa.selenium.ElementNotInteractableException: 
Element <a class="MuiTypography-root MuiTypography-inherit MuiLink-root MuiLink-underlineNone css-1uhr7d7" href="/admin/v1-koreksi/cc46aad6-9821-4b1b-af9a-b75bff68de0f?start_date=2025-08-01&end_date=2025-08-28&fullname=Hadir SQA Testing 2"> could not be scrolled into view
Build info: version: '4.34.0', revision: '707dcb4246*'
System info: os.name: 'Windows 11', os.arch: 'amd64', os.version: '10.0', java.version: '21.0.8'
Driver info: org.openqa.selenium.firefox.FirefoxDriver
Command: [66ceb0ae-7c0d-4790-afcd-2ae4b74e320f, clickElement {id=867d2823-5b59-43a0-8d60-70acbb89a5a7}]
Capabilities {acceptInsecureCerts: true, browserName: firefox, browserVersion: 142.0.1, moz:accessibilityChecks: false, moz:buildID: 20250827004350, moz:geckodriverVersion: 0.36.0, moz:headless: true, moz:platformVersion: 10.0, moz:processID: 12940, moz:profile: C:\Users\adire\AppData\Loca..., moz:shutdownTimeout: 60000, moz:webdriverClick: true, moz:windowless: false, pageLoadStrategy: normal, platformName: windows, proxy: Proxy(), setWindowRect: true, strictFileInteractability: false, timeouts: {implicit: 0, pageLoad: 300000, script: 30000}, unhandledPromptBehavior: dismiss and notify, userAgent: Mozilla/5.0 (Windows NT 10....}
Element: [[FirefoxDriver: firefox on windows (66ceb0ae-7c0d-4790-afcd-2ae4b74e320f)] -> xpath: //p[normalize-space()='Koreksi']/following::table[@aria-label='simple table'][1]//a[h6[contains(text(),'Hadir SQA Testing 2')]]]
Session ID: 66ceb0ae-7c0d-4790-afcd-2ae4b74e320f
	at java.base/jdk.internal.reflect.DirectConstructorHandleAccessor.newInstance(DirectConstructorHandleAccessor.java:62)
	at java.base/java.lang.reflect.Constructor.newInstanceWithCaller(Constructor.java:502)
	at java.base/java.lang.reflect.Constructor.newInstance(Constructor.java:486)
	at org.openqa.selenium.remote.ErrorCodec.decode(ErrorCodec.java:167)
	at org.openqa.selenium.remote.codec.w3c.W3CHttpResponseCodec.decode(W3CHttpResponseCodec.java:138)
	at org.openqa.selenium.remote.codec.w3c.W3CHttpResponseCodec.decode(W3CHttpResponseCodec.java:50)
	at org.openqa.selenium.remote.HttpCommandExecutor.execute(HttpCommandExecutor.java:215)
	at org.openqa.selenium.remote.service.DriverCommandExecutor.invokeExecute(DriverCommandExecutor.java:216)
	at org.openqa.selenium.remote.service.DriverCommandExecutor.execute(DriverCommandExecutor.java:174)
	at org.openqa.selenium.remote.RemoteWebDriver.execute(RemoteWebDriver.java:544)
	at org.openqa.selenium.remote.RemoteWebElement.execute(RemoteWebElement.java:223)
	at org.openqa.selenium.remote.RemoteWebElement.click(RemoteWebElement.java:76)
	at com.juaracoding.tajuaracoding.pages.dashboard.DashBoardPage.clickuplinerkoreksi(DashBoardPage.java:193)
	at com.juaracoding.tajuaracoding.Dashboard.PendingDashboardTest.Positive_v1koreksisearchTest(PendingDashboardTest.java:535)
	at java.base/jdk.internal.reflect.DirectMethodHandleAccessor.invoke(DirectMethodHandleAccessor.java:103)
	at java.base/java.lang.reflect.Method.invoke(Method.java:580)
	at org.testng.internal.invokers.MethodInvocationHelper.invokeMethod(MethodInvocationHelper.java:141)
	at org.testng.internal.invokers.TestInvoker.invokeMethod(TestInvoker.java:687)
	at org.testng.internal.invokers.TestInvoker.invokeTestMethod(TestInvoker.java:230)
	at org.testng.internal.invokers.MethodRunner.runInSequence(MethodRunner.java:63)
	at org.testng.internal.invokers.TestInvoker$MethodInvocationAgent.invoke(TestInvoker.java:995)
	at org.testng.internal.invokers.TestInvoker.invokeTestMethods(TestInvoker.java:203)
	at org.testng.internal.invokers.TestMethodWorker.invokeTestMethods(TestMethodWorker.java:154)
	at org.testng.internal.invokers.TestMethodWorker.run(TestMethodWorker.java:134)
	at java.base/java.util.ArrayList.forEach(ArrayList.java:1596)
	at org.testng.TestRunner.privateRun(TestRunner.java:741)
	at org.testng.TestRunner.run(TestRunner.java:616)
	at org.testng.SuiteRunner.runTest(SuiteRunner.java:421)
	at org.testng.SuiteRunner.runSequentially(SuiteRunner.java:413)
	at org.testng.SuiteRunner.privateRun(SuiteRunner.java:373)
	at org.testng.SuiteRunner.run(SuiteRunner.java:312)
	at org.testng.SuiteRunnerWorker.runSuite(SuiteRunnerWorker.java:52)
	at org.testng.SuiteRunnerWorker.run(SuiteRunnerWorker.java:95)
	at org.testng.TestNG.runSuitesSequentially(TestNG.java:1274)
	at org.testng.TestNG.runSuitesLocally(TestNG.java:1208)
	at org.testng.TestNG.runSuites(TestNG.java:1112)
	at org.testng.TestNG.run(TestNG.java:1079)
	at org.apache.maven.surefire.testng.TestNGExecutor.run(TestNGExecutor.java:308)
	at org.apache.maven.surefire.testng.TestNGXmlTestSuite.execute(TestNGXmlTestSuite.java:71)
	at org.apache.maven.surefire.testng.TestNGProvider.invoke(TestNGProvider.java:113)
	at org.apache.maven.surefire.booter.ForkedBooter.runSuitesInProcess(ForkedBooter.java:385)
	at org.apache.maven.surefire.booter.ForkedBooter.execute(ForkedBooter.java:162)
	at org.apache.maven.surefire.booter.ForkedBooter.run(ForkedBooter.java:507)
	at org.apache.maven.surefire.booter.ForkedBooter.main(ForkedBooter.java:495)
]]></failure>
  </testcase>
  <testcase name="Positive_v1lembursearchTest" classname="com.juaracoding.tajuaracoding.Dashboard.PendingDashboardTest" time="5.944">
    <system-out><![CDATA[https://magang.dikahadir.com/admin/v1-lembur/cc46aad6-9821-4b1b-af9a-b75bff68de0f?start_date=2025-08-01&end_date=2025-08-28&fullname=Hadir%20SQA%20Testing%202
]]></system-out>
  </testcase>
  <testcase name="negativeTestFilterByUnit" classname="com.juaracoding.tajuaracoding.Dashboard.PendingDashboardTest" time="9.077">
    <failure message="Seharusnya tabel kosong ketika unit tidak ditemukan expected [0] but found [12]" type="java.lang.AssertionError"><![CDATA[java.lang.AssertionError: Seharusnya tabel kosong ketika unit tidak ditemukan expected [0] but found [12]
	at org.testng.Assert.fail(Assert.java:111)
	at org.testng.Assert.failNotEquals(Assert.java:1590)
	at org.testng.Assert.assertEqualsImpl(Assert.java:150)
	at org.testng.Assert.assertEquals(Assert.java:132)
	at org.testng.Assert.assertEquals(Assert.java:1431)
	at org.testng.Assert.assertEquals(Assert.java:1395)
	at com.juaracoding.tajuaracoding.Dashboard.PendingDashboardTest.negativeTestFilterByUnit(PendingDashboardTest.java:306)
	at java.base/jdk.internal.reflect.DirectMethodHandleAccessor.invoke(DirectMethodHandleAccessor.java:103)
	at java.base/java.lang.reflect.Method.invoke(Method.java:580)
	at org.testng.internal.invokers.MethodInvocationHelper.invokeMethod(MethodInvocationHelper.java:141)
	at org.testng.internal.invokers.TestInvoker.invokeMethod(TestInvoker.java:687)
	at org.testng.internal.invokers.TestInvoker.invokeTestMethod(TestInvoker.java:230)
	at org.testng.internal.invokers.MethodRunner.runInSequence(MethodRunner.java:63)
	at org.testng.internal.invokers.TestInvoker$MethodInvocationAgent.invoke(TestInvoker.java:995)
	at org.testng.internal.invokers.TestInvoker.invokeTestMethods(TestInvoker.java:203)
	at org.testng.internal.invokers.TestMethodWorker.invokeTestMethods(TestMethodWorker.java:154)
	at org.testng.internal.invokers.TestMethodWorker.run(TestMethodWorker.java:134)
	at java.base/java.util.ArrayList.forEach(ArrayList.java:1596)
	at org.testng.TestRunner.privateRun(TestRunner.java:741)
	at org.testng.TestRunner.run(TestRunner.java:616)
	at org.testng.SuiteRunner.runTest(SuiteRunner.java:421)
	at org.testng.SuiteRunner.runSequentially(SuiteRunner.java:413)
	at org.testng.SuiteRunner.privateRun(SuiteRunner.java:373)
	at org.testng.SuiteRunner.run(SuiteRunner.java:312)
	at org.testng.SuiteRunnerWorker.runSuite(SuiteRunnerWorker.java:52)
	at org.testng.SuiteRunnerWorker.run(SuiteRunnerWorker.java:95)
	at org.testng.TestNG.runSuitesSequentially(TestNG.java:1274)
	at org.testng.TestNG.runSuitesLocally(TestNG.java:1208)
	at org.testng.TestNG.runSuites(TestNG.java:1112)
	at org.testng.TestNG.run(TestNG.java:1079)
	at org.apache.maven.surefire.testng.TestNGExecutor.run(TestNGExecutor.java:308)
	at org.apache.maven.surefire.testng.TestNGXmlTestSuite.execute(TestNGXmlTestSuite.java:71)
	at org.apache.maven.surefire.testng.TestNGProvider.invoke(TestNGProvider.java:113)
	at org.apache.maven.surefire.booter.ForkedBooter.runSuitesInProcess(ForkedBooter.java:385)
	at org.apache.maven.surefire.booter.ForkedBooter.execute(ForkedBooter.java:162)
	at org.apache.maven.surefire.booter.ForkedBooter.run(ForkedBooter.java:507)
	at org.apache.maven.surefire.booter.ForkedBooter.main(ForkedBooter.java:495)
]]></failure>
    <system-out><![CDATA[Unexpected: masih ada data tampil
]]></system-out>
  </testcase>
  <testcase name="positiveFilterByUnitTest" classname="com.juaracoding.tajuaracoding.Dashboard.PendingDashboardTest" time="10.157">
    <system-out><![CDATA[Berhasil klik dropdown: IT Programmer
]]></system-out>
  </testcase>
  <testcase name="reset_v1cutisearchTest" classname="com.juaracoding.tajuaracoding.Dashboard.PendingDashboardTest" time="7.218">
    <system-out><![CDATA[https://magang.dikahadir.com/admin/v1-cuti/cc46aad6-9821-4b1b-af9a-b75bff68de0f?start_date=2025-08-01&end_date=2025-08-28&fullname=Hadir%20SQA%20Testing%202
Hadir SQA Testing 1
23 August 2025
24 Aug 2025 - 25 Aug 2025
Hadir SQA Testing 2
-
-
Khitanan/Pembabtisan (2 hari)
/
PENDING
Hadir SQA Testing 1
16 August 2025
16 Aug 2025 - 17 Aug 2025
Hadir SQA Testing 2
-
-
Pernikahan anak (2 hari)
PENDING
Hadir SQA Testing 1
16 August 2025
28 Aug 2025 - 29 Aug 2025
Hadir SQA Testing 2
-
-
Khitanan/Pembabtisan (2 hari)
PENDING
]]></system-out>
  </testcase>
  <testcase name="reset_v1koreksisearchTest" classname="com.juaracoding.tajuaracoding.Dashboard.PendingDashboardTest" time="2.03">
    <failure message="Element &lt;a class=&quot;MuiTypography-root MuiTypography-inherit MuiLink-root MuiLink-underlineNone css-1uhr7d7&quot; href=&quot;/admin/v1-koreksi/cc46aad6-9821-4b1b-af9a-b75bff68de0f?start_date=2025-08-01&amp;end_date=2025-08-28&amp;fullname=Hadir SQA Testing 2&quot;&gt; could not be scrolled into view&#10;Build info: version: &apos;4.34.0&apos;, revision: &apos;707dcb4246*&apos;&#10;System info: os.name: &apos;Windows 11&apos;, os.arch: &apos;amd64&apos;, os.version: &apos;10.0&apos;, java.version: &apos;21.0.8&apos;&#10;Driver info: org.openqa.selenium.firefox.FirefoxDriver&#10;Command: [4f9f243e-f17e-4607-abfd-1e7263aaa93b, clickElement {id=4eb93add-75c0-4b24-acdf-e681f5647470}]&#10;Capabilities {acceptInsecureCerts: true, browserName: firefox, browserVersion: 142.0.1, moz:accessibilityChecks: false, moz:buildID: 20250827004350, moz:geckodriverVersion: 0.36.0, moz:headless: true, moz:platformVersion: 10.0, moz:processID: 44984, moz:profile: C:\Users\adire\AppData\Loca..., moz:shutdownTimeout: 60000, moz:webdriverClick: true, moz:windowless: false, pageLoadStrategy: normal, platformName: windows, proxy: Proxy(), setWindowRect: true, strictFileInteractability: false, timeouts: {implicit: 0, pageLoad: 300000, script: 30000}, unhandledPromptBehavior: dismiss and notify, userAgent: Mozilla/5.0 (Windows NT 10....}&#10;Element: [[FirefoxDriver: firefox on windows (4f9f243e-f17e-4607-abfd-1e7263aaa93b)] -&gt; xpath: //p[normalize-space()=&apos;Koreksi&apos;]/following::table[@aria-label=&apos;simple table&apos;][1]//a[h6[contains(text(),&apos;Hadir SQA Testing 2&apos;)]]]&#10;Session ID: 4f9f243e-f17e-4607-abfd-1e7263aaa93b" type="org.openqa.selenium.ElementNotInteractableException"><![CDATA[org.openqa.selenium.ElementNotInteractableException: 
Element <a class="MuiTypography-root MuiTypography-inherit MuiLink-root MuiLink-underlineNone css-1uhr7d7" href="/admin/v1-koreksi/cc46aad6-9821-4b1b-af9a-b75bff68de0f?start_date=2025-08-01&end_date=2025-08-28&fullname=Hadir SQA Testing 2"> could not be scrolled into view
Build info: version: '4.34.0', revision: '707dcb4246*'
System info: os.name: 'Windows 11', os.arch: 'amd64', os.version: '10.0', java.version: '21.0.8'
Driver info: org.openqa.selenium.firefox.FirefoxDriver
Command: [4f9f243e-f17e-4607-abfd-1e7263aaa93b, clickElement {id=4eb93add-75c0-4b24-acdf-e681f5647470}]
Capabilities {acceptInsecureCerts: true, browserName: firefox, browserVersion: 142.0.1, moz:accessibilityChecks: false, moz:buildID: 20250827004350, moz:geckodriverVersion: 0.36.0, moz:headless: true, moz:platformVersion: 10.0, moz:processID: 44984, moz:profile: C:\Users\adire\AppData\Loca..., moz:shutdownTimeout: 60000, moz:webdriverClick: true, moz:windowless: false, pageLoadStrategy: normal, platformName: windows, proxy: Proxy(), setWindowRect: true, strictFileInteractability: false, timeouts: {implicit: 0, pageLoad: 300000, script: 30000}, unhandledPromptBehavior: dismiss and notify, userAgent: Mozilla/5.0 (Windows NT 10....}
Element: [[FirefoxDriver: firefox on windows (4f9f243e-f17e-4607-abfd-1e7263aaa93b)] -> xpath: //p[normalize-space()='Koreksi']/following::table[@aria-label='simple table'][1]//a[h6[contains(text(),'Hadir SQA Testing 2')]]]
Session ID: 4f9f243e-f17e-4607-abfd-1e7263aaa93b
	at java.base/jdk.internal.reflect.DirectConstructorHandleAccessor.newInstance(DirectConstructorHandleAccessor.java:62)
	at java.base/java.lang.reflect.Constructor.newInstanceWithCaller(Constructor.java:502)
	at java.base/java.lang.reflect.Constructor.newInstance(Constructor.java:486)
	at org.openqa.selenium.remote.ErrorCodec.decode(ErrorCodec.java:167)
	at org.openqa.selenium.remote.codec.w3c.W3CHttpResponseCodec.decode(W3CHttpResponseCodec.java:138)
	at org.openqa.selenium.remote.codec.w3c.W3CHttpResponseCodec.decode(W3CHttpResponseCodec.java:50)
	at org.openqa.selenium.remote.HttpCommandExecutor.execute(HttpCommandExecutor.java:215)
	at org.openqa.selenium.remote.service.DriverCommandExecutor.invokeExecute(DriverCommandExecutor.java:216)
	at org.openqa.selenium.remote.service.DriverCommandExecutor.execute(DriverCommandExecutor.java:174)
	at org.openqa.selenium.remote.RemoteWebDriver.execute(RemoteWebDriver.java:544)
	at org.openqa.selenium.remote.RemoteWebElement.execute(RemoteWebElement.java:223)
	at org.openqa.selenium.remote.RemoteWebElement.click(RemoteWebElement.java:76)
	at com.juaracoding.tajuaracoding.pages.dashboard.DashBoardPage.clickuplinerkoreksi(DashBoardPage.java:193)
	at com.juaracoding.tajuaracoding.Dashboard.PendingDashboardTest.reset_v1koreksisearchTest(PendingDashboardTest.java:574)
	at java.base/jdk.internal.reflect.DirectMethodHandleAccessor.invoke(DirectMethodHandleAccessor.java:103)
	at java.base/java.lang.reflect.Method.invoke(Method.java:580)
	at org.testng.internal.invokers.MethodInvocationHelper.invokeMethod(MethodInvocationHelper.java:141)
	at org.testng.internal.invokers.TestInvoker.invokeMethod(TestInvoker.java:687)
	at org.testng.internal.invokers.TestInvoker.invokeTestMethod(TestInvoker.java:230)
	at org.testng.internal.invokers.MethodRunner.runInSequence(MethodRunner.java:63)
	at org.testng.internal.invokers.TestInvoker$MethodInvocationAgent.invoke(TestInvoker.java:995)
	at org.testng.internal.invokers.TestInvoker.invokeTestMethods(TestInvoker.java:203)
	at org.testng.internal.invokers.TestMethodWorker.invokeTestMethods(TestMethodWorker.java:154)
	at org.testng.internal.invokers.TestMethodWorker.run(TestMethodWorker.java:134)
	at java.base/java.util.ArrayList.forEach(ArrayList.java:1596)
	at org.testng.TestRunner.privateRun(TestRunner.java:741)
	at org.testng.TestRunner.run(TestRunner.java:616)
	at org.testng.SuiteRunner.runTest(SuiteRunner.java:421)
	at org.testng.SuiteRunner.runSequentially(SuiteRunner.java:413)
	at org.testng.SuiteRunner.privateRun(SuiteRunner.java:373)
	at org.testng.SuiteRunner.run(SuiteRunner.java:312)
	at org.testng.SuiteRunnerWorker.runSuite(SuiteRunnerWorker.java:52)
	at org.testng.SuiteRunnerWorker.run(SuiteRunnerWorker.java:95)
	at org.testng.TestNG.runSuitesSequentially(TestNG.java:1274)
	at org.testng.TestNG.runSuitesLocally(TestNG.java:1208)
	at org.testng.TestNG.runSuites(TestNG.java:1112)
	at org.testng.TestNG.run(TestNG.java:1079)
	at org.apache.maven.surefire.testng.TestNGExecutor.run(TestNGExecutor.java:308)
	at org.apache.maven.surefire.testng.TestNGXmlTestSuite.execute(TestNGXmlTestSuite.java:71)
	at org.apache.maven.surefire.testng.TestNGProvider.invoke(TestNGProvider.java:113)
	at org.apache.maven.surefire.booter.ForkedBooter.runSuitesInProcess(ForkedBooter.java:385)
	at org.apache.maven.surefire.booter.ForkedBooter.execute(ForkedBooter.java:162)
	at org.apache.maven.surefire.booter.ForkedBooter.run(ForkedBooter.java:507)
	at org.apache.maven.surefire.booter.ForkedBooter.main(ForkedBooter.java:495)
]]></failure>
  </testcase>
  <testcase name="reset_v1lembursearchTest" classname="com.juaracoding.tajuaracoding.Dashboard.PendingDashboardTest" time="7.158">
    <system-out><![CDATA[https://magang.dikahadir.com/admin/v1-lembur/cc46aad6-9821-4b1b-af9a-b75bff68de0f?start_date=2025-08-01&end_date=2025-08-28&fullname=Hadir%20SQA%20Testing%202
Hadir SQA Testing 1
14 August 2025
-
-
-
15 Aug 2025
12:05:00
-
28 Aug 2025
00:00:00
Hadir SQA Testing 2
-
-
lembur 1 jam
PENDING
Hadir SQA Testing 1
14 August 2025
-
-
-
14 Aug 2025
18:01:00
-
15 Aug 2025
08:31:00
Hadir SQA Testing 2
-
-
lembur panjang
PENDING
]]></system-out>
  </testcase>
  <testcase name="resetfilterTest" classname="com.juaracoding.tajuaracoding.Dashboard.PendingDashboardTest" time="15.008">
    <system-out><![CDATA[Berhasil klik dropdown: IT Programmer
]]></system-out>
  </testcase>
  <testcase name="testVerifyPage" classname="com.juaracoding.tajuaracoding.Dashboard.PendingDashboardTest" time="2.048"/>
  <testcase name="validator1LemburTest" classname="com.juaracoding.tajuaracoding.Dashboard.PendingDashboardTest" time="2.816">
    <system-out><![CDATA[Validator1 - Lembur ada data.
https://magang.dikahadir.com/admin/v1-lembur/cc46aad6-9821-4b1b-af9a-b75bff68de0f?start_date=2025-08-01&end_date=2025-08-28&fullname=Hadir%20SQA%20Testing%202
]]></system-out>
  </testcase>
  <testcase name="validator1cutiTest" classname="com.juaracoding.tajuaracoding.Dashboard.PendingDashboardTest" time="2.837">
    <system-out><![CDATA[Validator1 - Cuti ada data.
https://magang.dikahadir.com/admin/v1-cuti/cc46aad6-9821-4b1b-af9a-b75bff68de0f?start_date=2025-08-01&end_date=2025-08-28&fullname=Hadir%20SQA%20Testing%202
]]></system-out>
  </testcase>
  <testcase name="validator1koreksiTest" classname="com.juaracoding.tajuaracoding.Dashboard.PendingDashboardTest" time="2.032">
    <failure message="Element &lt;a class=&quot;MuiTypography-root MuiTypography-inherit MuiLink-root MuiLink-underlineNone css-1uhr7d7&quot; href=&quot;/admin/v1-koreksi/cc46aad6-9821-4b1b-af9a-b75bff68de0f?start_date=2025-08-01&amp;end_date=2025-08-28&amp;fullname=Hadir SQA Testing 2&quot;&gt; could not be scrolled into view&#10;Build info: version: &apos;4.34.0&apos;, revision: &apos;707dcb4246*&apos;&#10;System info: os.name: &apos;Windows 11&apos;, os.arch: &apos;amd64&apos;, os.version: &apos;10.0&apos;, java.version: &apos;21.0.8&apos;&#10;Driver info: org.openqa.selenium.firefox.FirefoxDriver&#10;Command: [a034f2ec-35a4-418c-8f05-83a5ed1943d0, clickElement {id=f2a3bcfd-14a2-40a7-b8d0-061be0150680}]&#10;Capabilities {acceptInsecureCerts: true, browserName: firefox, browserVersion: 142.0.1, moz:accessibilityChecks: false, moz:buildID: 20250827004350, moz:geckodriverVersion: 0.36.0, moz:headless: true, moz:platformVersion: 10.0, moz:processID: 41348, moz:profile: C:\Users\adire\AppData\Loca..., moz:shutdownTimeout: 60000, moz:webdriverClick: true, moz:windowless: false, pageLoadStrategy: normal, platformName: windows, proxy: Proxy(), setWindowRect: true, strictFileInteractability: false, timeouts: {implicit: 0, pageLoad: 300000, script: 30000}, unhandledPromptBehavior: dismiss and notify, userAgent: Mozilla/5.0 (Windows NT 10....}&#10;Element: [[FirefoxDriver: firefox on windows (a034f2ec-35a4-418c-8f05-83a5ed1943d0)] -&gt; xpath: //p[normalize-space()=&apos;Koreksi&apos;]/following::table[@aria-label=&apos;simple table&apos;][1]//a[h6[contains(text(),&apos;Hadir SQA Testing 2&apos;)]]]&#10;Session ID: a034f2ec-35a4-418c-8f05-83a5ed1943d0" type="org.openqa.selenium.ElementNotInteractableException"><![CDATA[org.openqa.selenium.ElementNotInteractableException: 
Element <a class="MuiTypography-root MuiTypography-inherit MuiLink-root MuiLink-underlineNone css-1uhr7d7" href="/admin/v1-koreksi/cc46aad6-9821-4b1b-af9a-b75bff68de0f?start_date=2025-08-01&end_date=2025-08-28&fullname=Hadir SQA Testing 2"> could not be scrolled into view
Build info: version: '4.34.0', revision: '707dcb4246*'
System info: os.name: 'Windows 11', os.arch: 'amd64', os.version: '10.0', java.version: '21.0.8'
Driver info: org.openqa.selenium.firefox.FirefoxDriver
Command: [a034f2ec-35a4-418c-8f05-83a5ed1943d0, clickElement {id=f2a3bcfd-14a2-40a7-b8d0-061be0150680}]
Capabilities {acceptInsecureCerts: true, browserName: firefox, browserVersion: 142.0.1, moz:accessibilityChecks: false, moz:buildID: 20250827004350, moz:geckodriverVersion: 0.36.0, moz:headless: true, moz:platformVersion: 10.0, moz:processID: 41348, moz:profile: C:\Users\adire\AppData\Loca..., moz:shutdownTimeout: 60000, moz:webdriverClick: true, moz:windowless: false, pageLoadStrategy: normal, platformName: windows, proxy: Proxy(), setWindowRect: true, strictFileInteractability: false, timeouts: {implicit: 0, pageLoad: 300000, script: 30000}, unhandledPromptBehavior: dismiss and notify, userAgent: Mozilla/5.0 (Windows NT 10....}
Element: [[FirefoxDriver: firefox on windows (a034f2ec-35a4-418c-8f05-83a5ed1943d0)] -> xpath: //p[normalize-space()='Koreksi']/following::table[@aria-label='simple table'][1]//a[h6[contains(text(),'Hadir SQA Testing 2')]]]
Session ID: a034f2ec-35a4-418c-8f05-83a5ed1943d0
	at java.base/jdk.internal.reflect.DirectConstructorHandleAccessor.newInstance(DirectConstructorHandleAccessor.java:62)
	at java.base/java.lang.reflect.Constructor.newInstanceWithCaller(Constructor.java:502)
	at java.base/java.lang.reflect.Constructor.newInstance(Constructor.java:486)
	at org.openqa.selenium.remote.ErrorCodec.decode(ErrorCodec.java:167)
	at org.openqa.selenium.remote.codec.w3c.W3CHttpResponseCodec.decode(W3CHttpResponseCodec.java:138)
	at org.openqa.selenium.remote.codec.w3c.W3CHttpResponseCodec.decode(W3CHttpResponseCodec.java:50)
	at org.openqa.selenium.remote.HttpCommandExecutor.execute(HttpCommandExecutor.java:215)
	at org.openqa.selenium.remote.service.DriverCommandExecutor.invokeExecute(DriverCommandExecutor.java:216)
	at org.openqa.selenium.remote.service.DriverCommandExecutor.execute(DriverCommandExecutor.java:174)
	at org.openqa.selenium.remote.RemoteWebDriver.execute(RemoteWebDriver.java:544)
	at org.openqa.selenium.remote.RemoteWebElement.execute(RemoteWebElement.java:223)
	at org.openqa.selenium.remote.RemoteWebElement.click(RemoteWebElement.java:76)
	at com.juaracoding.tajuaracoding.pages.dashboard.DashBoardPage.clickuplinerkoreksi(DashBoardPage.java:193)
	at com.juaracoding.tajuaracoding.Dashboard.PendingDashboardTest.validator1koreksiTest(PendingDashboardTest.java:174)
	at java.base/jdk.internal.reflect.DirectMethodHandleAccessor.invoke(DirectMethodHandleAccessor.java:103)
	at java.base/java.lang.reflect.Method.invoke(Method.java:580)
	at org.testng.internal.invokers.MethodInvocationHelper.invokeMethod(MethodInvocationHelper.java:141)
	at org.testng.internal.invokers.TestInvoker.invokeMethod(TestInvoker.java:687)
	at org.testng.internal.invokers.TestInvoker.invokeTestMethod(TestInvoker.java:230)
	at org.testng.internal.invokers.MethodRunner.runInSequence(MethodRunner.java:63)
	at org.testng.internal.invokers.TestInvoker$MethodInvocationAgent.invoke(TestInvoker.java:995)
	at org.testng.internal.invokers.TestInvoker.invokeTestMethods(TestInvoker.java:203)
	at org.testng.internal.invokers.TestMethodWorker.invokeTestMethods(TestMethodWorker.java:154)
	at org.testng.internal.invokers.TestMethodWorker.run(TestMethodWorker.java:134)
	at java.base/java.util.ArrayList.forEach(ArrayList.java:1596)
	at org.testng.TestRunner.privateRun(TestRunner.java:741)
	at org.testng.TestRunner.run(TestRunner.java:616)
	at org.testng.SuiteRunner.runTest(SuiteRunner.java:421)
	at org.testng.SuiteRunner.runSequentially(SuiteRunner.java:413)
	at org.testng.SuiteRunner.privateRun(SuiteRunner.java:373)
	at org.testng.SuiteRunner.run(SuiteRunner.java:312)
	at org.testng.SuiteRunnerWorker.runSuite(SuiteRunnerWorker.java:52)
	at org.testng.SuiteRunnerWorker.run(SuiteRunnerWorker.java:95)
	at org.testng.TestNG.runSuitesSequentially(TestNG.java:1274)
	at org.testng.TestNG.runSuitesLocally(TestNG.java:1208)
	at org.testng.TestNG.runSuites(TestNG.java:1112)
	at org.testng.TestNG.run(TestNG.java:1079)
	at org.apache.maven.surefire.testng.TestNGExecutor.run(TestNGExecutor.java:308)
	at org.apache.maven.surefire.testng.TestNGXmlTestSuite.execute(TestNGXmlTestSuite.java:71)
	at org.apache.maven.surefire.testng.TestNGProvider.invoke(TestNGProvider.java:113)
	at org.apache.maven.surefire.booter.ForkedBooter.runSuitesInProcess(ForkedBooter.java:385)
	at org.apache.maven.surefire.booter.ForkedBooter.execute(ForkedBooter.java:162)
	at org.apache.maven.surefire.booter.ForkedBooter.run(ForkedBooter.java:507)
	at org.apache.maven.surefire.booter.ForkedBooter.main(ForkedBooter.java:495)
]]></failure>
    <system-out><![CDATA[Validator1 - Koreksi ada data.
]]></system-out>
  </testcase>
</testsuite>