<?xml version="1.0" encoding="UTF-8"?>
<testng-results ignored="0" total="11" passed="4" failed="7" skipped="0">
  <reporter-output>
  </reporter-output>
  <suite started-at="2025-08-27T07:05:31 WIB" name="Hadir" finished-at="2025-08-27T07:08:51 WIB" duration-ms="200365">
    <groups>
    </groups>
    <test started-at="2025-08-27T07:05:31 WIB" name="Login Tests" finished-at="2025-08-27T07:05:31 WIB" duration-ms="7">
    </test> <!-- Login Tests -->
    <test started-at="2025-08-27T07:05:31 WIB" name="Laporan Tests" finished-at="2025-08-27T07:08:51 WIB" duration-ms="200301">
      <class name="com.juaracoding.tajuaracoding.laporan.SemuaTest">
        <test-method is-config="true" signature="setup(java.lang.String,java.lang.String,java.lang.String)[pri:0, instance:com.juaracoding.tajuaracoding.laporan.SemuaTest@128d2484]" started-at="2025-08-27T07:05:31 WIB" name="setup" finished-at="2025-08-27T07:05:36 WIB" duration-ms="5602" status="PASS">
          <params>
            <param index="0">
              <value>
                <![CDATA[https://magang.dikahadir.com/authentication/login]]>
              </value>
            </param>
            <param index="1">
              <value>
                <![CDATA[admin@hadir.com]]>
              </value>
            </param>
            <param index="2">
              <value>
                <![CDATA[MagangSQA_JC@123]]>
              </value>
            </param>
          </params>
          <reporter-output>
          </reporter-output>
        </test-method> <!-- setup -->
        <test-method signature="testSemuaPageVerification()[pri:1, instance:com.juaracoding.tajuaracoding.laporan.SemuaTest@128d2484]" started-at="2025-08-27T07:05:36 WIB" name="testSemuaPageVerification" finished-at="2025-08-27T07:05:42 WIB" duration-ms="5665" status="PASS">
          <reporter-output>
          </reporter-output>
        </test-method> <!-- testSemuaPageVerification -->
        <test-method is-config="true" signature="teardown()[pri:0, instance:com.juaracoding.tajuaracoding.laporan.SemuaTest@128d2484]" started-at="2025-08-27T07:05:42 WIB" name="teardown" finished-at="2025-08-27T07:05:45 WIB" duration-ms="2616" status="PASS">
          <reporter-output>
          </reporter-output>
        </test-method> <!-- teardown -->
        <test-method is-config="true" signature="setup(java.lang.String,java.lang.String,java.lang.String)[pri:0, instance:com.juaracoding.tajuaracoding.laporan.SemuaTest@128d2484]" started-at="2025-08-27T07:05:45 WIB" name="setup" finished-at="2025-08-27T07:05:50 WIB" duration-ms="5054" status="PASS">
          <params>
            <param index="0">
              <value>
                <![CDATA[https://magang.dikahadir.com/authentication/login]]>
              </value>
            </param>
            <param index="1">
              <value>
                <![CDATA[admin@hadir.com]]>
              </value>
            </param>
            <param index="2">
              <value>
                <![CDATA[MagangSQA_JC@123]]>
              </value>
            </param>
          </params>
          <reporter-output>
          </reporter-output>
        </test-method> <!-- setup -->
        <test-method signature="testDateRangeFilter()[pri:2, instance:com.juaracoding.tajuaracoding.laporan.SemuaTest@128d2484]" started-at="2025-08-27T07:05:50 WIB" name="testDateRangeFilter" finished-at="2025-08-27T07:05:58 WIB" duration-ms="8400" status="PASS">
          <reporter-output>
          </reporter-output>
        </test-method> <!-- testDateRangeFilter -->
        <test-method is-config="true" signature="teardown()[pri:0, instance:com.juaracoding.tajuaracoding.laporan.SemuaTest@128d2484]" started-at="2025-08-27T07:05:58 WIB" name="teardown" finished-at="2025-08-27T07:06:00 WIB" duration-ms="2177" status="PASS">
          <reporter-output>
          </reporter-output>
        </test-method> <!-- teardown -->
        <test-method is-config="true" signature="setup(java.lang.String,java.lang.String,java.lang.String)[pri:0, instance:com.juaracoding.tajuaracoding.laporan.SemuaTest@128d2484]" started-at="2025-08-27T07:06:00 WIB" name="setup" finished-at="2025-08-27T07:06:04 WIB" duration-ms="3996" status="PASS">
          <params>
            <param index="0">
              <value>
                <![CDATA[https://magang.dikahadir.com/authentication/login]]>
              </value>
            </param>
            <param index="1">
              <value>
                <![CDATA[admin@hadir.com]]>
              </value>
            </param>
            <param index="2">
              <value>
                <![CDATA[MagangSQA_JC@123]]>
              </value>
            </param>
          </params>
          <reporter-output>
          </reporter-output>
        </test-method> <!-- setup -->
        <test-method signature="testPositiveSearch()[pri:3, instance:com.juaracoding.tajuaracoding.laporan.SemuaTest@128d2484]" started-at="2025-08-27T07:06:04 WIB" name="testPositiveSearch" finished-at="2025-08-27T07:06:12 WIB" duration-ms="7241" status="FAIL">
          <exception class="java.lang.AssertionError">
            <message>
              <![CDATA[Expected to find results for keyword: Hadir]]>
            </message>
            <full-stacktrace>
              <![CDATA[java.lang.AssertionError: Expected to find results for keyword: Hadir
at com.juaracoding.tajuaracoding.pages.actions.SearchAction.execute(SearchAction.java:40)
at com.juaracoding.tajuaracoding.pages.actions.CompositeActionBuilder.execute(CompositeActionBuilder.java:110)
at com.juaracoding.tajuaracoding.laporan.SemuaTest.testPositiveSearch(SemuaTest.java:32)
at java.base/jdk.internal.reflect.DirectMethodHandleAccessor.invoke(DirectMethodHandleAccessor.java:103)
at java.base/java.lang.reflect.Method.invoke(Method.java:580)
at org.testng.internal.invokers.MethodInvocationHelper.invokeMethod(MethodInvocationHelper.java:141)
at org.testng.internal.invokers.TestInvoker.invokeMethod(TestInvoker.java:687)
at org.testng.internal.invokers.TestInvoker.invokeTestMethod(TestInvoker.java:230)
at org.testng.internal.invokers.MethodRunner.runInSequence(MethodRunner.java:63)
at org.testng.internal.invokers.TestInvoker$MethodInvocationAgent.invoke(TestInvoker.java:995)
at org.testng.internal.invokers.TestInvoker.invokeTestMethods(TestInvoker.java:203)
at org.testng.internal.invokers.TestMethodWorker.invokeTestMethods(TestMethodWorker.java:154)
at org.testng.internal.invokers.TestMethodWorker.run(TestMethodWorker.java:134)
at java.base/java.util.ArrayList.forEach(ArrayList.java:1596)
at org.testng.TestRunner.privateRun(TestRunner.java:741)
at org.testng.TestRunner.run(TestRunner.java:616)
at org.testng.SuiteRunner.runTest(SuiteRunner.java:421)
at org.testng.SuiteRunner.runSequentially(SuiteRunner.java:413)
at org.testng.SuiteRunner.privateRun(SuiteRunner.java:373)
at org.testng.SuiteRunner.run(SuiteRunner.java:312)
at org.testng.SuiteRunnerWorker.runSuite(SuiteRunnerWorker.java:52)
at org.testng.SuiteRunnerWorker.run(SuiteRunnerWorker.java:95)
at org.testng.TestNG.runSuitesSequentially(TestNG.java:1274)
at org.testng.TestNG.runSuitesLocally(TestNG.java:1208)
at org.testng.TestNG.runSuites(TestNG.java:1112)
at org.testng.TestNG.run(TestNG.java:1079)
at org.apache.maven.surefire.testng.TestNGExecutor.run(TestNGExecutor.java:308)
at org.apache.maven.surefire.testng.TestNGXmlTestSuite.execute(TestNGXmlTestSuite.java:71)
at org.apache.maven.surefire.testng.TestNGProvider.invoke(TestNGProvider.java:113)
at org.apache.maven.surefire.booter.ForkedBooter.runSuitesInProcess(ForkedBooter.java:385)
at org.apache.maven.surefire.booter.ForkedBooter.execute(ForkedBooter.java:162)
at org.apache.maven.surefire.booter.ForkedBooter.run(ForkedBooter.java:507)
at org.apache.maven.surefire.booter.ForkedBooter.main(ForkedBooter.java:495)
]]>
            </full-stacktrace>
          </exception> <!-- java.lang.AssertionError -->
          <reporter-output>
          </reporter-output>
        </test-method> <!-- testPositiveSearch -->
        <test-method is-config="true" signature="teardown()[pri:0, instance:com.juaracoding.tajuaracoding.laporan.SemuaTest@128d2484]" started-at="2025-08-27T07:06:12 WIB" name="teardown" finished-at="2025-08-27T07:06:14 WIB" duration-ms="2315" status="PASS">
          <reporter-output>
          </reporter-output>
        </test-method> <!-- teardown -->
        <test-method is-config="true" signature="setup(java.lang.String,java.lang.String,java.lang.String)[pri:0, instance:com.juaracoding.tajuaracoding.laporan.SemuaTest@128d2484]" started-at="2025-08-27T07:06:14 WIB" name="setup" finished-at="2025-08-27T07:06:18 WIB" duration-ms="4331" status="PASS">
          <params>
            <param index="0">
              <value>
                <![CDATA[https://magang.dikahadir.com/authentication/login]]>
              </value>
            </param>
            <param index="1">
              <value>
                <![CDATA[admin@hadir.com]]>
              </value>
            </param>
            <param index="2">
              <value>
                <![CDATA[MagangSQA_JC@123]]>
              </value>
            </param>
          </params>
          <reporter-output>
          </reporter-output>
        </test-method> <!-- setup -->
        <test-method signature="testNegativeSearch()[pri:4, instance:com.juaracoding.tajuaracoding.laporan.SemuaTest@128d2484]" started-at="2025-08-27T07:06:18 WIB" name="testNegativeSearch" finished-at="2025-08-27T07:06:24 WIB" duration-ms="5449" status="FAIL">
          <exception class="java.lang.RuntimeException">
            <message>
              <![CDATA[Action failed: Search failed: Unable to locate element: #search
For documentation on this error, please visit: https://www.selenium.dev/documentation/webdriver/troubleshooting/errors#no-such-element-exception
Build info: version: '4.34.0', revision: '707dcb4246*'
System info: os.name: 'Windows 11', os.arch: 'amd64', os.version: '10.0', java.version: '21.0.8'
Driver info: org.openqa.selenium.firefox.FirefoxDriver
Command: [76e76362-67e9-4c19-9214-f8e5229e7dac, findElement {value=search, using=id}]
Capabilities {acceptInsecureCerts: true, browserName: firefox, browserVersion: 142.0, moz:accessibilityChecks: false, moz:buildID: 20250811145442, moz:geckodriverVersion: 0.36.0, moz:headless: false, moz:platformVersion: 10.0, moz:processID: 36160, moz:profile: C:\Users\FREDIA~1\AppData\L..., moz:shutdownTimeout: 60000, moz:webdriverClick: true, moz:windowless: false, pageLoadStrategy: normal, platformName: windows, proxy: Proxy(), setWindowRect: true, strictFileInteractability: false, timeouts: {implicit: 0, pageLoad: 300000, script: 30000}, unhandledPromptBehavior: dismiss and notify, userAgent: Mozilla/5.0 (Windows NT 10....}
Session ID: 76e76362-67e9-4c19-9214-f8e5229e7dac]]>
            </message>
            <full-stacktrace>
              <![CDATA[java.lang.RuntimeException: Action failed: Search failed: Unable to locate element: #search
For documentation on this error, please visit: https://www.selenium.dev/documentation/webdriver/troubleshooting/errors#no-such-element-exception
Build info: version: '4.34.0', revision: '707dcb4246*'
System info: os.name: 'Windows 11', os.arch: 'amd64', os.version: '10.0', java.version: '21.0.8'
Driver info: org.openqa.selenium.firefox.FirefoxDriver
Command: [76e76362-67e9-4c19-9214-f8e5229e7dac, findElement {value=search, using=id}]
Capabilities {acceptInsecureCerts: true, browserName: firefox, browserVersion: 142.0, moz:accessibilityChecks: false, moz:buildID: 20250811145442, moz:geckodriverVersion: 0.36.0, moz:headless: false, moz:platformVersion: 10.0, moz:processID: 36160, moz:profile: C:\Users\FREDIA~1\AppData\L..., moz:shutdownTimeout: 60000, moz:webdriverClick: true, moz:windowless: false, pageLoadStrategy: normal, platformName: windows, proxy: Proxy(), setWindowRect: true, strictFileInteractability: false, timeouts: {implicit: 0, pageLoad: 300000, script: 30000}, unhandledPromptBehavior: dismiss and notify, userAgent: Mozilla/5.0 (Windows NT 10....}
Session ID: 76e76362-67e9-4c19-9214-f8e5229e7dac
at com.juaracoding.tajuaracoding.pages.actions.CompositeActionBuilder.execute(CompositeActionBuilder.java:112)
at com.juaracoding.tajuaracoding.laporan.SemuaTest.testNegativeSearch(SemuaTest.java:40)
at java.base/jdk.internal.reflect.DirectMethodHandleAccessor.invoke(DirectMethodHandleAccessor.java:103)
at java.base/java.lang.reflect.Method.invoke(Method.java:580)
at org.testng.internal.invokers.MethodInvocationHelper.invokeMethod(MethodInvocationHelper.java:141)
at org.testng.internal.invokers.TestInvoker.invokeMethod(TestInvoker.java:687)
at org.testng.internal.invokers.TestInvoker.invokeTestMethod(TestInvoker.java:230)
at org.testng.internal.invokers.MethodRunner.runInSequence(MethodRunner.java:63)
at org.testng.internal.invokers.TestInvoker$MethodInvocationAgent.invoke(TestInvoker.java:995)
at org.testng.internal.invokers.TestInvoker.invokeTestMethods(TestInvoker.java:203)
at org.testng.internal.invokers.TestMethodWorker.invokeTestMethods(TestMethodWorker.java:154)
at org.testng.internal.invokers.TestMethodWorker.run(TestMethodWorker.java:134)
at java.base/java.util.ArrayList.forEach(ArrayList.java:1596)
at org.testng.TestRunner.privateRun(TestRunner.java:741)
at org.testng.TestRunner.run(TestRunner.java:616)
at org.testng.SuiteRunner.runTest(SuiteRunner.java:421)
at org.testng.SuiteRunner.runSequentially(SuiteRunner.java:413)
at org.testng.SuiteRunner.privateRun(SuiteRunner.java:373)
at org.testng.SuiteRunner.run(SuiteRunner.java:312)
at org.testng.SuiteRunnerWorker.runSuite(SuiteRunnerWorker.java:52)
at org.testng.SuiteRunnerWorker.run(SuiteRunnerWorker.java:95)
at org.testng.TestNG.runSuitesSequentially(TestNG.java:1274)
at org.testng.TestNG.runSuitesLocally(TestNG.java:1208)
at org.testng.TestNG.runSuites(TestNG.java:1112)
at org.testng.TestNG.run(TestNG.java:1079)
at org.apache.maven.surefire.testng.TestNGExecutor.run(TestNGExecutor.java:308)
at org.apache.maven.surefire.testng.TestNGXmlTestSuite.execute(TestNGXmlTestSuite.java:71)
at org.apache.maven.surefire.testng.TestNGProvider.invoke(TestNGProvider.java:113)
at org.apache.maven.surefire.booter.ForkedBooter.runSuitesInProcess(ForkedBooter.java:385)
at org.apache.maven.surefire.booter.ForkedBooter.execute(ForkedBooter.java:162)
at org.apache.maven.surefire.booter.ForkedBooter.run(ForkedBooter.java:507)
at org.apache.maven.surefire.booter.ForkedBooter.main(ForkedBooter.java:495)
]]>
            </full-stacktrace>
          </exception> <!-- java.lang.RuntimeException -->
          <reporter-output>
          </reporter-output>
        </test-method> <!-- testNegativeSearch -->
        <test-method is-config="true" signature="teardown()[pri:0, instance:com.juaracoding.tajuaracoding.laporan.SemuaTest@128d2484]" started-at="2025-08-27T07:06:24 WIB" name="teardown" finished-at="2025-08-27T07:06:26 WIB" duration-ms="2709" status="PASS">
          <reporter-output>
          </reporter-output>
        </test-method> <!-- teardown -->
        <test-method is-config="true" signature="setup(java.lang.String,java.lang.String,java.lang.String)[pri:0, instance:com.juaracoding.tajuaracoding.laporan.SemuaTest@128d2484]" started-at="2025-08-27T07:06:26 WIB" name="setup" finished-at="2025-08-27T07:06:31 WIB" duration-ms="5024" status="PASS">
          <params>
            <param index="0">
              <value>
                <![CDATA[https://magang.dikahadir.com/authentication/login]]>
              </value>
            </param>
            <param index="1">
              <value>
                <![CDATA[admin@hadir.com]]>
              </value>
            </param>
            <param index="2">
              <value>
                <![CDATA[MagangSQA_JC@123]]>
              </value>
            </param>
          </params>
          <reporter-output>
          </reporter-output>
        </test-method> <!-- setup -->
        <test-method signature="testPositiveSearchWithDateRangeFilter()[pri:5, instance:com.juaracoding.tajuaracoding.laporan.SemuaTest@128d2484]" started-at="2025-08-27T07:06:31 WIB" name="testPositiveSearchWithDateRangeFilter" finished-at="2025-08-27T07:06:42 WIB" duration-ms="10826" status="PASS">
          <reporter-output>
          </reporter-output>
        </test-method> <!-- testPositiveSearchWithDateRangeFilter -->
        <test-method is-config="true" signature="teardown()[pri:0, instance:com.juaracoding.tajuaracoding.laporan.SemuaTest@128d2484]" started-at="2025-08-27T07:06:42 WIB" name="teardown" finished-at="2025-08-27T07:06:45 WIB" duration-ms="2491" status="PASS">
          <reporter-output>
          </reporter-output>
        </test-method> <!-- teardown -->
        <test-method is-config="true" signature="setup(java.lang.String,java.lang.String,java.lang.String)[pri:0, instance:com.juaracoding.tajuaracoding.laporan.SemuaTest@128d2484]" started-at="2025-08-27T07:06:45 WIB" name="setup" finished-at="2025-08-27T07:06:49 WIB" duration-ms="4383" status="PASS">
          <params>
            <param index="0">
              <value>
                <![CDATA[https://magang.dikahadir.com/authentication/login]]>
              </value>
            </param>
            <param index="1">
              <value>
                <![CDATA[admin@hadir.com]]>
              </value>
            </param>
            <param index="2">
              <value>
                <![CDATA[MagangSQA_JC@123]]>
              </value>
            </param>
          </params>
          <reporter-output>
          </reporter-output>
        </test-method> <!-- setup -->
        <test-method signature="testPositiveUnitFilter()[pri:6, instance:com.juaracoding.tajuaracoding.laporan.SemuaTest@128d2484]" started-at="2025-08-27T07:06:49 WIB" name="testPositiveUnitFilter" finished-at="2025-08-27T07:06:59 WIB" duration-ms="10143" status="FAIL">
          <exception class="java.lang.AssertionError">
            <message>
              <![CDATA[Expected to find data for unit: Sysmex expected [true] but found [false]]]>
            </message>
            <full-stacktrace>
              <![CDATA[java.lang.AssertionError: Expected to find data for unit: Sysmex expected [true] but found [false]
at org.testng.Assert.fail(Assert.java:111)
at org.testng.Assert.failNotEquals(Assert.java:1590)
at org.testng.Assert.assertTrue(Assert.java:57)
at com.juaracoding.tajuaracoding.pages.actions.UnitFilterAction.execute(UnitFilterAction.java:67)
at com.juaracoding.tajuaracoding.pages.actions.CompositeActionBuilder.execute(CompositeActionBuilder.java:110)
at com.juaracoding.tajuaracoding.laporan.SemuaTest.testPositiveUnitFilter(SemuaTest.java:57)
at java.base/jdk.internal.reflect.DirectMethodHandleAccessor.invoke(DirectMethodHandleAccessor.java:103)
at java.base/java.lang.reflect.Method.invoke(Method.java:580)
at org.testng.internal.invokers.MethodInvocationHelper.invokeMethod(MethodInvocationHelper.java:141)
at org.testng.internal.invokers.TestInvoker.invokeMethod(TestInvoker.java:687)
at org.testng.internal.invokers.TestInvoker.invokeTestMethod(TestInvoker.java:230)
at org.testng.internal.invokers.MethodRunner.runInSequence(MethodRunner.java:63)
at org.testng.internal.invokers.TestInvoker$MethodInvocationAgent.invoke(TestInvoker.java:995)
at org.testng.internal.invokers.TestInvoker.invokeTestMethods(TestInvoker.java:203)
at org.testng.internal.invokers.TestMethodWorker.invokeTestMethods(TestMethodWorker.java:154)
at org.testng.internal.invokers.TestMethodWorker.run(TestMethodWorker.java:134)
at java.base/java.util.ArrayList.forEach(ArrayList.java:1596)
at org.testng.TestRunner.privateRun(TestRunner.java:741)
at org.testng.TestRunner.run(TestRunner.java:616)
at org.testng.SuiteRunner.runTest(SuiteRunner.java:421)
at org.testng.SuiteRunner.runSequentially(SuiteRunner.java:413)
at org.testng.SuiteRunner.privateRun(SuiteRunner.java:373)
at org.testng.SuiteRunner.run(SuiteRunner.java:312)
at org.testng.SuiteRunnerWorker.runSuite(SuiteRunnerWorker.java:52)
at org.testng.SuiteRunnerWorker.run(SuiteRunnerWorker.java:95)
at org.testng.TestNG.runSuitesSequentially(TestNG.java:1274)
at org.testng.TestNG.runSuitesLocally(TestNG.java:1208)
at org.testng.TestNG.runSuites(TestNG.java:1112)
at org.testng.TestNG.run(TestNG.java:1079)
at org.apache.maven.surefire.testng.TestNGExecutor.run(TestNGExecutor.java:308)
at org.apache.maven.surefire.testng.TestNGXmlTestSuite.execute(TestNGXmlTestSuite.java:71)
at org.apache.maven.surefire.testng.TestNGProvider.invoke(TestNGProvider.java:113)
at org.apache.maven.surefire.booter.ForkedBooter.runSuitesInProcess(ForkedBooter.java:385)
at org.apache.maven.surefire.booter.ForkedBooter.execute(ForkedBooter.java:162)
at org.apache.maven.surefire.booter.ForkedBooter.run(ForkedBooter.java:507)
at org.apache.maven.surefire.booter.ForkedBooter.main(ForkedBooter.java:495)
]]>
            </full-stacktrace>
          </exception> <!-- java.lang.AssertionError -->
          <reporter-output>
          </reporter-output>
        </test-method> <!-- testPositiveUnitFilter -->
        <test-method is-config="true" signature="teardown()[pri:0, instance:com.juaracoding.tajuaracoding.laporan.SemuaTest@128d2484]" started-at="2025-08-27T07:06:59 WIB" name="teardown" finished-at="2025-08-27T07:07:01 WIB" duration-ms="2293" status="PASS">
          <reporter-output>
          </reporter-output>
        </test-method> <!-- teardown -->
        <test-method is-config="true" signature="setup(java.lang.String,java.lang.String,java.lang.String)[pri:0, instance:com.juaracoding.tajuaracoding.laporan.SemuaTest@128d2484]" started-at="2025-08-27T07:07:01 WIB" name="setup" finished-at="2025-08-27T07:07:06 WIB" duration-ms="4224" status="PASS">
          <params>
            <param index="0">
              <value>
                <![CDATA[https://magang.dikahadir.com/authentication/login]]>
              </value>
            </param>
            <param index="1">
              <value>
                <![CDATA[admin@hadir.com]]>
              </value>
            </param>
            <param index="2">
              <value>
                <![CDATA[MagangSQA_JC@123]]>
              </value>
            </param>
          </params>
          <reporter-output>
          </reporter-output>
        </test-method> <!-- setup -->
        <test-method signature="testNegativeUnitFilter()[pri:7, instance:com.juaracoding.tajuaracoding.laporan.SemuaTest@128d2484]" started-at="2025-08-27T07:07:06 WIB" name="testNegativeUnitFilter" finished-at="2025-08-27T07:07:15 WIB" duration-ms="9667" status="FAIL">
          <exception class="java.lang.AssertionError">
            <message>
              <![CDATA[Expected no data for unit: UnitNihil expected [false] but found [true]]]>
            </message>
            <full-stacktrace>
              <![CDATA[java.lang.AssertionError: Expected no data for unit: UnitNihil expected [false] but found [true]
at org.testng.Assert.fail(Assert.java:111)
at org.testng.Assert.failNotEquals(Assert.java:1590)
at org.testng.Assert.assertFalse(Assert.java:79)
at com.juaracoding.tajuaracoding.pages.actions.UnitFilterAction.execute(UnitFilterAction.java:74)
at com.juaracoding.tajuaracoding.pages.actions.CompositeActionBuilder.execute(CompositeActionBuilder.java:110)
at com.juaracoding.tajuaracoding.laporan.SemuaTest.testNegativeUnitFilter(SemuaTest.java:65)
at java.base/jdk.internal.reflect.DirectMethodHandleAccessor.invoke(DirectMethodHandleAccessor.java:103)
at java.base/java.lang.reflect.Method.invoke(Method.java:580)
at org.testng.internal.invokers.MethodInvocationHelper.invokeMethod(MethodInvocationHelper.java:141)
at org.testng.internal.invokers.TestInvoker.invokeMethod(TestInvoker.java:687)
at org.testng.internal.invokers.TestInvoker.invokeTestMethod(TestInvoker.java:230)
at org.testng.internal.invokers.MethodRunner.runInSequence(MethodRunner.java:63)
at org.testng.internal.invokers.TestInvoker$MethodInvocationAgent.invoke(TestInvoker.java:995)
at org.testng.internal.invokers.TestInvoker.invokeTestMethods(TestInvoker.java:203)
at org.testng.internal.invokers.TestMethodWorker.invokeTestMethods(TestMethodWorker.java:154)
at org.testng.internal.invokers.TestMethodWorker.run(TestMethodWorker.java:134)
at java.base/java.util.ArrayList.forEach(ArrayList.java:1596)
at org.testng.TestRunner.privateRun(TestRunner.java:741)
at org.testng.TestRunner.run(TestRunner.java:616)
at org.testng.SuiteRunner.runTest(SuiteRunner.java:421)
at org.testng.SuiteRunner.runSequentially(SuiteRunner.java:413)
at org.testng.SuiteRunner.privateRun(SuiteRunner.java:373)
at org.testng.SuiteRunner.run(SuiteRunner.java:312)
at org.testng.SuiteRunnerWorker.runSuite(SuiteRunnerWorker.java:52)
at org.testng.SuiteRunnerWorker.run(SuiteRunnerWorker.java:95)
at org.testng.TestNG.runSuitesSequentially(TestNG.java:1274)
at org.testng.TestNG.runSuitesLocally(TestNG.java:1208)
at org.testng.TestNG.runSuites(TestNG.java:1112)
at org.testng.TestNG.run(TestNG.java:1079)
at org.apache.maven.surefire.testng.TestNGExecutor.run(TestNGExecutor.java:308)
at org.apache.maven.surefire.testng.TestNGXmlTestSuite.execute(TestNGXmlTestSuite.java:71)
at org.apache.maven.surefire.testng.TestNGProvider.invoke(TestNGProvider.java:113)
at org.apache.maven.surefire.booter.ForkedBooter.runSuitesInProcess(ForkedBooter.java:385)
at org.apache.maven.surefire.booter.ForkedBooter.execute(ForkedBooter.java:162)
at org.apache.maven.surefire.booter.ForkedBooter.run(ForkedBooter.java:507)
at org.apache.maven.surefire.booter.ForkedBooter.main(ForkedBooter.java:495)
]]>
            </full-stacktrace>
          </exception> <!-- java.lang.AssertionError -->
          <reporter-output>
          </reporter-output>
        </test-method> <!-- testNegativeUnitFilter -->
        <test-method is-config="true" signature="teardown()[pri:0, instance:com.juaracoding.tajuaracoding.laporan.SemuaTest@128d2484]" started-at="2025-08-27T07:07:15 WIB" name="teardown" finished-at="2025-08-27T07:07:18 WIB" duration-ms="2293" status="PASS">
          <reporter-output>
          </reporter-output>
        </test-method> <!-- teardown -->
        <test-method is-config="true" signature="setup(java.lang.String,java.lang.String,java.lang.String)[pri:0, instance:com.juaracoding.tajuaracoding.laporan.SemuaTest@128d2484]" started-at="2025-08-27T07:07:18 WIB" name="setup" finished-at="2025-08-27T07:07:22 WIB" duration-ms="4320" status="PASS">
          <params>
            <param index="0">
              <value>
                <![CDATA[https://magang.dikahadir.com/authentication/login]]>
              </value>
            </param>
            <param index="1">
              <value>
                <![CDATA[admin@hadir.com]]>
              </value>
            </param>
            <param index="2">
              <value>
                <![CDATA[MagangSQA_JC@123]]>
              </value>
            </param>
          </params>
          <reporter-output>
          </reporter-output>
        </test-method> <!-- setup -->
        <test-method signature="testPositiveUnitFilterWithDateRangeFilter()[pri:8, instance:com.juaracoding.tajuaracoding.laporan.SemuaTest@128d2484]" started-at="2025-08-27T07:07:22 WIB" name="testPositiveUnitFilterWithDateRangeFilter" finished-at="2025-08-27T07:07:35 WIB" duration-ms="12727" status="FAIL">
          <exception class="java.lang.AssertionError">
            <message>
              <![CDATA[Expected to find data for unit: Sysmex expected [true] but found [false]]]>
            </message>
            <full-stacktrace>
              <![CDATA[java.lang.AssertionError: Expected to find data for unit: Sysmex expected [true] but found [false]
at org.testng.Assert.fail(Assert.java:111)
at org.testng.Assert.failNotEquals(Assert.java:1590)
at org.testng.Assert.assertTrue(Assert.java:57)
at com.juaracoding.tajuaracoding.pages.actions.UnitFilterAction.execute(UnitFilterAction.java:67)
at com.juaracoding.tajuaracoding.pages.actions.CompositeActionBuilder.execute(CompositeActionBuilder.java:110)
at com.juaracoding.tajuaracoding.laporan.SemuaTest.testPositiveUnitFilterWithDateRangeFilter(SemuaTest.java:75)
at java.base/jdk.internal.reflect.DirectMethodHandleAccessor.invoke(DirectMethodHandleAccessor.java:103)
at java.base/java.lang.reflect.Method.invoke(Method.java:580)
at org.testng.internal.invokers.MethodInvocationHelper.invokeMethod(MethodInvocationHelper.java:141)
at org.testng.internal.invokers.TestInvoker.invokeMethod(TestInvoker.java:687)
at org.testng.internal.invokers.TestInvoker.invokeTestMethod(TestInvoker.java:230)
at org.testng.internal.invokers.MethodRunner.runInSequence(MethodRunner.java:63)
at org.testng.internal.invokers.TestInvoker$MethodInvocationAgent.invoke(TestInvoker.java:995)
at org.testng.internal.invokers.TestInvoker.invokeTestMethods(TestInvoker.java:203)
at org.testng.internal.invokers.TestMethodWorker.invokeTestMethods(TestMethodWorker.java:154)
at org.testng.internal.invokers.TestMethodWorker.run(TestMethodWorker.java:134)
at java.base/java.util.ArrayList.forEach(ArrayList.java:1596)
at org.testng.TestRunner.privateRun(TestRunner.java:741)
at org.testng.TestRunner.run(TestRunner.java:616)
at org.testng.SuiteRunner.runTest(SuiteRunner.java:421)
at org.testng.SuiteRunner.runSequentially(SuiteRunner.java:413)
at org.testng.SuiteRunner.privateRun(SuiteRunner.java:373)
at org.testng.SuiteRunner.run(SuiteRunner.java:312)
at org.testng.SuiteRunnerWorker.runSuite(SuiteRunnerWorker.java:52)
at org.testng.SuiteRunnerWorker.run(SuiteRunnerWorker.java:95)
at org.testng.TestNG.runSuitesSequentially(TestNG.java:1274)
at org.testng.TestNG.runSuitesLocally(TestNG.java:1208)
at org.testng.TestNG.runSuites(TestNG.java:1112)
at org.testng.TestNG.run(TestNG.java:1079)
at org.apache.maven.surefire.testng.TestNGExecutor.run(TestNGExecutor.java:308)
at org.apache.maven.surefire.testng.TestNGXmlTestSuite.execute(TestNGXmlTestSuite.java:71)
at org.apache.maven.surefire.testng.TestNGProvider.invoke(TestNGProvider.java:113)
at org.apache.maven.surefire.booter.ForkedBooter.runSuitesInProcess(ForkedBooter.java:385)
at org.apache.maven.surefire.booter.ForkedBooter.execute(ForkedBooter.java:162)
at org.apache.maven.surefire.booter.ForkedBooter.run(ForkedBooter.java:507)
at org.apache.maven.surefire.booter.ForkedBooter.main(ForkedBooter.java:495)
]]>
            </full-stacktrace>
          </exception> <!-- java.lang.AssertionError -->
          <reporter-output>
          </reporter-output>
        </test-method> <!-- testPositiveUnitFilterWithDateRangeFilter -->
        <test-method is-config="true" signature="teardown()[pri:0, instance:com.juaracoding.tajuaracoding.laporan.SemuaTest@128d2484]" started-at="2025-08-27T07:07:35 WIB" name="teardown" finished-at="2025-08-27T07:07:37 WIB" duration-ms="2273" status="PASS">
          <reporter-output>
          </reporter-output>
        </test-method> <!-- teardown -->
        <test-method is-config="true" signature="setup(java.lang.String,java.lang.String,java.lang.String)[pri:0, instance:com.juaracoding.tajuaracoding.laporan.SemuaTest@128d2484]" started-at="2025-08-27T07:07:37 WIB" name="setup" finished-at="2025-08-27T07:07:41 WIB" duration-ms="4166" status="PASS">
          <params>
            <param index="0">
              <value>
                <![CDATA[https://magang.dikahadir.com/authentication/login]]>
              </value>
            </param>
            <param index="1">
              <value>
                <![CDATA[admin@hadir.com]]>
              </value>
            </param>
            <param index="2">
              <value>
                <![CDATA[MagangSQA_JC@123]]>
              </value>
            </param>
          </params>
          <reporter-output>
          </reporter-output>
        </test-method> <!-- setup -->
        <test-method signature="testCombinationFilter()[pri:9, instance:com.juaracoding.tajuaracoding.laporan.SemuaTest@128d2484]" started-at="2025-08-27T07:07:41 WIB" name="testCombinationFilter" finished-at="2025-08-27T07:07:56 WIB" duration-ms="14822" status="FAIL">
          <exception class="java.lang.AssertionError">
            <message>
              <![CDATA[Row doesn't contain unit Sysmex: SDT
SPV Dark Tomcat
Bank Neo Commerce
07 Mar 1994
09:37:03
07 Mar 1994
18:12:05
Alamat tidak ditemukan
Alamat tidak ditemukan
Work From Office
-
- expected [true] but found [false]]]>
            </message>
            <full-stacktrace>
              <![CDATA[java.lang.AssertionError: Row doesn't contain unit Sysmex: SDT
SPV Dark Tomcat
Bank Neo Commerce
07 Mar 1994
09:37:03
07 Mar 1994
18:12:05
Alamat tidak ditemukan
Alamat tidak ditemukan
Work From Office
-
- expected [true] but found [false]
at org.testng.Assert.fail(Assert.java:111)
at org.testng.Assert.failNotEquals(Assert.java:1590)
at org.testng.Assert.assertTrue(Assert.java:57)
at com.juaracoding.tajuaracoding.pages.actions.UnitFilterAction.execute(UnitFilterAction.java:70)
at com.juaracoding.tajuaracoding.pages.actions.CompositeActionBuilder.execute(CompositeActionBuilder.java:110)
at com.juaracoding.tajuaracoding.laporan.SemuaTest.testCombinationFilter(SemuaTest.java:87)
at java.base/jdk.internal.reflect.DirectMethodHandleAccessor.invoke(DirectMethodHandleAccessor.java:103)
at java.base/java.lang.reflect.Method.invoke(Method.java:580)
at org.testng.internal.invokers.MethodInvocationHelper.invokeMethod(MethodInvocationHelper.java:141)
at org.testng.internal.invokers.TestInvoker.invokeMethod(TestInvoker.java:687)
at org.testng.internal.invokers.TestInvoker.invokeTestMethod(TestInvoker.java:230)
at org.testng.internal.invokers.MethodRunner.runInSequence(MethodRunner.java:63)
at org.testng.internal.invokers.TestInvoker$MethodInvocationAgent.invoke(TestInvoker.java:995)
at org.testng.internal.invokers.TestInvoker.invokeTestMethods(TestInvoker.java:203)
at org.testng.internal.invokers.TestMethodWorker.invokeTestMethods(TestMethodWorker.java:154)
at org.testng.internal.invokers.TestMethodWorker.run(TestMethodWorker.java:134)
at java.base/java.util.ArrayList.forEach(ArrayList.java:1596)
at org.testng.TestRunner.privateRun(TestRunner.java:741)
at org.testng.TestRunner.run(TestRunner.java:616)
at org.testng.SuiteRunner.runTest(SuiteRunner.java:421)
at org.testng.SuiteRunner.runSequentially(SuiteRunner.java:413)
at org.testng.SuiteRunner.privateRun(SuiteRunner.java:373)
at org.testng.SuiteRunner.run(SuiteRunner.java:312)
at org.testng.SuiteRunnerWorker.runSuite(SuiteRunnerWorker.java:52)
at org.testng.SuiteRunnerWorker.run(SuiteRunnerWorker.java:95)
at org.testng.TestNG.runSuitesSequentially(TestNG.java:1274)
at org.testng.TestNG.runSuitesLocally(TestNG.java:1208)
at org.testng.TestNG.runSuites(TestNG.java:1112)
at org.testng.TestNG.run(TestNG.java:1079)
at org.apache.maven.surefire.testng.TestNGExecutor.run(TestNGExecutor.java:308)
at org.apache.maven.surefire.testng.TestNGXmlTestSuite.execute(TestNGXmlTestSuite.java:71)
at org.apache.maven.surefire.testng.TestNGProvider.invoke(TestNGProvider.java:113)
at org.apache.maven.surefire.booter.ForkedBooter.runSuitesInProcess(ForkedBooter.java:385)
at org.apache.maven.surefire.booter.ForkedBooter.execute(ForkedBooter.java:162)
at org.apache.maven.surefire.booter.ForkedBooter.run(ForkedBooter.java:507)
at org.apache.maven.surefire.booter.ForkedBooter.main(ForkedBooter.java:495)
]]>
            </full-stacktrace>
          </exception> <!-- java.lang.AssertionError -->
          <reporter-output>
          </reporter-output>
        </test-method> <!-- testCombinationFilter -->
        <test-method is-config="true" signature="teardown()[pri:0, instance:com.juaracoding.tajuaracoding.laporan.SemuaTest@128d2484]" started-at="2025-08-27T07:07:56 WIB" name="teardown" finished-at="2025-08-27T07:07:58 WIB" duration-ms="2140" status="PASS">
          <reporter-output>
          </reporter-output>
        </test-method> <!-- teardown -->
        <test-method is-config="true" signature="setup(java.lang.String,java.lang.String,java.lang.String)[pri:0, instance:com.juaracoding.tajuaracoding.laporan.SemuaTest@128d2484]" started-at="2025-08-27T07:07:58 WIB" name="setup" finished-at="2025-08-27T07:08:04 WIB" duration-ms="5419" status="PASS">
          <params>
            <param index="0">
              <value>
                <![CDATA[https://magang.dikahadir.com/authentication/login]]>
              </value>
            </param>
            <param index="1">
              <value>
                <![CDATA[admin@hadir.com]]>
              </value>
            </param>
            <param index="2">
              <value>
                <![CDATA[MagangSQA_JC@123]]>
              </value>
            </param>
          </params>
          <reporter-output>
          </reporter-output>
        </test-method> <!-- setup -->
        <test-method signature="testResetAllFilters()[pri:10, instance:com.juaracoding.tajuaracoding.laporan.SemuaTest@128d2484]" started-at="2025-08-27T07:08:04 WIB" name="testResetAllFilters" finished-at="2025-08-27T07:08:24 WIB" duration-ms="20744" status="PASS">
          <reporter-output>
          </reporter-output>
        </test-method> <!-- testResetAllFilters -->
        <test-method is-config="true" signature="teardown()[pri:0, instance:com.juaracoding.tajuaracoding.laporan.SemuaTest@128d2484]" started-at="2025-08-27T07:08:24 WIB" name="teardown" finished-at="2025-08-27T07:08:27 WIB" duration-ms="2240" status="PASS">
          <reporter-output>
          </reporter-output>
        </test-method> <!-- teardown -->
        <test-method is-config="true" signature="setup(java.lang.String,java.lang.String,java.lang.String)[pri:0, instance:com.juaracoding.tajuaracoding.laporan.SemuaTest@128d2484]" started-at="2025-08-27T07:08:27 WIB" name="setup" finished-at="2025-08-27T07:08:32 WIB" duration-ms="5971" status="PASS">
          <params>
            <param index="0">
              <value>
                <![CDATA[https://magang.dikahadir.com/authentication/login]]>
              </value>
            </param>
            <param index="1">
              <value>
                <![CDATA[admin@hadir.com]]>
              </value>
            </param>
            <param index="2">
              <value>
                <![CDATA[MagangSQA_JC@123]]>
              </value>
            </param>
          </params>
          <reporter-output>
          </reporter-output>
        </test-method> <!-- setup -->
        <test-method signature="testStatusCheck()[pri:11, instance:com.juaracoding.tajuaracoding.laporan.SemuaTest@128d2484]" started-at="2025-08-27T07:08:32 WIB" name="testStatusCheck" finished-at="2025-08-27T07:08:48 WIB" duration-ms="15951" status="FAIL">
          <exception class="java.lang.AssertionError">
            <message>
              <![CDATA[Tidak semua status ditemukan. Found: [], Expected: [sakit, cuti, lembur] expected [true] but found [false]]]>
            </message>
            <full-stacktrace>
              <![CDATA[java.lang.AssertionError: Tidak semua status ditemukan. Found: [], Expected: [sakit, cuti, lembur] expected [true] but found [false]
at org.testng.Assert.fail(Assert.java:111)
at org.testng.Assert.failNotEquals(Assert.java:1590)
at org.testng.Assert.assertTrue(Assert.java:57)
at com.juaracoding.tajuaracoding.pages.actions.StatusCheckAction.execute(StatusCheckAction.java:71)
at com.juaracoding.tajuaracoding.pages.actions.CompositeActionBuilder.execute(CompositeActionBuilder.java:110)
at com.juaracoding.tajuaracoding.laporan.SemuaTest.testStatusCheck(SemuaTest.java:110)
at java.base/jdk.internal.reflect.DirectMethodHandleAccessor.invoke(DirectMethodHandleAccessor.java:103)
at java.base/java.lang.reflect.Method.invoke(Method.java:580)
at org.testng.internal.invokers.MethodInvocationHelper.invokeMethod(MethodInvocationHelper.java:141)
at org.testng.internal.invokers.TestInvoker.invokeMethod(TestInvoker.java:687)
at org.testng.internal.invokers.TestInvoker.invokeTestMethod(TestInvoker.java:230)
at org.testng.internal.invokers.MethodRunner.runInSequence(MethodRunner.java:63)
at org.testng.internal.invokers.TestInvoker$MethodInvocationAgent.invoke(TestInvoker.java:995)
at org.testng.internal.invokers.TestInvoker.invokeTestMethods(TestInvoker.java:203)
at org.testng.internal.invokers.TestMethodWorker.invokeTestMethods(TestMethodWorker.java:154)
at org.testng.internal.invokers.TestMethodWorker.run(TestMethodWorker.java:134)
at java.base/java.util.ArrayList.forEach(ArrayList.java:1596)
at org.testng.TestRunner.privateRun(TestRunner.java:741)
at org.testng.TestRunner.run(TestRunner.java:616)
at org.testng.SuiteRunner.runTest(SuiteRunner.java:421)
at org.testng.SuiteRunner.runSequentially(SuiteRunner.java:413)
at org.testng.SuiteRunner.privateRun(SuiteRunner.java:373)
at org.testng.SuiteRunner.run(SuiteRunner.java:312)
at org.testng.SuiteRunnerWorker.runSuite(SuiteRunnerWorker.java:52)
at org.testng.SuiteRunnerWorker.run(SuiteRunnerWorker.java:95)
at org.testng.TestNG.runSuitesSequentially(TestNG.java:1274)
at org.testng.TestNG.runSuitesLocally(TestNG.java:1208)
at org.testng.TestNG.runSuites(TestNG.java:1112)
at org.testng.TestNG.run(TestNG.java:1079)
at org.apache.maven.surefire.testng.TestNGExecutor.run(TestNGExecutor.java:308)
at org.apache.maven.surefire.testng.TestNGXmlTestSuite.execute(TestNGXmlTestSuite.java:71)
at org.apache.maven.surefire.testng.TestNGProvider.invoke(TestNGProvider.java:113)
at org.apache.maven.surefire.booter.ForkedBooter.runSuitesInProcess(ForkedBooter.java:385)
at org.apache.maven.surefire.booter.ForkedBooter.execute(ForkedBooter.java:162)
at org.apache.maven.surefire.booter.ForkedBooter.run(ForkedBooter.java:507)
at org.apache.maven.surefire.booter.ForkedBooter.main(ForkedBooter.java:495)
]]>
            </full-stacktrace>
          </exception> <!-- java.lang.AssertionError -->
          <reporter-output>
          </reporter-output>
        </test-method> <!-- testStatusCheck -->
        <test-method is-config="true" signature="teardown()[pri:0, instance:com.juaracoding.tajuaracoding.laporan.SemuaTest@128d2484]" started-at="2025-08-27T07:08:48 WIB" name="teardown" finished-at="2025-08-27T07:08:51 WIB" duration-ms="2555" status="PASS">
          <reporter-output>
          </reporter-output>
        </test-method> <!-- teardown -->
      </class> <!-- com.juaracoding.tajuaracoding.laporan.SemuaTest -->
    </test> <!-- Laporan Tests -->
    <test started-at="2025-08-27T07:08:51 WIB" name="Dashboard Tests" finished-at="2025-08-27T07:08:51 WIB" duration-ms="0">
    </test> <!-- Dashboard Tests -->
  </suite> <!-- Hadir -->
</testng-results>
